[2026-05-25T10:15:07.844+0000] {taskinstance.py:1956} INFO - Dependencies all met for dep_context=non-requeueable deps ti=<TaskInstance: standard_python_dag.run_python_code scheduled__2026-05-24T00:00:00+00:00 [queued]>
[2026-05-25T10:15:07.874+0000] {taskinstance.py:1956} INFO - Dependencies all met for dep_context=requeueable deps ti=<TaskInstance: standard_python_dag.run_python_code scheduled__2026-05-24T00:00:00+00:00 [queued]>
[2026-05-25T10:15:07.875+0000] {taskinstance.py:2170} INFO - Starting attempt 1 of 2
[2026-05-25T10:15:07.948+0000] {taskinstance.py:2191} INFO - Executing <Task(PythonOperator): run_python_code> on 2026-05-24 00:00:00+00:00
[2026-05-25T10:15:07.965+0000] {standard_task_runner.py:60} INFO - Started process 724 to run task
[2026-05-25T10:15:07.981+0000] {standard_task_runner.py:87} INFO - Running: ['airflow', 'tasks', 'run', 'standard_python_dag', 'run_python_code', 'scheduled__2026-05-24T00:00:00+00:00', '--job-id', '22', '--raw', '--subdir', 'DAGS_FOLDER/python_dag.py', '--cfg-path', '/tmp/tmp4i3ec_fj']
[2026-05-25T10:15:07.987+0000] {standard_task_runner.py:88} INFO - Job 22: Subtask run_python_code
[2026-05-25T10:15:08.193+0000] {task_command.py:423} INFO - Running <TaskInstance: standard_python_dag.run_python_code scheduled__2026-05-24T00:00:00+00:00 [running]> on host b9e4505a8609
[2026-05-25T10:15:08.466+0000] {taskinstance.py:2480} INFO - Exporting env vars: AIRFLOW_CTX_DAG_OWNER='data_engineering_team' AIRFLOW_CTX_DAG_ID='standard_python_dag' AIRFLOW_CTX_TASK_ID='run_python_code' AIRFLOW_CTX_EXECUTION_DATE='2026-05-24T00:00:00+00:00' AIRFLOW_CTX_TRY_NUMBER='1' AIRFLOW_CTX_DAG_RUN_ID='scheduled__2026-05-24T00:00:00+00:00'
[2026-05-25T10:15:08.470+0000] {logging_mixin.py:188} INFO - Starting the Python task...
[2026-05-25T10:15:12.576+0000] {logging_mixin.py:188} INFO - Executing standard Python code inside Airflow!
[2026-05-25T10:15:12.632+0000] {python.py:201} INFO - Done. Returned value was: Task completed successfully
[2026-05-25T10:15:13.046+0000] {taskinstance.py:1138} INFO - Marking task as SUCCESS. dag_id=standard_python_dag, task_id=run_python_code, execution_date=20260524T000000, start_date=20260525T101507, end_date=20260525T101513
[2026-05-25T10:15:13.192+0000] {local_task_job_runner.py:234} INFO - Task exited with return code 0
[2026-05-25T10:15:13.252+0000] {taskinstance.py:3280} INFO - 0 downstream tasks scheduled from follow-on schedule check
[2026-05-25T12:24:58.075+0000] {taskinstance.py:1956} INFO - Dependencies all met for dep_context=non-requeueable deps ti=<TaskInstance: standard_python_dag.run_python_code scheduled__2026-05-24T00:00:00+00:00 [queued]>
[2026-05-25T12:24:58.157+0000] {taskinstance.py:1956} INFO - Dependencies all met for dep_context=requeueable deps ti=<TaskInstance: standard_python_dag.run_python_code scheduled__2026-05-24T00:00:00+00:00 [queued]>
[2026-05-25T12:24:58.158+0000] {taskinstance.py:2170} INFO - Starting attempt 1 of 2
[2026-05-25T12:24:58.567+0000] {taskinstance.py:2191} INFO - Executing <Task(PythonOperator): run_python_code> on 2026-05-24 00:00:00+00:00
[2026-05-25T12:24:58.595+0000] {standard_task_runner.py:60} INFO - Started process 224 to run task
[2026-05-25T12:24:58.617+0000] {standard_task_runner.py:87} INFO - Running: ['airflow', 'tasks', 'run', 'standard_python_dag', 'run_python_code', 'scheduled__2026-05-24T00:00:00+00:00', '--job-id', '28', '--raw', '--subdir', 'DAGS_FOLDER/python_dag.py', '--cfg-path', '/tmp/tmp69itg57e']
[2026-05-25T12:24:58.634+0000] {standard_task_runner.py:88} INFO - Job 28: Subtask run_python_code
[2026-05-25T12:24:59.543+0000] {task_command.py:423} INFO - Running <TaskInstance: standard_python_dag.run_python_code scheduled__2026-05-24T00:00:00+00:00 [running]> on host b6d873eaa11f
[2026-05-25T12:25:01.246+0000] {taskinstance.py:2480} INFO - Exporting env vars: AIRFLOW_CTX_DAG_OWNER='data_engineering_team' AIRFLOW_CTX_DAG_ID='standard_python_dag' AIRFLOW_CTX_TASK_ID='run_python_code' AIRFLOW_CTX_EXECUTION_DATE='2026-05-24T00:00:00+00:00' AIRFLOW_CTX_TRY_NUMBER='1' AIRFLOW_CTX_DAG_RUN_ID='scheduled__2026-05-24T00:00:00+00:00'
[2026-05-25T12:25:01.251+0000] {logging_mixin.py:188} INFO - Starting the Python task...
[2026-05-25T12:25:03.257+0000] {logging_mixin.py:188} INFO - Executing standard Python code inside Airflow!
[2026-05-25T12:25:03.271+0000] {python.py:201} INFO - Done. Returned value was: Task completed successfully
[2026-05-25T12:25:03.900+0000] {taskinstance.py:1138} INFO - Marking task as SUCCESS. dag_id=standard_python_dag, task_id=run_python_code, execution_date=20260524T000000, start_date=20260525T122458, end_date=20260525T122503
[2026-05-25T12:25:04.360+0000] {local_task_job_runner.py:234} INFO - Task exited with return code 0
[2026-05-25T12:25:04.522+0000] {taskinstance.py:3280} INFO - 0 downstream tasks scheduled from follow-on schedule check
