[2026-05-25T08:47:43.082+0000] {processor.py:161} INFO - Started process (PID=379) to work on /home/airflow/.local/lib/python3.8/site-packages/airflow/example_dags/example_xcom.py
[2026-05-25T08:47:43.085+0000] {processor.py:830} INFO - Processing file /home/airflow/.local/lib/python3.8/site-packages/airflow/example_dags/example_xcom.py for tasks to queue
[2026-05-25T08:47:43.088+0000] {logging_mixin.py:188} INFO - [2026-05-25T08:47:43.087+0000] {dagbag.py:538} INFO - Filling up the DagBag from /home/airflow/.local/lib/python3.8/site-packages/airflow/example_dags/example_xcom.py
[2026-05-25T08:47:43.112+0000] {processor.py:840} INFO - DAG(s) 'example_xcom' retrieved from /home/airflow/.local/lib/python3.8/site-packages/airflow/example_dags/example_xcom.py
[2026-05-25T08:47:43.412+0000] {logging_mixin.py:188} INFO - [2026-05-25T08:47:43.411+0000] {dag.py:3036} INFO - Sync 1 DAGs
[2026-05-25T08:47:43.480+0000] {logging_mixin.py:188} INFO - [2026-05-25T08:47:43.479+0000] {dag.py:3823} INFO - Setting next_dagrun for example_xcom to 2021-01-01 00:00:00+00:00, run_after=2021-01-01 00:00:00+00:00
[2026-05-25T08:47:43.560+0000] {processor.py:183} INFO - Processing /home/airflow/.local/lib/python3.8/site-packages/airflow/example_dags/example_xcom.py took 0.492 seconds
[2026-05-25T08:48:14.422+0000] {processor.py:161} INFO - Started process (PID=627) to work on /home/airflow/.local/lib/python3.8/site-packages/airflow/example_dags/example_xcom.py
[2026-05-25T08:48:14.424+0000] {processor.py:830} INFO - Processing file /home/airflow/.local/lib/python3.8/site-packages/airflow/example_dags/example_xcom.py for tasks to queue
[2026-05-25T08:48:14.426+0000] {logging_mixin.py:188} INFO - [2026-05-25T08:48:14.425+0000] {dagbag.py:538} INFO - Filling up the DagBag from /home/airflow/.local/lib/python3.8/site-packages/airflow/example_dags/example_xcom.py
[2026-05-25T08:48:14.445+0000] {processor.py:840} INFO - DAG(s) 'example_xcom' retrieved from /home/airflow/.local/lib/python3.8/site-packages/airflow/example_dags/example_xcom.py
[2026-05-25T08:48:14.481+0000] {logging_mixin.py:188} INFO - [2026-05-25T08:48:14.481+0000] {dag.py:3036} INFO - Sync 1 DAGs
[2026-05-25T08:48:14.575+0000] {logging_mixin.py:188} INFO - [2026-05-25T08:48:14.575+0000] {dag.py:3823} INFO - Setting next_dagrun for example_xcom to 2021-01-01 00:00:00+00:00, run_after=2021-01-01 00:00:00+00:00
[2026-05-25T08:48:14.697+0000] {processor.py:183} INFO - Processing /home/airflow/.local/lib/python3.8/site-packages/airflow/example_dags/example_xcom.py took 0.282 seconds
[2026-05-25T08:48:47.260+0000] {processor.py:161} INFO - Started process (PID=871) to work on /home/airflow/.local/lib/python3.8/site-packages/airflow/example_dags/example_xcom.py
[2026-05-25T08:48:47.262+0000] {processor.py:830} INFO - Processing file /home/airflow/.local/lib/python3.8/site-packages/airflow/example_dags/example_xcom.py for tasks to queue
[2026-05-25T08:48:47.268+0000] {logging_mixin.py:188} INFO - [2026-05-25T08:48:47.267+0000] {dagbag.py:538} INFO - Filling up the DagBag from /home/airflow/.local/lib/python3.8/site-packages/airflow/example_dags/example_xcom.py
[2026-05-25T08:48:47.288+0000] {processor.py:840} INFO - DAG(s) 'example_xcom' retrieved from /home/airflow/.local/lib/python3.8/site-packages/airflow/example_dags/example_xcom.py
[2026-05-25T08:48:47.645+0000] {logging_mixin.py:188} INFO - [2026-05-25T08:48:47.644+0000] {dag.py:3036} INFO - Sync 1 DAGs
[2026-05-25T08:48:47.698+0000] {logging_mixin.py:188} INFO - [2026-05-25T08:48:47.697+0000] {dag.py:3823} INFO - Setting next_dagrun for example_xcom to 2021-01-01 00:00:00+00:00, run_after=2021-01-01 00:00:00+00:00
[2026-05-25T08:48:47.757+0000] {processor.py:183} INFO - Processing /home/airflow/.local/lib/python3.8/site-packages/airflow/example_dags/example_xcom.py took 0.506 seconds
[2026-05-25T08:49:21.534+0000] {processor.py:161} INFO - Started process (PID=1119) to work on /home/airflow/.local/lib/python3.8/site-packages/airflow/example_dags/example_xcom.py
[2026-05-25T08:49:21.537+0000] {processor.py:830} INFO - Processing file /home/airflow/.local/lib/python3.8/site-packages/airflow/example_dags/example_xcom.py for tasks to queue
[2026-05-25T08:49:21.540+0000] {logging_mixin.py:188} INFO - [2026-05-25T08:49:21.539+0000] {dagbag.py:538} INFO - Filling up the DagBag from /home/airflow/.local/lib/python3.8/site-packages/airflow/example_dags/example_xcom.py
[2026-05-25T08:49:21.576+0000] {processor.py:840} INFO - DAG(s) 'example_xcom' retrieved from /home/airflow/.local/lib/python3.8/site-packages/airflow/example_dags/example_xcom.py
[2026-05-25T08:49:21.674+0000] {logging_mixin.py:188} INFO - [2026-05-25T08:49:21.673+0000] {dag.py:3036} INFO - Sync 1 DAGs
[2026-05-25T08:49:21.742+0000] {logging_mixin.py:188} INFO - [2026-05-25T08:49:21.741+0000] {dag.py:3823} INFO - Setting next_dagrun for example_xcom to 2021-01-01 00:00:00+00:00, run_after=2021-01-01 00:00:00+00:00
[2026-05-25T08:49:22.010+0000] {processor.py:183} INFO - Processing /home/airflow/.local/lib/python3.8/site-packages/airflow/example_dags/example_xcom.py took 0.487 seconds
[2026-05-25T08:49:56.765+0000] {processor.py:161} INFO - Started process (PID=1378) to work on /home/airflow/.local/lib/python3.8/site-packages/airflow/example_dags/example_xcom.py
[2026-05-25T08:49:56.768+0000] {processor.py:830} INFO - Processing file /home/airflow/.local/lib/python3.8/site-packages/airflow/example_dags/example_xcom.py for tasks to queue
[2026-05-25T08:49:56.771+0000] {logging_mixin.py:188} INFO - [2026-05-25T08:49:56.770+0000] {dagbag.py:538} INFO - Filling up the DagBag from /home/airflow/.local/lib/python3.8/site-packages/airflow/example_dags/example_xcom.py
[2026-05-25T08:49:56.798+0000] {processor.py:840} INFO - DAG(s) 'example_xcom' retrieved from /home/airflow/.local/lib/python3.8/site-packages/airflow/example_dags/example_xcom.py
[2026-05-25T08:49:56.865+0000] {logging_mixin.py:188} INFO - [2026-05-25T08:49:56.864+0000] {dag.py:3036} INFO - Sync 1 DAGs
[2026-05-25T08:49:56.919+0000] {logging_mixin.py:188} INFO - [2026-05-25T08:49:56.919+0000] {dag.py:3823} INFO - Setting next_dagrun for example_xcom to 2021-01-01 00:00:00+00:00, run_after=2021-01-01 00:00:00+00:00
[2026-05-25T08:49:56.970+0000] {processor.py:183} INFO - Processing /home/airflow/.local/lib/python3.8/site-packages/airflow/example_dags/example_xcom.py took 0.219 seconds
[2026-05-25T08:50:30.963+0000] {processor.py:161} INFO - Started process (PID=1634) to work on /home/airflow/.local/lib/python3.8/site-packages/airflow/example_dags/example_xcom.py
[2026-05-25T08:50:30.971+0000] {processor.py:830} INFO - Processing file /home/airflow/.local/lib/python3.8/site-packages/airflow/example_dags/example_xcom.py for tasks to queue
[2026-05-25T08:50:30.974+0000] {logging_mixin.py:188} INFO - [2026-05-25T08:50:30.973+0000] {dagbag.py:538} INFO - Filling up the DagBag from /home/airflow/.local/lib/python3.8/site-packages/airflow/example_dags/example_xcom.py
[2026-05-25T08:50:31.110+0000] {processor.py:840} INFO - DAG(s) 'example_xcom' retrieved from /home/airflow/.local/lib/python3.8/site-packages/airflow/example_dags/example_xcom.py
[2026-05-25T08:50:31.283+0000] {logging_mixin.py:188} INFO - [2026-05-25T08:50:31.283+0000] {dag.py:3036} INFO - Sync 1 DAGs
[2026-05-25T08:50:31.376+0000] {logging_mixin.py:188} INFO - [2026-05-25T08:50:31.375+0000] {dag.py:3823} INFO - Setting next_dagrun for example_xcom to 2021-01-01 00:00:00+00:00, run_after=2021-01-01 00:00:00+00:00
[2026-05-25T08:50:31.607+0000] {processor.py:183} INFO - Processing /home/airflow/.local/lib/python3.8/site-packages/airflow/example_dags/example_xcom.py took 0.661 seconds
[2026-05-25T08:51:02.668+0000] {processor.py:161} INFO - Started process (PID=1880) to work on /home/airflow/.local/lib/python3.8/site-packages/airflow/example_dags/example_xcom.py
[2026-05-25T08:51:02.698+0000] {processor.py:830} INFO - Processing file /home/airflow/.local/lib/python3.8/site-packages/airflow/example_dags/example_xcom.py for tasks to queue
[2026-05-25T08:51:02.770+0000] {logging_mixin.py:188} INFO - [2026-05-25T08:51:02.769+0000] {dagbag.py:538} INFO - Filling up the DagBag from /home/airflow/.local/lib/python3.8/site-packages/airflow/example_dags/example_xcom.py
[2026-05-25T08:51:02.901+0000] {processor.py:840} INFO - DAG(s) 'example_xcom' retrieved from /home/airflow/.local/lib/python3.8/site-packages/airflow/example_dags/example_xcom.py
[2026-05-25T08:51:03.049+0000] {logging_mixin.py:188} INFO - [2026-05-25T08:51:03.048+0000] {dag.py:3036} INFO - Sync 1 DAGs
[2026-05-25T08:51:03.144+0000] {logging_mixin.py:188} INFO - [2026-05-25T08:51:03.143+0000] {dag.py:3823} INFO - Setting next_dagrun for example_xcom to 2021-01-01 00:00:00+00:00, run_after=2021-01-01 00:00:00+00:00
[2026-05-25T08:51:03.331+0000] {processor.py:183} INFO - Processing /home/airflow/.local/lib/python3.8/site-packages/airflow/example_dags/example_xcom.py took 0.699 seconds
[2026-05-25T08:51:34.130+0000] {processor.py:161} INFO - Started process (PID=2126) to work on /home/airflow/.local/lib/python3.8/site-packages/airflow/example_dags/example_xcom.py
[2026-05-25T08:51:34.135+0000] {processor.py:830} INFO - Processing file /home/airflow/.local/lib/python3.8/site-packages/airflow/example_dags/example_xcom.py for tasks to queue
[2026-05-25T08:51:34.137+0000] {logging_mixin.py:188} INFO - [2026-05-25T08:51:34.136+0000] {dagbag.py:538} INFO - Filling up the DagBag from /home/airflow/.local/lib/python3.8/site-packages/airflow/example_dags/example_xcom.py
[2026-05-25T08:51:34.166+0000] {processor.py:840} INFO - DAG(s) 'example_xcom' retrieved from /home/airflow/.local/lib/python3.8/site-packages/airflow/example_dags/example_xcom.py
[2026-05-25T08:51:34.260+0000] {logging_mixin.py:188} INFO - [2026-05-25T08:51:34.259+0000] {dag.py:3036} INFO - Sync 1 DAGs
[2026-05-25T08:51:34.344+0000] {logging_mixin.py:188} INFO - [2026-05-25T08:51:34.344+0000] {dag.py:3823} INFO - Setting next_dagrun for example_xcom to 2021-01-01 00:00:00+00:00, run_after=2021-01-01 00:00:00+00:00
[2026-05-25T08:51:34.480+0000] {processor.py:183} INFO - Processing /home/airflow/.local/lib/python3.8/site-packages/airflow/example_dags/example_xcom.py took 0.368 seconds
[2026-05-25T08:52:05.365+0000] {processor.py:161} INFO - Started process (PID=2374) to work on /home/airflow/.local/lib/python3.8/site-packages/airflow/example_dags/example_xcom.py
[2026-05-25T08:52:05.368+0000] {processor.py:830} INFO - Processing file /home/airflow/.local/lib/python3.8/site-packages/airflow/example_dags/example_xcom.py for tasks to queue
[2026-05-25T08:52:05.372+0000] {logging_mixin.py:188} INFO - [2026-05-25T08:52:05.370+0000] {dagbag.py:538} INFO - Filling up the DagBag from /home/airflow/.local/lib/python3.8/site-packages/airflow/example_dags/example_xcom.py
[2026-05-25T08:52:05.417+0000] {processor.py:840} INFO - DAG(s) 'example_xcom' retrieved from /home/airflow/.local/lib/python3.8/site-packages/airflow/example_dags/example_xcom.py
[2026-05-25T08:52:05.515+0000] {logging_mixin.py:188} INFO - [2026-05-25T08:52:05.515+0000] {dag.py:3036} INFO - Sync 1 DAGs
[2026-05-25T08:52:05.643+0000] {logging_mixin.py:188} INFO - [2026-05-25T08:52:05.643+0000] {dag.py:3823} INFO - Setting next_dagrun for example_xcom to 2021-01-01 00:00:00+00:00, run_after=2021-01-01 00:00:00+00:00
[2026-05-25T08:52:05.986+0000] {processor.py:183} INFO - Processing /home/airflow/.local/lib/python3.8/site-packages/airflow/example_dags/example_xcom.py took 0.630 seconds
[2026-05-25T08:52:36.361+0000] {processor.py:161} INFO - Started process (PID=2618) to work on /home/airflow/.local/lib/python3.8/site-packages/airflow/example_dags/example_xcom.py
[2026-05-25T08:52:36.364+0000] {processor.py:830} INFO - Processing file /home/airflow/.local/lib/python3.8/site-packages/airflow/example_dags/example_xcom.py for tasks to queue
[2026-05-25T08:52:36.376+0000] {logging_mixin.py:188} INFO - [2026-05-25T08:52:36.375+0000] {dagbag.py:538} INFO - Filling up the DagBag from /home/airflow/.local/lib/python3.8/site-packages/airflow/example_dags/example_xcom.py
[2026-05-25T08:52:36.420+0000] {processor.py:840} INFO - DAG(s) 'example_xcom' retrieved from /home/airflow/.local/lib/python3.8/site-packages/airflow/example_dags/example_xcom.py
[2026-05-25T08:52:36.492+0000] {logging_mixin.py:188} INFO - [2026-05-25T08:52:36.491+0000] {dag.py:3036} INFO - Sync 1 DAGs
[2026-05-25T08:52:36.618+0000] {logging_mixin.py:188} INFO - [2026-05-25T08:52:36.617+0000] {dag.py:3823} INFO - Setting next_dagrun for example_xcom to 2021-01-01 00:00:00+00:00, run_after=2021-01-01 00:00:00+00:00
[2026-05-25T08:52:36.812+0000] {processor.py:183} INFO - Processing /home/airflow/.local/lib/python3.8/site-packages/airflow/example_dags/example_xcom.py took 0.481 seconds
[2026-05-25T08:53:07.636+0000] {processor.py:161} INFO - Started process (PID=2864) to work on /home/airflow/.local/lib/python3.8/site-packages/airflow/example_dags/example_xcom.py
[2026-05-25T08:53:07.646+0000] {processor.py:830} INFO - Processing file /home/airflow/.local/lib/python3.8/site-packages/airflow/example_dags/example_xcom.py for tasks to queue
[2026-05-25T08:53:07.648+0000] {logging_mixin.py:188} INFO - [2026-05-25T08:53:07.647+0000] {dagbag.py:538} INFO - Filling up the DagBag from /home/airflow/.local/lib/python3.8/site-packages/airflow/example_dags/example_xcom.py
[2026-05-25T08:53:07.706+0000] {processor.py:840} INFO - DAG(s) 'example_xcom' retrieved from /home/airflow/.local/lib/python3.8/site-packages/airflow/example_dags/example_xcom.py
[2026-05-25T08:53:07.878+0000] {logging_mixin.py:188} INFO - [2026-05-25T08:53:07.877+0000] {dag.py:3036} INFO - Sync 1 DAGs
[2026-05-25T08:53:08.030+0000] {logging_mixin.py:188} INFO - [2026-05-25T08:53:08.029+0000] {dag.py:3823} INFO - Setting next_dagrun for example_xcom to 2021-01-01 00:00:00+00:00, run_after=2021-01-01 00:00:00+00:00
[2026-05-25T08:53:08.276+0000] {processor.py:183} INFO - Processing /home/airflow/.local/lib/python3.8/site-packages/airflow/example_dags/example_xcom.py took 0.676 seconds
[2026-05-25T08:53:38.626+0000] {processor.py:161} INFO - Started process (PID=3110) to work on /home/airflow/.local/lib/python3.8/site-packages/airflow/example_dags/example_xcom.py
[2026-05-25T08:53:38.628+0000] {processor.py:830} INFO - Processing file /home/airflow/.local/lib/python3.8/site-packages/airflow/example_dags/example_xcom.py for tasks to queue
[2026-05-25T08:53:38.631+0000] {logging_mixin.py:188} INFO - [2026-05-25T08:53:38.630+0000] {dagbag.py:538} INFO - Filling up the DagBag from /home/airflow/.local/lib/python3.8/site-packages/airflow/example_dags/example_xcom.py
[2026-05-25T08:53:38.649+0000] {processor.py:840} INFO - DAG(s) 'example_xcom' retrieved from /home/airflow/.local/lib/python3.8/site-packages/airflow/example_dags/example_xcom.py
[2026-05-25T08:53:38.701+0000] {logging_mixin.py:188} INFO - [2026-05-25T08:53:38.701+0000] {dag.py:3036} INFO - Sync 1 DAGs
[2026-05-25T08:53:38.763+0000] {logging_mixin.py:188} INFO - [2026-05-25T08:53:38.763+0000] {dag.py:3823} INFO - Setting next_dagrun for example_xcom to 2021-01-01 00:00:00+00:00, run_after=2021-01-01 00:00:00+00:00
[2026-05-25T08:53:38.877+0000] {processor.py:183} INFO - Processing /home/airflow/.local/lib/python3.8/site-packages/airflow/example_dags/example_xcom.py took 0.264 seconds
[2026-05-25T08:54:09.498+0000] {processor.py:161} INFO - Started process (PID=3356) to work on /home/airflow/.local/lib/python3.8/site-packages/airflow/example_dags/example_xcom.py
[2026-05-25T08:54:09.500+0000] {processor.py:830} INFO - Processing file /home/airflow/.local/lib/python3.8/site-packages/airflow/example_dags/example_xcom.py for tasks to queue
[2026-05-25T08:54:09.501+0000] {logging_mixin.py:188} INFO - [2026-05-25T08:54:09.501+0000] {dagbag.py:538} INFO - Filling up the DagBag from /home/airflow/.local/lib/python3.8/site-packages/airflow/example_dags/example_xcom.py
[2026-05-25T08:54:09.648+0000] {processor.py:840} INFO - DAG(s) 'example_xcom' retrieved from /home/airflow/.local/lib/python3.8/site-packages/airflow/example_dags/example_xcom.py
[2026-05-25T08:54:09.707+0000] {logging_mixin.py:188} INFO - [2026-05-25T08:54:09.706+0000] {dag.py:3036} INFO - Sync 1 DAGs
[2026-05-25T08:54:09.762+0000] {logging_mixin.py:188} INFO - [2026-05-25T08:54:09.762+0000] {dag.py:3823} INFO - Setting next_dagrun for example_xcom to 2021-01-01 00:00:00+00:00, run_after=2021-01-01 00:00:00+00:00
[2026-05-25T08:54:10.051+0000] {processor.py:183} INFO - Processing /home/airflow/.local/lib/python3.8/site-packages/airflow/example_dags/example_xcom.py took 0.561 seconds
[2026-05-25T08:54:40.311+0000] {processor.py:161} INFO - Started process (PID=3602) to work on /home/airflow/.local/lib/python3.8/site-packages/airflow/example_dags/example_xcom.py
[2026-05-25T08:54:40.313+0000] {processor.py:830} INFO - Processing file /home/airflow/.local/lib/python3.8/site-packages/airflow/example_dags/example_xcom.py for tasks to queue
[2026-05-25T08:54:40.315+0000] {logging_mixin.py:188} INFO - [2026-05-25T08:54:40.315+0000] {dagbag.py:538} INFO - Filling up the DagBag from /home/airflow/.local/lib/python3.8/site-packages/airflow/example_dags/example_xcom.py
[2026-05-25T08:54:40.336+0000] {processor.py:840} INFO - DAG(s) 'example_xcom' retrieved from /home/airflow/.local/lib/python3.8/site-packages/airflow/example_dags/example_xcom.py
[2026-05-25T08:54:40.377+0000] {logging_mixin.py:188} INFO - [2026-05-25T08:54:40.376+0000] {dag.py:3036} INFO - Sync 1 DAGs
[2026-05-25T08:54:40.410+0000] {logging_mixin.py:188} INFO - [2026-05-25T08:54:40.409+0000] {dag.py:3823} INFO - Setting next_dagrun for example_xcom to 2021-01-01 00:00:00+00:00, run_after=2021-01-01 00:00:00+00:00
[2026-05-25T08:54:40.498+0000] {processor.py:183} INFO - Processing /home/airflow/.local/lib/python3.8/site-packages/airflow/example_dags/example_xcom.py took 0.192 seconds
[2026-05-25T08:55:11.551+0000] {processor.py:161} INFO - Started process (PID=3850) to work on /home/airflow/.local/lib/python3.8/site-packages/airflow/example_dags/example_xcom.py
[2026-05-25T08:55:11.555+0000] {processor.py:830} INFO - Processing file /home/airflow/.local/lib/python3.8/site-packages/airflow/example_dags/example_xcom.py for tasks to queue
[2026-05-25T08:55:11.558+0000] {logging_mixin.py:188} INFO - [2026-05-25T08:55:11.557+0000] {dagbag.py:538} INFO - Filling up the DagBag from /home/airflow/.local/lib/python3.8/site-packages/airflow/example_dags/example_xcom.py
[2026-05-25T08:55:11.582+0000] {processor.py:840} INFO - DAG(s) 'example_xcom' retrieved from /home/airflow/.local/lib/python3.8/site-packages/airflow/example_dags/example_xcom.py
[2026-05-25T08:55:11.657+0000] {logging_mixin.py:188} INFO - [2026-05-25T08:55:11.656+0000] {dag.py:3036} INFO - Sync 1 DAGs
[2026-05-25T08:55:11.717+0000] {logging_mixin.py:188} INFO - [2026-05-25T08:55:11.716+0000] {dag.py:3823} INFO - Setting next_dagrun for example_xcom to 2021-01-01 00:00:00+00:00, run_after=2021-01-01 00:00:00+00:00
[2026-05-25T08:55:11.829+0000] {processor.py:183} INFO - Processing /home/airflow/.local/lib/python3.8/site-packages/airflow/example_dags/example_xcom.py took 0.297 seconds
[2026-05-25T08:55:44.318+0000] {processor.py:161} INFO - Started process (PID=4096) to work on /home/airflow/.local/lib/python3.8/site-packages/airflow/example_dags/example_xcom.py
[2026-05-25T08:55:44.321+0000] {processor.py:830} INFO - Processing file /home/airflow/.local/lib/python3.8/site-packages/airflow/example_dags/example_xcom.py for tasks to queue
[2026-05-25T08:55:44.325+0000] {logging_mixin.py:188} INFO - [2026-05-25T08:55:44.323+0000] {dagbag.py:538} INFO - Filling up the DagBag from /home/airflow/.local/lib/python3.8/site-packages/airflow/example_dags/example_xcom.py
[2026-05-25T08:55:44.354+0000] {processor.py:840} INFO - DAG(s) 'example_xcom' retrieved from /home/airflow/.local/lib/python3.8/site-packages/airflow/example_dags/example_xcom.py
[2026-05-25T08:55:44.435+0000] {logging_mixin.py:188} INFO - [2026-05-25T08:55:44.434+0000] {dag.py:3036} INFO - Sync 1 DAGs
[2026-05-25T08:55:44.510+0000] {logging_mixin.py:188} INFO - [2026-05-25T08:55:44.509+0000] {dag.py:3823} INFO - Setting next_dagrun for example_xcom to 2021-01-01 00:00:00+00:00, run_after=2021-01-01 00:00:00+00:00
[2026-05-25T08:55:44.622+0000] {processor.py:183} INFO - Processing /home/airflow/.local/lib/python3.8/site-packages/airflow/example_dags/example_xcom.py took 0.313 seconds
[2026-05-25T08:56:23.724+0000] {processor.py:161} INFO - Started process (PID=4355) to work on /home/airflow/.local/lib/python3.8/site-packages/airflow/example_dags/example_xcom.py
[2026-05-25T08:56:23.983+0000] {processor.py:830} INFO - Processing file /home/airflow/.local/lib/python3.8/site-packages/airflow/example_dags/example_xcom.py for tasks to queue
[2026-05-25T08:56:23.987+0000] {logging_mixin.py:188} INFO - [2026-05-25T08:56:23.986+0000] {dagbag.py:538} INFO - Filling up the DagBag from /home/airflow/.local/lib/python3.8/site-packages/airflow/example_dags/example_xcom.py
[2026-05-25T08:56:24.017+0000] {processor.py:840} INFO - DAG(s) 'example_xcom' retrieved from /home/airflow/.local/lib/python3.8/site-packages/airflow/example_dags/example_xcom.py
[2026-05-25T08:56:24.111+0000] {logging_mixin.py:188} INFO - [2026-05-25T08:56:24.110+0000] {dag.py:3036} INFO - Sync 1 DAGs
[2026-05-25T08:56:24.252+0000] {logging_mixin.py:188} INFO - [2026-05-25T08:56:24.251+0000] {dag.py:3823} INFO - Setting next_dagrun for example_xcom to 2021-01-01 00:00:00+00:00, run_after=2021-01-01 00:00:00+00:00
[2026-05-25T08:56:24.446+0000] {processor.py:183} INFO - Processing /home/airflow/.local/lib/python3.8/site-packages/airflow/example_dags/example_xcom.py took 0.768 seconds
[2026-05-25T08:56:55.200+0000] {processor.py:161} INFO - Started process (PID=4601) to work on /home/airflow/.local/lib/python3.8/site-packages/airflow/example_dags/example_xcom.py
[2026-05-25T08:56:55.204+0000] {processor.py:830} INFO - Processing file /home/airflow/.local/lib/python3.8/site-packages/airflow/example_dags/example_xcom.py for tasks to queue
[2026-05-25T08:56:55.210+0000] {logging_mixin.py:188} INFO - [2026-05-25T08:56:55.208+0000] {dagbag.py:538} INFO - Filling up the DagBag from /home/airflow/.local/lib/python3.8/site-packages/airflow/example_dags/example_xcom.py
[2026-05-25T08:56:55.231+0000] {processor.py:840} INFO - DAG(s) 'example_xcom' retrieved from /home/airflow/.local/lib/python3.8/site-packages/airflow/example_dags/example_xcom.py
[2026-05-25T08:56:55.283+0000] {logging_mixin.py:188} INFO - [2026-05-25T08:56:55.282+0000] {dag.py:3036} INFO - Sync 1 DAGs
[2026-05-25T08:56:55.341+0000] {logging_mixin.py:188} INFO - [2026-05-25T08:56:55.340+0000] {dag.py:3823} INFO - Setting next_dagrun for example_xcom to 2021-01-01 00:00:00+00:00, run_after=2021-01-01 00:00:00+00:00
[2026-05-25T08:56:55.525+0000] {processor.py:183} INFO - Processing /home/airflow/.local/lib/python3.8/site-packages/airflow/example_dags/example_xcom.py took 0.332 seconds
[2026-05-25T08:57:25.944+0000] {processor.py:161} INFO - Started process (PID=4847) to work on /home/airflow/.local/lib/python3.8/site-packages/airflow/example_dags/example_xcom.py
[2026-05-25T08:57:25.946+0000] {processor.py:830} INFO - Processing file /home/airflow/.local/lib/python3.8/site-packages/airflow/example_dags/example_xcom.py for tasks to queue
[2026-05-25T08:57:25.947+0000] {logging_mixin.py:188} INFO - [2026-05-25T08:57:25.947+0000] {dagbag.py:538} INFO - Filling up the DagBag from /home/airflow/.local/lib/python3.8/site-packages/airflow/example_dags/example_xcom.py
[2026-05-25T08:57:25.966+0000] {processor.py:840} INFO - DAG(s) 'example_xcom' retrieved from /home/airflow/.local/lib/python3.8/site-packages/airflow/example_dags/example_xcom.py
[2026-05-25T08:57:26.019+0000] {logging_mixin.py:188} INFO - [2026-05-25T08:57:26.019+0000] {dag.py:3036} INFO - Sync 1 DAGs
[2026-05-25T08:57:26.091+0000] {logging_mixin.py:188} INFO - [2026-05-25T08:57:26.090+0000] {dag.py:3823} INFO - Setting next_dagrun for example_xcom to 2021-01-01 00:00:00+00:00, run_after=2021-01-01 00:00:00+00:00
[2026-05-25T08:57:26.207+0000] {processor.py:183} INFO - Processing /home/airflow/.local/lib/python3.8/site-packages/airflow/example_dags/example_xcom.py took 0.271 seconds
[2026-05-25T08:57:57.626+0000] {processor.py:161} INFO - Started process (PID=5093) to work on /home/airflow/.local/lib/python3.8/site-packages/airflow/example_dags/example_xcom.py
[2026-05-25T08:57:57.630+0000] {processor.py:830} INFO - Processing file /home/airflow/.local/lib/python3.8/site-packages/airflow/example_dags/example_xcom.py for tasks to queue
[2026-05-25T08:57:57.634+0000] {logging_mixin.py:188} INFO - [2026-05-25T08:57:57.633+0000] {dagbag.py:538} INFO - Filling up the DagBag from /home/airflow/.local/lib/python3.8/site-packages/airflow/example_dags/example_xcom.py
[2026-05-25T08:57:57.657+0000] {processor.py:840} INFO - DAG(s) 'example_xcom' retrieved from /home/airflow/.local/lib/python3.8/site-packages/airflow/example_dags/example_xcom.py
[2026-05-25T08:57:57.742+0000] {logging_mixin.py:188} INFO - [2026-05-25T08:57:57.742+0000] {dag.py:3036} INFO - Sync 1 DAGs
[2026-05-25T08:57:57.846+0000] {logging_mixin.py:188} INFO - [2026-05-25T08:57:57.846+0000] {dag.py:3823} INFO - Setting next_dagrun for example_xcom to 2021-01-01 00:00:00+00:00, run_after=2021-01-01 00:00:00+00:00
[2026-05-25T08:57:57.921+0000] {processor.py:183} INFO - Processing /home/airflow/.local/lib/python3.8/site-packages/airflow/example_dags/example_xcom.py took 0.306 seconds
[2026-05-25T08:58:28.923+0000] {processor.py:161} INFO - Started process (PID=5339) to work on /home/airflow/.local/lib/python3.8/site-packages/airflow/example_dags/example_xcom.py
[2026-05-25T08:58:28.927+0000] {processor.py:830} INFO - Processing file /home/airflow/.local/lib/python3.8/site-packages/airflow/example_dags/example_xcom.py for tasks to queue
[2026-05-25T08:58:28.931+0000] {logging_mixin.py:188} INFO - [2026-05-25T08:58:28.930+0000] {dagbag.py:538} INFO - Filling up the DagBag from /home/airflow/.local/lib/python3.8/site-packages/airflow/example_dags/example_xcom.py
[2026-05-25T08:58:28.955+0000] {processor.py:840} INFO - DAG(s) 'example_xcom' retrieved from /home/airflow/.local/lib/python3.8/site-packages/airflow/example_dags/example_xcom.py
[2026-05-25T08:58:29.028+0000] {logging_mixin.py:188} INFO - [2026-05-25T08:58:29.027+0000] {dag.py:3036} INFO - Sync 1 DAGs
[2026-05-25T08:58:29.119+0000] {logging_mixin.py:188} INFO - [2026-05-25T08:58:29.118+0000] {dag.py:3823} INFO - Setting next_dagrun for example_xcom to 2021-01-01 00:00:00+00:00, run_after=2021-01-01 00:00:00+00:00
[2026-05-25T08:58:29.184+0000] {processor.py:183} INFO - Processing /home/airflow/.local/lib/python3.8/site-packages/airflow/example_dags/example_xcom.py took 0.271 seconds
[2026-05-25T08:59:02.282+0000] {processor.py:161} INFO - Started process (PID=5605) to work on /home/airflow/.local/lib/python3.8/site-packages/airflow/example_dags/example_xcom.py
[2026-05-25T08:59:02.291+0000] {processor.py:830} INFO - Processing file /home/airflow/.local/lib/python3.8/site-packages/airflow/example_dags/example_xcom.py for tasks to queue
[2026-05-25T08:59:02.294+0000] {logging_mixin.py:188} INFO - [2026-05-25T08:59:02.294+0000] {dagbag.py:538} INFO - Filling up the DagBag from /home/airflow/.local/lib/python3.8/site-packages/airflow/example_dags/example_xcom.py
[2026-05-25T08:59:02.321+0000] {processor.py:840} INFO - DAG(s) 'example_xcom' retrieved from /home/airflow/.local/lib/python3.8/site-packages/airflow/example_dags/example_xcom.py
[2026-05-25T08:59:02.493+0000] {logging_mixin.py:188} INFO - [2026-05-25T08:59:02.492+0000] {dag.py:3036} INFO - Sync 1 DAGs
[2026-05-25T08:59:02.568+0000] {logging_mixin.py:188} INFO - [2026-05-25T08:59:02.567+0000] {dag.py:3823} INFO - Setting next_dagrun for example_xcom to 2021-01-01 00:00:00+00:00, run_after=2021-01-01 00:00:00+00:00
[2026-05-25T08:59:02.657+0000] {processor.py:183} INFO - Processing /home/airflow/.local/lib/python3.8/site-packages/airflow/example_dags/example_xcom.py took 0.387 seconds
[2026-05-25T09:26:23.728+0000] {processor.py:161} INFO - Started process (PID=69) to work on /home/airflow/.local/lib/python3.8/site-packages/airflow/example_dags/example_xcom.py
[2026-05-25T09:26:23.731+0000] {processor.py:830} INFO - Processing file /home/airflow/.local/lib/python3.8/site-packages/airflow/example_dags/example_xcom.py for tasks to queue
[2026-05-25T09:26:23.735+0000] {logging_mixin.py:188} INFO - [2026-05-25T09:26:23.733+0000] {dagbag.py:538} INFO - Filling up the DagBag from /home/airflow/.local/lib/python3.8/site-packages/airflow/example_dags/example_xcom.py
[2026-05-25T09:26:23.761+0000] {processor.py:840} INFO - DAG(s) 'example_xcom' retrieved from /home/airflow/.local/lib/python3.8/site-packages/airflow/example_dags/example_xcom.py
[2026-05-25T09:26:24.167+0000] {logging_mixin.py:188} INFO - [2026-05-25T09:26:24.165+0000] {override.py:1769} INFO - Created Permission View: can read on DAG:example_xcom
[2026-05-25T09:26:24.236+0000] {logging_mixin.py:188} INFO - [2026-05-25T09:26:24.235+0000] {override.py:1769} INFO - Created Permission View: can edit on DAG:example_xcom
[2026-05-25T09:26:24.320+0000] {logging_mixin.py:188} INFO - [2026-05-25T09:26:24.319+0000] {override.py:1769} INFO - Created Permission View: can delete on DAG:example_xcom
[2026-05-25T09:26:24.321+0000] {logging_mixin.py:188} INFO - [2026-05-25T09:26:24.321+0000] {dag.py:3036} INFO - Sync 1 DAGs
[2026-05-25T09:26:24.356+0000] {logging_mixin.py:188} INFO - [2026-05-25T09:26:24.356+0000] {dag.py:3058} INFO - Creating ORM DAG for example_xcom
[2026-05-25T09:26:24.375+0000] {logging_mixin.py:188} INFO - [2026-05-25T09:26:24.375+0000] {dag.py:3823} INFO - Setting next_dagrun for example_xcom to 2021-01-01 00:00:00+00:00, run_after=2021-01-01 00:00:00+00:00
[2026-05-25T09:26:24.545+0000] {processor.py:183} INFO - Processing /home/airflow/.local/lib/python3.8/site-packages/airflow/example_dags/example_xcom.py took 0.831 seconds
[2026-05-25T09:29:38.942+0000] {processor.py:161} INFO - Started process (PID=165) to work on /home/airflow/.local/lib/python3.8/site-packages/airflow/example_dags/example_xcom.py
[2026-05-25T09:29:38.945+0000] {processor.py:830} INFO - Processing file /home/airflow/.local/lib/python3.8/site-packages/airflow/example_dags/example_xcom.py for tasks to queue
[2026-05-25T09:29:38.948+0000] {logging_mixin.py:188} INFO - [2026-05-25T09:29:38.947+0000] {dagbag.py:538} INFO - Filling up the DagBag from /home/airflow/.local/lib/python3.8/site-packages/airflow/example_dags/example_xcom.py
[2026-05-25T09:29:38.971+0000] {processor.py:840} INFO - DAG(s) 'example_xcom' retrieved from /home/airflow/.local/lib/python3.8/site-packages/airflow/example_dags/example_xcom.py
[2026-05-25T09:29:39.023+0000] {logging_mixin.py:188} INFO - [2026-05-25T09:29:39.022+0000] {dag.py:3036} INFO - Sync 1 DAGs
[2026-05-25T09:29:39.090+0000] {logging_mixin.py:188} INFO - [2026-05-25T09:29:39.087+0000] {dag.py:3823} INFO - Setting next_dagrun for example_xcom to 2021-01-01 00:00:00+00:00, run_after=2021-01-01 00:00:00+00:00
[2026-05-25T09:29:40.157+0000] {processor.py:183} INFO - Processing /home/airflow/.local/lib/python3.8/site-packages/airflow/example_dags/example_xcom.py took 1.221 seconds
[2026-05-25T09:31:43.304+0000] {processor.py:161} INFO - Started process (PID=237) to work on /home/airflow/.local/lib/python3.8/site-packages/airflow/example_dags/example_xcom.py
[2026-05-25T09:31:43.309+0000] {processor.py:830} INFO - Processing file /home/airflow/.local/lib/python3.8/site-packages/airflow/example_dags/example_xcom.py for tasks to queue
[2026-05-25T09:31:43.319+0000] {logging_mixin.py:188} INFO - [2026-05-25T09:31:43.318+0000] {dagbag.py:538} INFO - Filling up the DagBag from /home/airflow/.local/lib/python3.8/site-packages/airflow/example_dags/example_xcom.py
[2026-05-25T09:31:43.359+0000] {processor.py:840} INFO - DAG(s) 'example_xcom' retrieved from /home/airflow/.local/lib/python3.8/site-packages/airflow/example_dags/example_xcom.py
[2026-05-25T09:31:43.442+0000] {logging_mixin.py:188} INFO - [2026-05-25T09:31:43.440+0000] {dag.py:3036} INFO - Sync 1 DAGs
[2026-05-25T09:31:43.552+0000] {logging_mixin.py:188} INFO - [2026-05-25T09:31:43.551+0000] {dag.py:3823} INFO - Setting next_dagrun for example_xcom to 2021-01-01 00:00:00+00:00, run_after=2021-01-01 00:00:00+00:00
[2026-05-25T09:31:43.768+0000] {processor.py:183} INFO - Processing /home/airflow/.local/lib/python3.8/site-packages/airflow/example_dags/example_xcom.py took 0.487 seconds
[2026-05-25T09:34:02.440+0000] {processor.py:161} INFO - Started process (PID=327) to work on /home/airflow/.local/lib/python3.8/site-packages/airflow/example_dags/example_xcom.py
[2026-05-25T09:34:02.443+0000] {processor.py:830} INFO - Processing file /home/airflow/.local/lib/python3.8/site-packages/airflow/example_dags/example_xcom.py for tasks to queue
[2026-05-25T09:34:02.446+0000] {logging_mixin.py:188} INFO - [2026-05-25T09:34:02.445+0000] {dagbag.py:538} INFO - Filling up the DagBag from /home/airflow/.local/lib/python3.8/site-packages/airflow/example_dags/example_xcom.py
[2026-05-25T09:34:02.470+0000] {processor.py:840} INFO - DAG(s) 'example_xcom' retrieved from /home/airflow/.local/lib/python3.8/site-packages/airflow/example_dags/example_xcom.py
[2026-05-25T09:34:02.551+0000] {logging_mixin.py:188} INFO - [2026-05-25T09:34:02.550+0000] {dag.py:3036} INFO - Sync 1 DAGs
[2026-05-25T09:34:02.622+0000] {logging_mixin.py:188} INFO - [2026-05-25T09:34:02.621+0000] {dag.py:3823} INFO - Setting next_dagrun for example_xcom to 2021-01-01 00:00:00+00:00, run_after=2021-01-01 00:00:00+00:00
[2026-05-25T09:34:02.755+0000] {processor.py:183} INFO - Processing /home/airflow/.local/lib/python3.8/site-packages/airflow/example_dags/example_xcom.py took 0.326 seconds
[2026-05-25T09:35:17.718+0000] {processor.py:161} INFO - Started process (PID=383) to work on /home/airflow/.local/lib/python3.8/site-packages/airflow/example_dags/example_xcom.py
[2026-05-25T09:35:17.720+0000] {processor.py:830} INFO - Processing file /home/airflow/.local/lib/python3.8/site-packages/airflow/example_dags/example_xcom.py for tasks to queue
[2026-05-25T09:35:17.721+0000] {logging_mixin.py:188} INFO - [2026-05-25T09:35:17.721+0000] {dagbag.py:538} INFO - Filling up the DagBag from /home/airflow/.local/lib/python3.8/site-packages/airflow/example_dags/example_xcom.py
[2026-05-25T09:35:17.733+0000] {processor.py:840} INFO - DAG(s) 'example_xcom' retrieved from /home/airflow/.local/lib/python3.8/site-packages/airflow/example_dags/example_xcom.py
[2026-05-25T09:35:17.770+0000] {logging_mixin.py:188} INFO - [2026-05-25T09:35:17.770+0000] {dag.py:3036} INFO - Sync 1 DAGs
[2026-05-25T09:35:17.810+0000] {logging_mixin.py:188} INFO - [2026-05-25T09:35:17.809+0000] {dag.py:3823} INFO - Setting next_dagrun for example_xcom to 2021-01-01 00:00:00+00:00, run_after=2021-01-01 00:00:00+00:00
[2026-05-25T09:35:17.912+0000] {processor.py:183} INFO - Processing /home/airflow/.local/lib/python3.8/site-packages/airflow/example_dags/example_xcom.py took 0.199 seconds
[2026-05-25T09:38:01.295+0000] {processor.py:161} INFO - Started process (PID=468) to work on /home/airflow/.local/lib/python3.8/site-packages/airflow/example_dags/example_xcom.py
[2026-05-25T09:38:01.299+0000] {processor.py:830} INFO - Processing file /home/airflow/.local/lib/python3.8/site-packages/airflow/example_dags/example_xcom.py for tasks to queue
[2026-05-25T09:38:01.303+0000] {logging_mixin.py:188} INFO - [2026-05-25T09:38:01.301+0000] {dagbag.py:538} INFO - Filling up the DagBag from /home/airflow/.local/lib/python3.8/site-packages/airflow/example_dags/example_xcom.py
[2026-05-25T09:38:01.327+0000] {processor.py:840} INFO - DAG(s) 'example_xcom' retrieved from /home/airflow/.local/lib/python3.8/site-packages/airflow/example_dags/example_xcom.py
[2026-05-25T09:38:01.385+0000] {logging_mixin.py:188} INFO - [2026-05-25T09:38:01.384+0000] {dag.py:3036} INFO - Sync 1 DAGs
[2026-05-25T09:38:01.437+0000] {logging_mixin.py:188} INFO - [2026-05-25T09:38:01.436+0000] {dag.py:3823} INFO - Setting next_dagrun for example_xcom to 2021-01-01 00:00:00+00:00, run_after=2021-01-01 00:00:00+00:00
[2026-05-25T09:38:01.553+0000] {processor.py:183} INFO - Processing /home/airflow/.local/lib/python3.8/site-packages/airflow/example_dags/example_xcom.py took 0.272 seconds
[2026-05-25T09:41:20.251+0000] {processor.py:161} INFO - Started process (PID=585) to work on /home/airflow/.local/lib/python3.8/site-packages/airflow/example_dags/example_xcom.py
[2026-05-25T09:41:20.253+0000] {processor.py:830} INFO - Processing file /home/airflow/.local/lib/python3.8/site-packages/airflow/example_dags/example_xcom.py for tasks to queue
[2026-05-25T09:41:20.256+0000] {logging_mixin.py:188} INFO - [2026-05-25T09:41:20.255+0000] {dagbag.py:538} INFO - Filling up the DagBag from /home/airflow/.local/lib/python3.8/site-packages/airflow/example_dags/example_xcom.py
[2026-05-25T09:41:20.267+0000] {processor.py:840} INFO - DAG(s) 'example_xcom' retrieved from /home/airflow/.local/lib/python3.8/site-packages/airflow/example_dags/example_xcom.py
[2026-05-25T09:41:20.304+0000] {logging_mixin.py:188} INFO - [2026-05-25T09:41:20.304+0000] {dag.py:3036} INFO - Sync 1 DAGs
[2026-05-25T09:41:20.340+0000] {logging_mixin.py:188} INFO - [2026-05-25T09:41:20.339+0000] {dag.py:3823} INFO - Setting next_dagrun for example_xcom to 2021-01-01 00:00:00+00:00, run_after=2021-01-01 00:00:00+00:00
[2026-05-25T09:41:20.441+0000] {processor.py:183} INFO - Processing /home/airflow/.local/lib/python3.8/site-packages/airflow/example_dags/example_xcom.py took 0.194 seconds
[2026-05-25T09:42:55.450+0000] {processor.py:161} INFO - Started process (PID=645) to work on /home/airflow/.local/lib/python3.8/site-packages/airflow/example_dags/example_xcom.py
[2026-05-25T09:42:55.452+0000] {processor.py:830} INFO - Processing file /home/airflow/.local/lib/python3.8/site-packages/airflow/example_dags/example_xcom.py for tasks to queue
[2026-05-25T09:42:55.453+0000] {logging_mixin.py:188} INFO - [2026-05-25T09:42:55.453+0000] {dagbag.py:538} INFO - Filling up the DagBag from /home/airflow/.local/lib/python3.8/site-packages/airflow/example_dags/example_xcom.py
[2026-05-25T09:42:55.465+0000] {processor.py:840} INFO - DAG(s) 'example_xcom' retrieved from /home/airflow/.local/lib/python3.8/site-packages/airflow/example_dags/example_xcom.py
[2026-05-25T09:42:55.500+0000] {logging_mixin.py:188} INFO - [2026-05-25T09:42:55.500+0000] {dag.py:3036} INFO - Sync 1 DAGs
[2026-05-25T09:42:55.536+0000] {logging_mixin.py:188} INFO - [2026-05-25T09:42:55.536+0000] {dag.py:3823} INFO - Setting next_dagrun for example_xcom to 2021-01-01 00:00:00+00:00, run_after=2021-01-01 00:00:00+00:00
[2026-05-25T09:42:55.641+0000] {processor.py:183} INFO - Processing /home/airflow/.local/lib/python3.8/site-packages/airflow/example_dags/example_xcom.py took 0.196 seconds
[2026-05-25T09:44:21.769+0000] {processor.py:161} INFO - Started process (PID=704) to work on /home/airflow/.local/lib/python3.8/site-packages/airflow/example_dags/example_xcom.py
[2026-05-25T09:44:21.771+0000] {processor.py:830} INFO - Processing file /home/airflow/.local/lib/python3.8/site-packages/airflow/example_dags/example_xcom.py for tasks to queue
[2026-05-25T09:44:21.773+0000] {logging_mixin.py:188} INFO - [2026-05-25T09:44:21.772+0000] {dagbag.py:538} INFO - Filling up the DagBag from /home/airflow/.local/lib/python3.8/site-packages/airflow/example_dags/example_xcom.py
[2026-05-25T09:44:21.784+0000] {processor.py:840} INFO - DAG(s) 'example_xcom' retrieved from /home/airflow/.local/lib/python3.8/site-packages/airflow/example_dags/example_xcom.py
[2026-05-25T09:44:21.828+0000] {logging_mixin.py:188} INFO - [2026-05-25T09:44:21.828+0000] {dag.py:3036} INFO - Sync 1 DAGs
[2026-05-25T09:44:21.867+0000] {logging_mixin.py:188} INFO - [2026-05-25T09:44:21.866+0000] {dag.py:3823} INFO - Setting next_dagrun for example_xcom to 2021-01-01 00:00:00+00:00, run_after=2021-01-01 00:00:00+00:00
[2026-05-25T09:44:21.977+0000] {processor.py:183} INFO - Processing /home/airflow/.local/lib/python3.8/site-packages/airflow/example_dags/example_xcom.py took 0.214 seconds
[2026-05-25T09:45:58.492+0000] {processor.py:161} INFO - Started process (PID=764) to work on /home/airflow/.local/lib/python3.8/site-packages/airflow/example_dags/example_xcom.py
[2026-05-25T09:45:58.494+0000] {processor.py:830} INFO - Processing file /home/airflow/.local/lib/python3.8/site-packages/airflow/example_dags/example_xcom.py for tasks to queue
[2026-05-25T09:45:58.497+0000] {logging_mixin.py:188} INFO - [2026-05-25T09:45:58.496+0000] {dagbag.py:538} INFO - Filling up the DagBag from /home/airflow/.local/lib/python3.8/site-packages/airflow/example_dags/example_xcom.py
[2026-05-25T09:45:58.518+0000] {processor.py:840} INFO - DAG(s) 'example_xcom' retrieved from /home/airflow/.local/lib/python3.8/site-packages/airflow/example_dags/example_xcom.py
[2026-05-25T09:45:58.578+0000] {logging_mixin.py:188} INFO - [2026-05-25T09:45:58.577+0000] {dag.py:3036} INFO - Sync 1 DAGs
[2026-05-25T09:45:58.626+0000] {logging_mixin.py:188} INFO - [2026-05-25T09:45:58.626+0000] {dag.py:3823} INFO - Setting next_dagrun for example_xcom to 2021-01-01 00:00:00+00:00, run_after=2021-01-01 00:00:00+00:00
[2026-05-25T09:45:58.734+0000] {processor.py:183} INFO - Processing /home/airflow/.local/lib/python3.8/site-packages/airflow/example_dags/example_xcom.py took 0.251 seconds
[2026-05-25T09:47:57.433+0000] {processor.py:161} INFO - Started process (PID=827) to work on /home/airflow/.local/lib/python3.8/site-packages/airflow/example_dags/example_xcom.py
[2026-05-25T09:47:57.435+0000] {processor.py:830} INFO - Processing file /home/airflow/.local/lib/python3.8/site-packages/airflow/example_dags/example_xcom.py for tasks to queue
[2026-05-25T09:47:57.438+0000] {logging_mixin.py:188} INFO - [2026-05-25T09:47:57.437+0000] {dagbag.py:538} INFO - Filling up the DagBag from /home/airflow/.local/lib/python3.8/site-packages/airflow/example_dags/example_xcom.py
[2026-05-25T09:47:57.457+0000] {processor.py:840} INFO - DAG(s) 'example_xcom' retrieved from /home/airflow/.local/lib/python3.8/site-packages/airflow/example_dags/example_xcom.py
[2026-05-25T09:47:57.519+0000] {logging_mixin.py:188} INFO - [2026-05-25T09:47:57.518+0000] {dag.py:3036} INFO - Sync 1 DAGs
[2026-05-25T09:47:57.575+0000] {logging_mixin.py:188} INFO - [2026-05-25T09:47:57.574+0000] {dag.py:3823} INFO - Setting next_dagrun for example_xcom to 2021-01-01 00:00:00+00:00, run_after=2021-01-01 00:00:00+00:00
[2026-05-25T09:47:57.698+0000] {processor.py:183} INFO - Processing /home/airflow/.local/lib/python3.8/site-packages/airflow/example_dags/example_xcom.py took 0.271 seconds
[2026-05-25T09:49:54.532+0000] {processor.py:161} INFO - Started process (PID=896) to work on /home/airflow/.local/lib/python3.8/site-packages/airflow/example_dags/example_xcom.py
[2026-05-25T09:49:54.534+0000] {processor.py:830} INFO - Processing file /home/airflow/.local/lib/python3.8/site-packages/airflow/example_dags/example_xcom.py for tasks to queue
[2026-05-25T09:49:54.536+0000] {logging_mixin.py:188} INFO - [2026-05-25T09:49:54.535+0000] {dagbag.py:538} INFO - Filling up the DagBag from /home/airflow/.local/lib/python3.8/site-packages/airflow/example_dags/example_xcom.py
[2026-05-25T09:49:54.555+0000] {processor.py:840} INFO - DAG(s) 'example_xcom' retrieved from /home/airflow/.local/lib/python3.8/site-packages/airflow/example_dags/example_xcom.py
[2026-05-25T09:49:54.612+0000] {logging_mixin.py:188} INFO - [2026-05-25T09:49:54.611+0000] {dag.py:3036} INFO - Sync 1 DAGs
[2026-05-25T09:49:54.664+0000] {logging_mixin.py:188} INFO - [2026-05-25T09:49:54.664+0000] {dag.py:3823} INFO - Setting next_dagrun for example_xcom to 2021-01-01 00:00:00+00:00, run_after=2021-01-01 00:00:00+00:00
[2026-05-25T09:49:54.838+0000] {processor.py:183} INFO - Processing /home/airflow/.local/lib/python3.8/site-packages/airflow/example_dags/example_xcom.py took 0.313 seconds
[2026-05-25T09:55:40.143+0000] {processor.py:161} INFO - Started process (PID=89) to work on /home/airflow/.local/lib/python3.8/site-packages/airflow/example_dags/example_xcom.py
[2026-05-25T09:55:40.145+0000] {processor.py:830} INFO - Processing file /home/airflow/.local/lib/python3.8/site-packages/airflow/example_dags/example_xcom.py for tasks to queue
[2026-05-25T09:55:40.147+0000] {logging_mixin.py:188} INFO - [2026-05-25T09:55:40.147+0000] {dagbag.py:538} INFO - Filling up the DagBag from /home/airflow/.local/lib/python3.8/site-packages/airflow/example_dags/example_xcom.py
[2026-05-25T09:55:40.161+0000] {processor.py:840} INFO - DAG(s) 'example_xcom' retrieved from /home/airflow/.local/lib/python3.8/site-packages/airflow/example_dags/example_xcom.py
[2026-05-25T09:55:40.351+0000] {logging_mixin.py:188} INFO - [2026-05-25T09:55:40.351+0000] {dag.py:3036} INFO - Sync 1 DAGs
[2026-05-25T09:55:40.392+0000] {logging_mixin.py:188} INFO - [2026-05-25T09:55:40.391+0000] {dag.py:3823} INFO - Setting next_dagrun for example_xcom to 2021-01-01 00:00:00+00:00, run_after=2021-01-01 00:00:00+00:00
[2026-05-25T09:55:40.515+0000] {processor.py:183} INFO - Processing /home/airflow/.local/lib/python3.8/site-packages/airflow/example_dags/example_xcom.py took 0.380 seconds
[2026-05-25T10:00:06.393+0000] {processor.py:161} INFO - Started process (PID=215) to work on /home/airflow/.local/lib/python3.8/site-packages/airflow/example_dags/example_xcom.py
[2026-05-25T10:00:06.395+0000] {processor.py:830} INFO - Processing file /home/airflow/.local/lib/python3.8/site-packages/airflow/example_dags/example_xcom.py for tasks to queue
[2026-05-25T10:00:06.397+0000] {logging_mixin.py:188} INFO - [2026-05-25T10:00:06.396+0000] {dagbag.py:538} INFO - Filling up the DagBag from /home/airflow/.local/lib/python3.8/site-packages/airflow/example_dags/example_xcom.py
[2026-05-25T10:00:06.411+0000] {processor.py:840} INFO - DAG(s) 'example_xcom' retrieved from /home/airflow/.local/lib/python3.8/site-packages/airflow/example_dags/example_xcom.py
[2026-05-25T10:00:06.587+0000] {logging_mixin.py:188} INFO - [2026-05-25T10:00:06.587+0000] {dag.py:3036} INFO - Sync 1 DAGs
[2026-05-25T10:00:06.621+0000] {logging_mixin.py:188} INFO - [2026-05-25T10:00:06.621+0000] {dag.py:3823} INFO - Setting next_dagrun for example_xcom to 2021-01-01 00:00:00+00:00, run_after=2021-01-01 00:00:00+00:00
[2026-05-25T10:00:06.812+0000] {processor.py:183} INFO - Processing /home/airflow/.local/lib/python3.8/site-packages/airflow/example_dags/example_xcom.py took 0.424 seconds
[2026-05-25T10:02:01.294+0000] {processor.py:161} INFO - Started process (PID=281) to work on /home/airflow/.local/lib/python3.8/site-packages/airflow/example_dags/example_xcom.py
[2026-05-25T10:02:01.302+0000] {processor.py:830} INFO - Processing file /home/airflow/.local/lib/python3.8/site-packages/airflow/example_dags/example_xcom.py for tasks to queue
[2026-05-25T10:02:01.306+0000] {logging_mixin.py:188} INFO - [2026-05-25T10:02:01.305+0000] {dagbag.py:538} INFO - Filling up the DagBag from /home/airflow/.local/lib/python3.8/site-packages/airflow/example_dags/example_xcom.py
[2026-05-25T10:02:01.337+0000] {processor.py:840} INFO - DAG(s) 'example_xcom' retrieved from /home/airflow/.local/lib/python3.8/site-packages/airflow/example_dags/example_xcom.py
[2026-05-25T10:02:01.399+0000] {logging_mixin.py:188} INFO - [2026-05-25T10:02:01.398+0000] {dag.py:3036} INFO - Sync 1 DAGs
[2026-05-25T10:02:01.450+0000] {logging_mixin.py:188} INFO - [2026-05-25T10:02:01.449+0000] {dag.py:3823} INFO - Setting next_dagrun for example_xcom to 2021-01-01 00:00:00+00:00, run_after=2021-01-01 00:00:00+00:00
[2026-05-25T10:02:01.662+0000] {processor.py:183} INFO - Processing /home/airflow/.local/lib/python3.8/site-packages/airflow/example_dags/example_xcom.py took 0.375 seconds
[2026-05-25T10:04:12.082+0000] {processor.py:161} INFO - Started process (PID=350) to work on /home/airflow/.local/lib/python3.8/site-packages/airflow/example_dags/example_xcom.py
[2026-05-25T10:04:12.087+0000] {processor.py:830} INFO - Processing file /home/airflow/.local/lib/python3.8/site-packages/airflow/example_dags/example_xcom.py for tasks to queue
[2026-05-25T10:04:12.092+0000] {logging_mixin.py:188} INFO - [2026-05-25T10:04:12.090+0000] {dagbag.py:538} INFO - Filling up the DagBag from /home/airflow/.local/lib/python3.8/site-packages/airflow/example_dags/example_xcom.py
[2026-05-25T10:04:12.124+0000] {processor.py:840} INFO - DAG(s) 'example_xcom' retrieved from /home/airflow/.local/lib/python3.8/site-packages/airflow/example_dags/example_xcom.py
[2026-05-25T10:04:12.191+0000] {logging_mixin.py:188} INFO - [2026-05-25T10:04:12.191+0000] {dag.py:3036} INFO - Sync 1 DAGs
[2026-05-25T10:04:12.292+0000] {logging_mixin.py:188} INFO - [2026-05-25T10:04:12.292+0000] {dag.py:3823} INFO - Setting next_dagrun for example_xcom to 2021-01-01 00:00:00+00:00, run_after=2021-01-01 00:00:00+00:00
[2026-05-25T10:04:12.610+0000] {processor.py:183} INFO - Processing /home/airflow/.local/lib/python3.8/site-packages/airflow/example_dags/example_xcom.py took 0.548 seconds
[2026-05-25T10:06:34.844+0000] {processor.py:161} INFO - Started process (PID=423) to work on /home/airflow/.local/lib/python3.8/site-packages/airflow/example_dags/example_xcom.py
[2026-05-25T10:06:34.846+0000] {processor.py:830} INFO - Processing file /home/airflow/.local/lib/python3.8/site-packages/airflow/example_dags/example_xcom.py for tasks to queue
[2026-05-25T10:06:34.848+0000] {logging_mixin.py:188} INFO - [2026-05-25T10:06:34.847+0000] {dagbag.py:538} INFO - Filling up the DagBag from /home/airflow/.local/lib/python3.8/site-packages/airflow/example_dags/example_xcom.py
[2026-05-25T10:06:34.866+0000] {processor.py:840} INFO - DAG(s) 'example_xcom' retrieved from /home/airflow/.local/lib/python3.8/site-packages/airflow/example_dags/example_xcom.py
[2026-05-25T10:06:34.913+0000] {logging_mixin.py:188} INFO - [2026-05-25T10:06:34.912+0000] {dag.py:3036} INFO - Sync 1 DAGs
[2026-05-25T10:06:34.989+0000] {logging_mixin.py:188} INFO - [2026-05-25T10:06:34.989+0000] {dag.py:3823} INFO - Setting next_dagrun for example_xcom to 2021-01-01 00:00:00+00:00, run_after=2021-01-01 00:00:00+00:00
[2026-05-25T10:06:35.161+0000] {processor.py:183} INFO - Processing /home/airflow/.local/lib/python3.8/site-packages/airflow/example_dags/example_xcom.py took 0.325 seconds
[2026-05-25T10:08:35.678+0000] {processor.py:161} INFO - Started process (PID=490) to work on /home/airflow/.local/lib/python3.8/site-packages/airflow/example_dags/example_xcom.py
[2026-05-25T10:08:35.680+0000] {processor.py:830} INFO - Processing file /home/airflow/.local/lib/python3.8/site-packages/airflow/example_dags/example_xcom.py for tasks to queue
[2026-05-25T10:08:35.682+0000] {logging_mixin.py:188} INFO - [2026-05-25T10:08:35.682+0000] {dagbag.py:538} INFO - Filling up the DagBag from /home/airflow/.local/lib/python3.8/site-packages/airflow/example_dags/example_xcom.py
[2026-05-25T10:08:35.695+0000] {processor.py:840} INFO - DAG(s) 'example_xcom' retrieved from /home/airflow/.local/lib/python3.8/site-packages/airflow/example_dags/example_xcom.py
[2026-05-25T10:08:35.736+0000] {logging_mixin.py:188} INFO - [2026-05-25T10:08:35.736+0000] {dag.py:3036} INFO - Sync 1 DAGs
[2026-05-25T10:08:35.778+0000] {logging_mixin.py:188} INFO - [2026-05-25T10:08:35.777+0000] {dag.py:3823} INFO - Setting next_dagrun for example_xcom to 2021-01-01 00:00:00+00:00, run_after=2021-01-01 00:00:00+00:00
[2026-05-25T10:08:35.955+0000] {processor.py:183} INFO - Processing /home/airflow/.local/lib/python3.8/site-packages/airflow/example_dags/example_xcom.py took 0.282 seconds
[2026-05-25T10:10:41.761+0000] {processor.py:161} INFO - Started process (PID=560) to work on /home/airflow/.local/lib/python3.8/site-packages/airflow/example_dags/example_xcom.py
[2026-05-25T10:10:41.763+0000] {processor.py:830} INFO - Processing file /home/airflow/.local/lib/python3.8/site-packages/airflow/example_dags/example_xcom.py for tasks to queue
[2026-05-25T10:10:41.765+0000] {logging_mixin.py:188} INFO - [2026-05-25T10:10:41.764+0000] {dagbag.py:538} INFO - Filling up the DagBag from /home/airflow/.local/lib/python3.8/site-packages/airflow/example_dags/example_xcom.py
[2026-05-25T10:10:41.780+0000] {processor.py:840} INFO - DAG(s) 'example_xcom' retrieved from /home/airflow/.local/lib/python3.8/site-packages/airflow/example_dags/example_xcom.py
[2026-05-25T10:10:41.816+0000] {logging_mixin.py:188} INFO - [2026-05-25T10:10:41.815+0000] {dag.py:3036} INFO - Sync 1 DAGs
[2026-05-25T10:10:41.851+0000] {logging_mixin.py:188} INFO - [2026-05-25T10:10:41.850+0000] {dag.py:3823} INFO - Setting next_dagrun for example_xcom to 2021-01-01 00:00:00+00:00, run_after=2021-01-01 00:00:00+00:00
[2026-05-25T10:10:41.947+0000] {processor.py:183} INFO - Processing /home/airflow/.local/lib/python3.8/site-packages/airflow/example_dags/example_xcom.py took 0.190 seconds
[2026-05-25T10:12:18.004+0000] {processor.py:161} INFO - Started process (PID=622) to work on /home/airflow/.local/lib/python3.8/site-packages/airflow/example_dags/example_xcom.py
[2026-05-25T10:12:18.006+0000] {processor.py:830} INFO - Processing file /home/airflow/.local/lib/python3.8/site-packages/airflow/example_dags/example_xcom.py for tasks to queue
[2026-05-25T10:12:18.008+0000] {logging_mixin.py:188} INFO - [2026-05-25T10:12:18.007+0000] {dagbag.py:538} INFO - Filling up the DagBag from /home/airflow/.local/lib/python3.8/site-packages/airflow/example_dags/example_xcom.py
[2026-05-25T10:12:18.029+0000] {processor.py:840} INFO - DAG(s) 'example_xcom' retrieved from /home/airflow/.local/lib/python3.8/site-packages/airflow/example_dags/example_xcom.py
[2026-05-25T10:12:18.072+0000] {logging_mixin.py:188} INFO - [2026-05-25T10:12:18.072+0000] {dag.py:3036} INFO - Sync 1 DAGs
[2026-05-25T10:12:18.123+0000] {logging_mixin.py:188} INFO - [2026-05-25T10:12:18.123+0000] {dag.py:3823} INFO - Setting next_dagrun for example_xcom to 2021-01-01 00:00:00+00:00, run_after=2021-01-01 00:00:00+00:00
[2026-05-25T10:12:18.245+0000] {processor.py:183} INFO - Processing /home/airflow/.local/lib/python3.8/site-packages/airflow/example_dags/example_xcom.py took 0.247 seconds
[2026-05-25T10:13:58.697+0000] {processor.py:161} INFO - Started process (PID=681) to work on /home/airflow/.local/lib/python3.8/site-packages/airflow/example_dags/example_xcom.py
[2026-05-25T10:13:58.699+0000] {processor.py:830} INFO - Processing file /home/airflow/.local/lib/python3.8/site-packages/airflow/example_dags/example_xcom.py for tasks to queue
[2026-05-25T10:13:58.702+0000] {logging_mixin.py:188} INFO - [2026-05-25T10:13:58.701+0000] {dagbag.py:538} INFO - Filling up the DagBag from /home/airflow/.local/lib/python3.8/site-packages/airflow/example_dags/example_xcom.py
[2026-05-25T10:13:58.721+0000] {processor.py:840} INFO - DAG(s) 'example_xcom' retrieved from /home/airflow/.local/lib/python3.8/site-packages/airflow/example_dags/example_xcom.py
[2026-05-25T10:13:58.769+0000] {logging_mixin.py:188} INFO - [2026-05-25T10:13:58.769+0000] {dag.py:3036} INFO - Sync 1 DAGs
[2026-05-25T10:13:58.850+0000] {logging_mixin.py:188} INFO - [2026-05-25T10:13:58.850+0000] {dag.py:3823} INFO - Setting next_dagrun for example_xcom to 2021-01-01 00:00:00+00:00, run_after=2021-01-01 00:00:00+00:00
[2026-05-25T10:13:58.980+0000] {processor.py:183} INFO - Processing /home/airflow/.local/lib/python3.8/site-packages/airflow/example_dags/example_xcom.py took 0.291 seconds
[2026-05-25T10:17:13.240+0000] {processor.py:161} INFO - Started process (PID=801) to work on /home/airflow/.local/lib/python3.8/site-packages/airflow/example_dags/example_xcom.py
[2026-05-25T10:17:13.243+0000] {processor.py:830} INFO - Processing file /home/airflow/.local/lib/python3.8/site-packages/airflow/example_dags/example_xcom.py for tasks to queue
[2026-05-25T10:17:13.245+0000] {logging_mixin.py:188} INFO - [2026-05-25T10:17:13.244+0000] {dagbag.py:538} INFO - Filling up the DagBag from /home/airflow/.local/lib/python3.8/site-packages/airflow/example_dags/example_xcom.py
[2026-05-25T10:17:13.268+0000] {processor.py:840} INFO - DAG(s) 'example_xcom' retrieved from /home/airflow/.local/lib/python3.8/site-packages/airflow/example_dags/example_xcom.py
[2026-05-25T10:17:13.321+0000] {logging_mixin.py:188} INFO - [2026-05-25T10:17:13.321+0000] {dag.py:3036} INFO - Sync 1 DAGs
[2026-05-25T10:17:13.374+0000] {logging_mixin.py:188} INFO - [2026-05-25T10:17:13.374+0000] {dag.py:3823} INFO - Setting next_dagrun for example_xcom to 2021-01-01 00:00:00+00:00, run_after=2021-01-01 00:00:00+00:00
[2026-05-25T10:17:13.502+0000] {processor.py:183} INFO - Processing /home/airflow/.local/lib/python3.8/site-packages/airflow/example_dags/example_xcom.py took 0.272 seconds
[2026-05-25T10:18:53.236+0000] {processor.py:161} INFO - Started process (PID=864) to work on /home/airflow/.local/lib/python3.8/site-packages/airflow/example_dags/example_xcom.py
[2026-05-25T10:18:53.238+0000] {processor.py:830} INFO - Processing file /home/airflow/.local/lib/python3.8/site-packages/airflow/example_dags/example_xcom.py for tasks to queue
[2026-05-25T10:18:53.240+0000] {logging_mixin.py:188} INFO - [2026-05-25T10:18:53.239+0000] {dagbag.py:538} INFO - Filling up the DagBag from /home/airflow/.local/lib/python3.8/site-packages/airflow/example_dags/example_xcom.py
[2026-05-25T10:18:53.258+0000] {processor.py:840} INFO - DAG(s) 'example_xcom' retrieved from /home/airflow/.local/lib/python3.8/site-packages/airflow/example_dags/example_xcom.py
[2026-05-25T10:18:53.296+0000] {logging_mixin.py:188} INFO - [2026-05-25T10:18:53.295+0000] {dag.py:3036} INFO - Sync 1 DAGs
[2026-05-25T10:18:53.329+0000] {logging_mixin.py:188} INFO - [2026-05-25T10:18:53.328+0000] {dag.py:3823} INFO - Setting next_dagrun for example_xcom to 2021-01-01 00:00:00+00:00, run_after=2021-01-01 00:00:00+00:00
[2026-05-25T10:18:53.424+0000] {processor.py:183} INFO - Processing /home/airflow/.local/lib/python3.8/site-packages/airflow/example_dags/example_xcom.py took 0.192 seconds
[2026-05-25T10:20:26.409+0000] {processor.py:161} INFO - Started process (PID=926) to work on /home/airflow/.local/lib/python3.8/site-packages/airflow/example_dags/example_xcom.py
[2026-05-25T10:20:26.414+0000] {processor.py:830} INFO - Processing file /home/airflow/.local/lib/python3.8/site-packages/airflow/example_dags/example_xcom.py for tasks to queue
[2026-05-25T10:20:26.423+0000] {logging_mixin.py:188} INFO - [2026-05-25T10:20:26.422+0000] {dagbag.py:538} INFO - Filling up the DagBag from /home/airflow/.local/lib/python3.8/site-packages/airflow/example_dags/example_xcom.py
[2026-05-25T10:20:26.458+0000] {processor.py:840} INFO - DAG(s) 'example_xcom' retrieved from /home/airflow/.local/lib/python3.8/site-packages/airflow/example_dags/example_xcom.py
[2026-05-25T10:20:26.897+0000] {logging_mixin.py:188} INFO - [2026-05-25T10:20:26.897+0000] {dag.py:3036} INFO - Sync 1 DAGs
[2026-05-25T10:20:26.983+0000] {logging_mixin.py:188} INFO - [2026-05-25T10:20:26.982+0000] {dag.py:3823} INFO - Setting next_dagrun for example_xcom to 2021-01-01 00:00:00+00:00, run_after=2021-01-01 00:00:00+00:00
[2026-05-25T10:20:27.189+0000] {processor.py:183} INFO - Processing /home/airflow/.local/lib/python3.8/site-packages/airflow/example_dags/example_xcom.py took 0.787 seconds
[2026-05-25T10:22:01.835+0000] {processor.py:161} INFO - Started process (PID=989) to work on /home/airflow/.local/lib/python3.8/site-packages/airflow/example_dags/example_xcom.py
[2026-05-25T10:22:01.837+0000] {processor.py:830} INFO - Processing file /home/airflow/.local/lib/python3.8/site-packages/airflow/example_dags/example_xcom.py for tasks to queue
[2026-05-25T10:22:01.840+0000] {logging_mixin.py:188} INFO - [2026-05-25T10:22:01.839+0000] {dagbag.py:538} INFO - Filling up the DagBag from /home/airflow/.local/lib/python3.8/site-packages/airflow/example_dags/example_xcom.py
[2026-05-25T10:22:01.849+0000] {processor.py:840} INFO - DAG(s) 'example_xcom' retrieved from /home/airflow/.local/lib/python3.8/site-packages/airflow/example_dags/example_xcom.py
[2026-05-25T10:22:01.890+0000] {logging_mixin.py:188} INFO - [2026-05-25T10:22:01.890+0000] {dag.py:3036} INFO - Sync 1 DAGs
[2026-05-25T10:22:01.925+0000] {logging_mixin.py:188} INFO - [2026-05-25T10:22:01.925+0000] {dag.py:3823} INFO - Setting next_dagrun for example_xcom to 2021-01-01 00:00:00+00:00, run_after=2021-01-01 00:00:00+00:00
[2026-05-25T10:22:02.023+0000] {processor.py:183} INFO - Processing /home/airflow/.local/lib/python3.8/site-packages/airflow/example_dags/example_xcom.py took 0.192 seconds
[2026-05-25T10:23:36.736+0000] {processor.py:161} INFO - Started process (PID=1052) to work on /home/airflow/.local/lib/python3.8/site-packages/airflow/example_dags/example_xcom.py
[2026-05-25T10:23:36.738+0000] {processor.py:830} INFO - Processing file /home/airflow/.local/lib/python3.8/site-packages/airflow/example_dags/example_xcom.py for tasks to queue
[2026-05-25T10:23:36.740+0000] {logging_mixin.py:188} INFO - [2026-05-25T10:23:36.739+0000] {dagbag.py:538} INFO - Filling up the DagBag from /home/airflow/.local/lib/python3.8/site-packages/airflow/example_dags/example_xcom.py
[2026-05-25T10:23:36.749+0000] {processor.py:840} INFO - DAG(s) 'example_xcom' retrieved from /home/airflow/.local/lib/python3.8/site-packages/airflow/example_dags/example_xcom.py
[2026-05-25T10:23:36.791+0000] {logging_mixin.py:188} INFO - [2026-05-25T10:23:36.791+0000] {dag.py:3036} INFO - Sync 1 DAGs
[2026-05-25T10:23:36.823+0000] {logging_mixin.py:188} INFO - [2026-05-25T10:23:36.823+0000] {dag.py:3823} INFO - Setting next_dagrun for example_xcom to 2021-01-01 00:00:00+00:00, run_after=2021-01-01 00:00:00+00:00
[2026-05-25T10:23:36.916+0000] {processor.py:183} INFO - Processing /home/airflow/.local/lib/python3.8/site-packages/airflow/example_dags/example_xcom.py took 0.183 seconds
[2026-05-25T10:25:09.883+0000] {processor.py:161} INFO - Started process (PID=1114) to work on /home/airflow/.local/lib/python3.8/site-packages/airflow/example_dags/example_xcom.py
[2026-05-25T10:25:09.886+0000] {processor.py:830} INFO - Processing file /home/airflow/.local/lib/python3.8/site-packages/airflow/example_dags/example_xcom.py for tasks to queue
[2026-05-25T10:25:09.887+0000] {logging_mixin.py:188} INFO - [2026-05-25T10:25:09.887+0000] {dagbag.py:538} INFO - Filling up the DagBag from /home/airflow/.local/lib/python3.8/site-packages/airflow/example_dags/example_xcom.py
[2026-05-25T10:25:09.900+0000] {processor.py:840} INFO - DAG(s) 'example_xcom' retrieved from /home/airflow/.local/lib/python3.8/site-packages/airflow/example_dags/example_xcom.py
[2026-05-25T10:25:09.937+0000] {logging_mixin.py:188} INFO - [2026-05-25T10:25:09.937+0000] {dag.py:3036} INFO - Sync 1 DAGs
[2026-05-25T10:25:09.975+0000] {logging_mixin.py:188} INFO - [2026-05-25T10:25:09.975+0000] {dag.py:3823} INFO - Setting next_dagrun for example_xcom to 2021-01-01 00:00:00+00:00, run_after=2021-01-01 00:00:00+00:00
[2026-05-25T10:25:10.080+0000] {processor.py:183} INFO - Processing /home/airflow/.local/lib/python3.8/site-packages/airflow/example_dags/example_xcom.py took 0.201 seconds
[2026-05-25T10:26:51.684+0000] {processor.py:161} INFO - Started process (PID=1179) to work on /home/airflow/.local/lib/python3.8/site-packages/airflow/example_dags/example_xcom.py
[2026-05-25T10:26:51.686+0000] {processor.py:830} INFO - Processing file /home/airflow/.local/lib/python3.8/site-packages/airflow/example_dags/example_xcom.py for tasks to queue
[2026-05-25T10:26:51.687+0000] {logging_mixin.py:188} INFO - [2026-05-25T10:26:51.687+0000] {dagbag.py:538} INFO - Filling up the DagBag from /home/airflow/.local/lib/python3.8/site-packages/airflow/example_dags/example_xcom.py
[2026-05-25T10:26:51.702+0000] {processor.py:840} INFO - DAG(s) 'example_xcom' retrieved from /home/airflow/.local/lib/python3.8/site-packages/airflow/example_dags/example_xcom.py
[2026-05-25T10:26:51.747+0000] {logging_mixin.py:188} INFO - [2026-05-25T10:26:51.747+0000] {dag.py:3036} INFO - Sync 1 DAGs
[2026-05-25T10:26:51.785+0000] {logging_mixin.py:188} INFO - [2026-05-25T10:26:51.784+0000] {dag.py:3823} INFO - Setting next_dagrun for example_xcom to 2021-01-01 00:00:00+00:00, run_after=2021-01-01 00:00:00+00:00
[2026-05-25T10:26:51.879+0000] {processor.py:183} INFO - Processing /home/airflow/.local/lib/python3.8/site-packages/airflow/example_dags/example_xcom.py took 0.200 seconds
[2026-05-25T10:28:30.860+0000] {processor.py:161} INFO - Started process (PID=1244) to work on /home/airflow/.local/lib/python3.8/site-packages/airflow/example_dags/example_xcom.py
[2026-05-25T10:28:30.862+0000] {processor.py:830} INFO - Processing file /home/airflow/.local/lib/python3.8/site-packages/airflow/example_dags/example_xcom.py for tasks to queue
[2026-05-25T10:28:30.864+0000] {logging_mixin.py:188} INFO - [2026-05-25T10:28:30.864+0000] {dagbag.py:538} INFO - Filling up the DagBag from /home/airflow/.local/lib/python3.8/site-packages/airflow/example_dags/example_xcom.py
[2026-05-25T10:28:30.880+0000] {processor.py:840} INFO - DAG(s) 'example_xcom' retrieved from /home/airflow/.local/lib/python3.8/site-packages/airflow/example_dags/example_xcom.py
[2026-05-25T10:28:30.922+0000] {logging_mixin.py:188} INFO - [2026-05-25T10:28:30.921+0000] {dag.py:3036} INFO - Sync 1 DAGs
[2026-05-25T10:28:30.961+0000] {logging_mixin.py:188} INFO - [2026-05-25T10:28:30.961+0000] {dag.py:3823} INFO - Setting next_dagrun for example_xcom to 2021-01-01 00:00:00+00:00, run_after=2021-01-01 00:00:00+00:00
[2026-05-25T10:28:31.069+0000] {processor.py:183} INFO - Processing /home/airflow/.local/lib/python3.8/site-packages/airflow/example_dags/example_xcom.py took 0.214 seconds
[2026-05-25T10:30:02.624+0000] {processor.py:161} INFO - Started process (PID=1306) to work on /home/airflow/.local/lib/python3.8/site-packages/airflow/example_dags/example_xcom.py
[2026-05-25T10:30:02.626+0000] {processor.py:830} INFO - Processing file /home/airflow/.local/lib/python3.8/site-packages/airflow/example_dags/example_xcom.py for tasks to queue
[2026-05-25T10:30:02.628+0000] {logging_mixin.py:188} INFO - [2026-05-25T10:30:02.627+0000] {dagbag.py:538} INFO - Filling up the DagBag from /home/airflow/.local/lib/python3.8/site-packages/airflow/example_dags/example_xcom.py
[2026-05-25T10:30:02.641+0000] {processor.py:840} INFO - DAG(s) 'example_xcom' retrieved from /home/airflow/.local/lib/python3.8/site-packages/airflow/example_dags/example_xcom.py
[2026-05-25T10:30:02.690+0000] {logging_mixin.py:188} INFO - [2026-05-25T10:30:02.690+0000] {dag.py:3036} INFO - Sync 1 DAGs
[2026-05-25T10:30:02.730+0000] {logging_mixin.py:188} INFO - [2026-05-25T10:30:02.730+0000] {dag.py:3823} INFO - Setting next_dagrun for example_xcom to 2021-01-01 00:00:00+00:00, run_after=2021-01-01 00:00:00+00:00
[2026-05-25T10:30:02.829+0000] {processor.py:183} INFO - Processing /home/airflow/.local/lib/python3.8/site-packages/airflow/example_dags/example_xcom.py took 0.209 seconds
[2026-05-25T10:31:38.801+0000] {processor.py:161} INFO - Started process (PID=1367) to work on /home/airflow/.local/lib/python3.8/site-packages/airflow/example_dags/example_xcom.py
[2026-05-25T10:31:38.804+0000] {processor.py:830} INFO - Processing file /home/airflow/.local/lib/python3.8/site-packages/airflow/example_dags/example_xcom.py for tasks to queue
[2026-05-25T10:31:38.806+0000] {logging_mixin.py:188} INFO - [2026-05-25T10:31:38.805+0000] {dagbag.py:538} INFO - Filling up the DagBag from /home/airflow/.local/lib/python3.8/site-packages/airflow/example_dags/example_xcom.py
[2026-05-25T10:31:38.824+0000] {processor.py:840} INFO - DAG(s) 'example_xcom' retrieved from /home/airflow/.local/lib/python3.8/site-packages/airflow/example_dags/example_xcom.py
[2026-05-25T10:31:38.870+0000] {logging_mixin.py:188} INFO - [2026-05-25T10:31:38.869+0000] {dag.py:3036} INFO - Sync 1 DAGs
[2026-05-25T10:31:38.913+0000] {logging_mixin.py:188} INFO - [2026-05-25T10:31:38.913+0000] {dag.py:3823} INFO - Setting next_dagrun for example_xcom to 2021-01-01 00:00:00+00:00, run_after=2021-01-01 00:00:00+00:00
[2026-05-25T10:31:39.206+0000] {processor.py:183} INFO - Processing /home/airflow/.local/lib/python3.8/site-packages/airflow/example_dags/example_xcom.py took 0.411 seconds
[2026-05-25T10:33:17.545+0000] {processor.py:161} INFO - Started process (PID=1431) to work on /home/airflow/.local/lib/python3.8/site-packages/airflow/example_dags/example_xcom.py
[2026-05-25T10:33:17.547+0000] {processor.py:830} INFO - Processing file /home/airflow/.local/lib/python3.8/site-packages/airflow/example_dags/example_xcom.py for tasks to queue
[2026-05-25T10:33:17.550+0000] {logging_mixin.py:188} INFO - [2026-05-25T10:33:17.549+0000] {dagbag.py:538} INFO - Filling up the DagBag from /home/airflow/.local/lib/python3.8/site-packages/airflow/example_dags/example_xcom.py
[2026-05-25T10:33:17.564+0000] {processor.py:840} INFO - DAG(s) 'example_xcom' retrieved from /home/airflow/.local/lib/python3.8/site-packages/airflow/example_dags/example_xcom.py
[2026-05-25T10:33:17.608+0000] {logging_mixin.py:188} INFO - [2026-05-25T10:33:17.608+0000] {dag.py:3036} INFO - Sync 1 DAGs
[2026-05-25T10:33:17.653+0000] {logging_mixin.py:188} INFO - [2026-05-25T10:33:17.653+0000] {dag.py:3823} INFO - Setting next_dagrun for example_xcom to 2021-01-01 00:00:00+00:00, run_after=2021-01-01 00:00:00+00:00
[2026-05-25T10:33:17.761+0000] {processor.py:183} INFO - Processing /home/airflow/.local/lib/python3.8/site-packages/airflow/example_dags/example_xcom.py took 0.223 seconds
[2026-05-25T10:34:46.181+0000] {processor.py:161} INFO - Started process (PID=1491) to work on /home/airflow/.local/lib/python3.8/site-packages/airflow/example_dags/example_xcom.py
[2026-05-25T10:34:46.183+0000] {processor.py:830} INFO - Processing file /home/airflow/.local/lib/python3.8/site-packages/airflow/example_dags/example_xcom.py for tasks to queue
[2026-05-25T10:34:46.184+0000] {logging_mixin.py:188} INFO - [2026-05-25T10:34:46.184+0000] {dagbag.py:538} INFO - Filling up the DagBag from /home/airflow/.local/lib/python3.8/site-packages/airflow/example_dags/example_xcom.py
[2026-05-25T10:34:46.196+0000] {processor.py:840} INFO - DAG(s) 'example_xcom' retrieved from /home/airflow/.local/lib/python3.8/site-packages/airflow/example_dags/example_xcom.py
[2026-05-25T10:34:46.236+0000] {logging_mixin.py:188} INFO - [2026-05-25T10:34:46.235+0000] {dag.py:3036} INFO - Sync 1 DAGs
[2026-05-25T10:34:46.273+0000] {logging_mixin.py:188} INFO - [2026-05-25T10:34:46.273+0000] {dag.py:3823} INFO - Setting next_dagrun for example_xcom to 2021-01-01 00:00:00+00:00, run_after=2021-01-01 00:00:00+00:00
[2026-05-25T10:34:46.360+0000] {processor.py:183} INFO - Processing /home/airflow/.local/lib/python3.8/site-packages/airflow/example_dags/example_xcom.py took 0.184 seconds
[2026-05-25T10:36:12.491+0000] {processor.py:161} INFO - Started process (PID=1550) to work on /home/airflow/.local/lib/python3.8/site-packages/airflow/example_dags/example_xcom.py
[2026-05-25T10:36:12.492+0000] {processor.py:830} INFO - Processing file /home/airflow/.local/lib/python3.8/site-packages/airflow/example_dags/example_xcom.py for tasks to queue
[2026-05-25T10:36:12.493+0000] {logging_mixin.py:188} INFO - [2026-05-25T10:36:12.493+0000] {dagbag.py:538} INFO - Filling up the DagBag from /home/airflow/.local/lib/python3.8/site-packages/airflow/example_dags/example_xcom.py
[2026-05-25T10:36:12.503+0000] {processor.py:840} INFO - DAG(s) 'example_xcom' retrieved from /home/airflow/.local/lib/python3.8/site-packages/airflow/example_dags/example_xcom.py
[2026-05-25T10:36:12.537+0000] {logging_mixin.py:188} INFO - [2026-05-25T10:36:12.536+0000] {dag.py:3036} INFO - Sync 1 DAGs
[2026-05-25T10:36:12.572+0000] {logging_mixin.py:188} INFO - [2026-05-25T10:36:12.572+0000] {dag.py:3823} INFO - Setting next_dagrun for example_xcom to 2021-01-01 00:00:00+00:00, run_after=2021-01-01 00:00:00+00:00
[2026-05-25T10:36:12.670+0000] {processor.py:183} INFO - Processing /home/airflow/.local/lib/python3.8/site-packages/airflow/example_dags/example_xcom.py took 0.183 seconds
[2026-05-25T10:37:37.772+0000] {processor.py:161} INFO - Started process (PID=1611) to work on /home/airflow/.local/lib/python3.8/site-packages/airflow/example_dags/example_xcom.py
[2026-05-25T10:37:37.774+0000] {processor.py:830} INFO - Processing file /home/airflow/.local/lib/python3.8/site-packages/airflow/example_dags/example_xcom.py for tasks to queue
[2026-05-25T10:37:37.775+0000] {logging_mixin.py:188} INFO - [2026-05-25T10:37:37.775+0000] {dagbag.py:538} INFO - Filling up the DagBag from /home/airflow/.local/lib/python3.8/site-packages/airflow/example_dags/example_xcom.py
[2026-05-25T10:37:37.784+0000] {processor.py:840} INFO - DAG(s) 'example_xcom' retrieved from /home/airflow/.local/lib/python3.8/site-packages/airflow/example_dags/example_xcom.py
[2026-05-25T10:37:37.817+0000] {logging_mixin.py:188} INFO - [2026-05-25T10:37:37.817+0000] {dag.py:3036} INFO - Sync 1 DAGs
[2026-05-25T10:37:37.847+0000] {logging_mixin.py:188} INFO - [2026-05-25T10:37:37.847+0000] {dag.py:3823} INFO - Setting next_dagrun for example_xcom to 2021-01-01 00:00:00+00:00, run_after=2021-01-01 00:00:00+00:00
[2026-05-25T10:37:37.929+0000] {processor.py:183} INFO - Processing /home/airflow/.local/lib/python3.8/site-packages/airflow/example_dags/example_xcom.py took 0.162 seconds
[2026-05-25T10:39:07.573+0000] {processor.py:161} INFO - Started process (PID=1672) to work on /home/airflow/.local/lib/python3.8/site-packages/airflow/example_dags/example_xcom.py
[2026-05-25T10:39:07.575+0000] {processor.py:830} INFO - Processing file /home/airflow/.local/lib/python3.8/site-packages/airflow/example_dags/example_xcom.py for tasks to queue
[2026-05-25T10:39:07.577+0000] {logging_mixin.py:188} INFO - [2026-05-25T10:39:07.576+0000] {dagbag.py:538} INFO - Filling up the DagBag from /home/airflow/.local/lib/python3.8/site-packages/airflow/example_dags/example_xcom.py
[2026-05-25T10:39:07.588+0000] {processor.py:840} INFO - DAG(s) 'example_xcom' retrieved from /home/airflow/.local/lib/python3.8/site-packages/airflow/example_dags/example_xcom.py
[2026-05-25T10:39:07.629+0000] {logging_mixin.py:188} INFO - [2026-05-25T10:39:07.628+0000] {dag.py:3036} INFO - Sync 1 DAGs
[2026-05-25T10:39:07.663+0000] {logging_mixin.py:188} INFO - [2026-05-25T10:39:07.663+0000] {dag.py:3823} INFO - Setting next_dagrun for example_xcom to 2021-01-01 00:00:00+00:00, run_after=2021-01-01 00:00:00+00:00
[2026-05-25T10:39:07.756+0000] {processor.py:183} INFO - Processing /home/airflow/.local/lib/python3.8/site-packages/airflow/example_dags/example_xcom.py took 0.187 seconds
[2026-05-25T10:40:44.654+0000] {processor.py:161} INFO - Started process (PID=1734) to work on /home/airflow/.local/lib/python3.8/site-packages/airflow/example_dags/example_xcom.py
[2026-05-25T10:40:44.658+0000] {processor.py:830} INFO - Processing file /home/airflow/.local/lib/python3.8/site-packages/airflow/example_dags/example_xcom.py for tasks to queue
[2026-05-25T10:40:44.661+0000] {logging_mixin.py:188} INFO - [2026-05-25T10:40:44.660+0000] {dagbag.py:538} INFO - Filling up the DagBag from /home/airflow/.local/lib/python3.8/site-packages/airflow/example_dags/example_xcom.py
[2026-05-25T10:40:44.684+0000] {processor.py:840} INFO - DAG(s) 'example_xcom' retrieved from /home/airflow/.local/lib/python3.8/site-packages/airflow/example_dags/example_xcom.py
[2026-05-25T10:40:44.747+0000] {logging_mixin.py:188} INFO - [2026-05-25T10:40:44.747+0000] {dag.py:3036} INFO - Sync 1 DAGs
[2026-05-25T10:40:44.800+0000] {logging_mixin.py:188} INFO - [2026-05-25T10:40:44.800+0000] {dag.py:3823} INFO - Setting next_dagrun for example_xcom to 2021-01-01 00:00:00+00:00, run_after=2021-01-01 00:00:00+00:00
[2026-05-25T10:40:44.922+0000] {processor.py:183} INFO - Processing /home/airflow/.local/lib/python3.8/site-packages/airflow/example_dags/example_xcom.py took 0.283 seconds
[2026-05-25T10:42:24.864+0000] {processor.py:161} INFO - Started process (PID=1797) to work on /home/airflow/.local/lib/python3.8/site-packages/airflow/example_dags/example_xcom.py
[2026-05-25T10:42:24.868+0000] {processor.py:830} INFO - Processing file /home/airflow/.local/lib/python3.8/site-packages/airflow/example_dags/example_xcom.py for tasks to queue
[2026-05-25T10:42:24.871+0000] {logging_mixin.py:188} INFO - [2026-05-25T10:42:24.870+0000] {dagbag.py:538} INFO - Filling up the DagBag from /home/airflow/.local/lib/python3.8/site-packages/airflow/example_dags/example_xcom.py
[2026-05-25T10:42:24.891+0000] {processor.py:840} INFO - DAG(s) 'example_xcom' retrieved from /home/airflow/.local/lib/python3.8/site-packages/airflow/example_dags/example_xcom.py
[2026-05-25T10:42:24.987+0000] {logging_mixin.py:188} INFO - [2026-05-25T10:42:24.986+0000] {dag.py:3036} INFO - Sync 1 DAGs
[2026-05-25T10:42:25.055+0000] {logging_mixin.py:188} INFO - [2026-05-25T10:42:25.055+0000] {dag.py:3823} INFO - Setting next_dagrun for example_xcom to 2021-01-01 00:00:00+00:00, run_after=2021-01-01 00:00:00+00:00
[2026-05-25T10:42:25.180+0000] {processor.py:183} INFO - Processing /home/airflow/.local/lib/python3.8/site-packages/airflow/example_dags/example_xcom.py took 0.326 seconds
[2026-05-25T10:43:49.677+0000] {processor.py:161} INFO - Started process (PID=1855) to work on /home/airflow/.local/lib/python3.8/site-packages/airflow/example_dags/example_xcom.py
[2026-05-25T10:43:49.679+0000] {processor.py:830} INFO - Processing file /home/airflow/.local/lib/python3.8/site-packages/airflow/example_dags/example_xcom.py for tasks to queue
[2026-05-25T10:43:49.681+0000] {logging_mixin.py:188} INFO - [2026-05-25T10:43:49.681+0000] {dagbag.py:538} INFO - Filling up the DagBag from /home/airflow/.local/lib/python3.8/site-packages/airflow/example_dags/example_xcom.py
[2026-05-25T10:43:49.699+0000] {processor.py:840} INFO - DAG(s) 'example_xcom' retrieved from /home/airflow/.local/lib/python3.8/site-packages/airflow/example_dags/example_xcom.py
[2026-05-25T10:43:49.742+0000] {logging_mixin.py:188} INFO - [2026-05-25T10:43:49.742+0000] {dag.py:3036} INFO - Sync 1 DAGs
[2026-05-25T10:43:49.780+0000] {logging_mixin.py:188} INFO - [2026-05-25T10:43:49.779+0000] {dag.py:3823} INFO - Setting next_dagrun for example_xcom to 2021-01-01 00:00:00+00:00, run_after=2021-01-01 00:00:00+00:00
[2026-05-25T10:43:49.862+0000] {processor.py:183} INFO - Processing /home/airflow/.local/lib/python3.8/site-packages/airflow/example_dags/example_xcom.py took 0.192 seconds
[2026-05-25T10:45:20.105+0000] {processor.py:161} INFO - Started process (PID=1916) to work on /home/airflow/.local/lib/python3.8/site-packages/airflow/example_dags/example_xcom.py
[2026-05-25T10:45:20.106+0000] {processor.py:830} INFO - Processing file /home/airflow/.local/lib/python3.8/site-packages/airflow/example_dags/example_xcom.py for tasks to queue
[2026-05-25T10:45:20.108+0000] {logging_mixin.py:188} INFO - [2026-05-25T10:45:20.107+0000] {dagbag.py:538} INFO - Filling up the DagBag from /home/airflow/.local/lib/python3.8/site-packages/airflow/example_dags/example_xcom.py
[2026-05-25T10:45:20.117+0000] {processor.py:840} INFO - DAG(s) 'example_xcom' retrieved from /home/airflow/.local/lib/python3.8/site-packages/airflow/example_dags/example_xcom.py
[2026-05-25T10:45:20.150+0000] {logging_mixin.py:188} INFO - [2026-05-25T10:45:20.150+0000] {dag.py:3036} INFO - Sync 1 DAGs
[2026-05-25T10:45:20.182+0000] {logging_mixin.py:188} INFO - [2026-05-25T10:45:20.182+0000] {dag.py:3823} INFO - Setting next_dagrun for example_xcom to 2021-01-01 00:00:00+00:00, run_after=2021-01-01 00:00:00+00:00
[2026-05-25T10:45:20.268+0000] {processor.py:183} INFO - Processing /home/airflow/.local/lib/python3.8/site-packages/airflow/example_dags/example_xcom.py took 0.167 seconds
[2026-05-25T10:47:06.180+0000] {processor.py:161} INFO - Started process (PID=1982) to work on /home/airflow/.local/lib/python3.8/site-packages/airflow/example_dags/example_xcom.py
[2026-05-25T10:47:06.184+0000] {processor.py:830} INFO - Processing file /home/airflow/.local/lib/python3.8/site-packages/airflow/example_dags/example_xcom.py for tasks to queue
[2026-05-25T10:47:06.185+0000] {logging_mixin.py:188} INFO - [2026-05-25T10:47:06.185+0000] {dagbag.py:538} INFO - Filling up the DagBag from /home/airflow/.local/lib/python3.8/site-packages/airflow/example_dags/example_xcom.py
[2026-05-25T10:47:06.199+0000] {processor.py:840} INFO - DAG(s) 'example_xcom' retrieved from /home/airflow/.local/lib/python3.8/site-packages/airflow/example_dags/example_xcom.py
[2026-05-25T10:47:06.238+0000] {logging_mixin.py:188} INFO - [2026-05-25T10:47:06.238+0000] {dag.py:3036} INFO - Sync 1 DAGs
[2026-05-25T10:47:06.274+0000] {logging_mixin.py:188} INFO - [2026-05-25T10:47:06.274+0000] {dag.py:3823} INFO - Setting next_dagrun for example_xcom to 2021-01-01 00:00:00+00:00, run_after=2021-01-01 00:00:00+00:00
[2026-05-25T10:47:06.366+0000] {processor.py:183} INFO - Processing /home/airflow/.local/lib/python3.8/site-packages/airflow/example_dags/example_xcom.py took 0.191 seconds
[2026-05-25T10:48:36.818+0000] {processor.py:161} INFO - Started process (PID=2043) to work on /home/airflow/.local/lib/python3.8/site-packages/airflow/example_dags/example_xcom.py
[2026-05-25T10:48:36.820+0000] {processor.py:830} INFO - Processing file /home/airflow/.local/lib/python3.8/site-packages/airflow/example_dags/example_xcom.py for tasks to queue
[2026-05-25T10:48:36.821+0000] {logging_mixin.py:188} INFO - [2026-05-25T10:48:36.821+0000] {dagbag.py:538} INFO - Filling up the DagBag from /home/airflow/.local/lib/python3.8/site-packages/airflow/example_dags/example_xcom.py
[2026-05-25T10:48:36.831+0000] {processor.py:840} INFO - DAG(s) 'example_xcom' retrieved from /home/airflow/.local/lib/python3.8/site-packages/airflow/example_dags/example_xcom.py
[2026-05-25T10:48:36.872+0000] {logging_mixin.py:188} INFO - [2026-05-25T10:48:36.871+0000] {dag.py:3036} INFO - Sync 1 DAGs
[2026-05-25T10:48:36.909+0000] {logging_mixin.py:188} INFO - [2026-05-25T10:48:36.909+0000] {dag.py:3823} INFO - Setting next_dagrun for example_xcom to 2021-01-01 00:00:00+00:00, run_after=2021-01-01 00:00:00+00:00
[2026-05-25T10:48:37.008+0000] {processor.py:183} INFO - Processing /home/airflow/.local/lib/python3.8/site-packages/airflow/example_dags/example_xcom.py took 0.194 seconds
[2026-05-25T10:50:13.009+0000] {processor.py:161} INFO - Started process (PID=2105) to work on /home/airflow/.local/lib/python3.8/site-packages/airflow/example_dags/example_xcom.py
[2026-05-25T10:50:13.011+0000] {processor.py:830} INFO - Processing file /home/airflow/.local/lib/python3.8/site-packages/airflow/example_dags/example_xcom.py for tasks to queue
[2026-05-25T10:50:13.013+0000] {logging_mixin.py:188} INFO - [2026-05-25T10:50:13.013+0000] {dagbag.py:538} INFO - Filling up the DagBag from /home/airflow/.local/lib/python3.8/site-packages/airflow/example_dags/example_xcom.py
[2026-05-25T10:50:13.024+0000] {processor.py:840} INFO - DAG(s) 'example_xcom' retrieved from /home/airflow/.local/lib/python3.8/site-packages/airflow/example_dags/example_xcom.py
[2026-05-25T10:50:13.064+0000] {logging_mixin.py:188} INFO - [2026-05-25T10:50:13.064+0000] {dag.py:3036} INFO - Sync 1 DAGs
[2026-05-25T10:50:13.102+0000] {logging_mixin.py:188} INFO - [2026-05-25T10:50:13.101+0000] {dag.py:3823} INFO - Setting next_dagrun for example_xcom to 2021-01-01 00:00:00+00:00, run_after=2021-01-01 00:00:00+00:00
[2026-05-25T10:50:13.278+0000] {processor.py:183} INFO - Processing /home/airflow/.local/lib/python3.8/site-packages/airflow/example_dags/example_xcom.py took 0.273 seconds
[2026-05-25T10:51:56.712+0000] {processor.py:161} INFO - Started process (PID=2171) to work on /home/airflow/.local/lib/python3.8/site-packages/airflow/example_dags/example_xcom.py
[2026-05-25T10:51:56.716+0000] {processor.py:830} INFO - Processing file /home/airflow/.local/lib/python3.8/site-packages/airflow/example_dags/example_xcom.py for tasks to queue
[2026-05-25T10:51:56.719+0000] {logging_mixin.py:188} INFO - [2026-05-25T10:51:56.719+0000] {dagbag.py:538} INFO - Filling up the DagBag from /home/airflow/.local/lib/python3.8/site-packages/airflow/example_dags/example_xcom.py
[2026-05-25T10:51:56.736+0000] {processor.py:840} INFO - DAG(s) 'example_xcom' retrieved from /home/airflow/.local/lib/python3.8/site-packages/airflow/example_dags/example_xcom.py
[2026-05-25T10:51:56.779+0000] {logging_mixin.py:188} INFO - [2026-05-25T10:51:56.778+0000] {dag.py:3036} INFO - Sync 1 DAGs
[2026-05-25T10:51:56.823+0000] {logging_mixin.py:188} INFO - [2026-05-25T10:51:56.822+0000] {dag.py:3823} INFO - Setting next_dagrun for example_xcom to 2021-01-01 00:00:00+00:00, run_after=2021-01-01 00:00:00+00:00
[2026-05-25T10:51:56.924+0000] {processor.py:183} INFO - Processing /home/airflow/.local/lib/python3.8/site-packages/airflow/example_dags/example_xcom.py took 0.217 seconds
[2026-05-25T10:55:11.910+0000] {processor.py:161} INFO - Started process (PID=2245) to work on /home/airflow/.local/lib/python3.8/site-packages/airflow/example_dags/example_xcom.py
[2026-05-25T10:55:11.986+0000] {processor.py:830} INFO - Processing file /home/airflow/.local/lib/python3.8/site-packages/airflow/example_dags/example_xcom.py for tasks to queue
[2026-05-25T10:55:11.990+0000] {logging_mixin.py:188} INFO - [2026-05-25T10:55:11.989+0000] {dagbag.py:538} INFO - Filling up the DagBag from /home/airflow/.local/lib/python3.8/site-packages/airflow/example_dags/example_xcom.py
[2026-05-25T10:55:12.018+0000] {processor.py:840} INFO - DAG(s) 'example_xcom' retrieved from /home/airflow/.local/lib/python3.8/site-packages/airflow/example_dags/example_xcom.py
[2026-05-25T10:55:12.089+0000] {logging_mixin.py:188} INFO - [2026-05-25T10:55:12.088+0000] {dag.py:3036} INFO - Sync 1 DAGs
[2026-05-25T10:55:12.140+0000] {logging_mixin.py:188} INFO - [2026-05-25T10:55:12.139+0000] {dag.py:3823} INFO - Setting next_dagrun for example_xcom to 2021-01-01 00:00:00+00:00, run_after=2021-01-01 00:00:00+00:00
[2026-05-25T10:55:12.255+0000] {processor.py:183} INFO - Processing /home/airflow/.local/lib/python3.8/site-packages/airflow/example_dags/example_xcom.py took 0.357 seconds
[2026-05-25T10:57:46.715+0000] {processor.py:161} INFO - Started process (PID=2321) to work on /home/airflow/.local/lib/python3.8/site-packages/airflow/example_dags/example_xcom.py
[2026-05-25T10:57:46.754+0000] {processor.py:830} INFO - Processing file /home/airflow/.local/lib/python3.8/site-packages/airflow/example_dags/example_xcom.py for tasks to queue
[2026-05-25T10:57:46.757+0000] {logging_mixin.py:188} INFO - [2026-05-25T10:57:46.756+0000] {dagbag.py:538} INFO - Filling up the DagBag from /home/airflow/.local/lib/python3.8/site-packages/airflow/example_dags/example_xcom.py
[2026-05-25T10:57:46.775+0000] {processor.py:840} INFO - DAG(s) 'example_xcom' retrieved from /home/airflow/.local/lib/python3.8/site-packages/airflow/example_dags/example_xcom.py
[2026-05-25T10:57:46.867+0000] {logging_mixin.py:188} INFO - [2026-05-25T10:57:46.866+0000] {dag.py:3036} INFO - Sync 1 DAGs
[2026-05-25T10:57:46.932+0000] {logging_mixin.py:188} INFO - [2026-05-25T10:57:46.932+0000] {dag.py:3823} INFO - Setting next_dagrun for example_xcom to 2021-01-01 00:00:00+00:00, run_after=2021-01-01 00:00:00+00:00
[2026-05-25T10:57:47.065+0000] {processor.py:183} INFO - Processing /home/airflow/.local/lib/python3.8/site-packages/airflow/example_dags/example_xcom.py took 0.357 seconds
[2026-05-25T11:01:28.346+0000] {processor.py:161} INFO - Started process (PID=2393) to work on /home/airflow/.local/lib/python3.8/site-packages/airflow/example_dags/example_xcom.py
[2026-05-25T11:01:28.358+0000] {processor.py:830} INFO - Processing file /home/airflow/.local/lib/python3.8/site-packages/airflow/example_dags/example_xcom.py for tasks to queue
[2026-05-25T11:01:28.363+0000] {logging_mixin.py:188} INFO - [2026-05-25T11:01:28.362+0000] {dagbag.py:538} INFO - Filling up the DagBag from /home/airflow/.local/lib/python3.8/site-packages/airflow/example_dags/example_xcom.py
[2026-05-25T11:01:28.396+0000] {processor.py:840} INFO - DAG(s) 'example_xcom' retrieved from /home/airflow/.local/lib/python3.8/site-packages/airflow/example_dags/example_xcom.py
[2026-05-25T11:01:28.511+0000] {logging_mixin.py:188} INFO - [2026-05-25T11:01:28.510+0000] {dag.py:3036} INFO - Sync 1 DAGs
[2026-05-25T11:01:28.695+0000] {logging_mixin.py:188} INFO - [2026-05-25T11:01:28.693+0000] {dag.py:3823} INFO - Setting next_dagrun for example_xcom to 2021-01-01 00:00:00+00:00, run_after=2021-01-01 00:00:00+00:00
[2026-05-25T11:01:29.226+0000] {processor.py:183} INFO - Processing /home/airflow/.local/lib/python3.8/site-packages/airflow/example_dags/example_xcom.py took 0.888 seconds
[2026-05-25T11:16:07.202+0000] {processor.py:161} INFO - Started process (PID=90) to work on /home/airflow/.local/lib/python3.8/site-packages/airflow/example_dags/example_xcom.py
[2026-05-25T11:16:07.210+0000] {processor.py:830} INFO - Processing file /home/airflow/.local/lib/python3.8/site-packages/airflow/example_dags/example_xcom.py for tasks to queue
[2026-05-25T11:16:07.215+0000] {logging_mixin.py:188} INFO - [2026-05-25T11:16:07.213+0000] {dagbag.py:538} INFO - Filling up the DagBag from /home/airflow/.local/lib/python3.8/site-packages/airflow/example_dags/example_xcom.py
[2026-05-25T11:16:07.325+0000] {processor.py:840} INFO - DAG(s) 'example_xcom' retrieved from /home/airflow/.local/lib/python3.8/site-packages/airflow/example_dags/example_xcom.py
[2026-05-25T11:16:08.741+0000] {logging_mixin.py:188} INFO - [2026-05-25T11:16:08.740+0000] {dag.py:3036} INFO - Sync 1 DAGs
[2026-05-25T11:16:09.084+0000] {logging_mixin.py:188} INFO - [2026-05-25T11:16:09.084+0000] {dag.py:3823} INFO - Setting next_dagrun for example_xcom to 2021-01-01 00:00:00+00:00, run_after=2021-01-01 00:00:00+00:00
[2026-05-25T11:16:09.291+0000] {processor.py:183} INFO - Processing /home/airflow/.local/lib/python3.8/site-packages/airflow/example_dags/example_xcom.py took 2.109 seconds
[2026-05-25T11:20:09.667+0000] {processor.py:161} INFO - Started process (PID=175) to work on /home/airflow/.local/lib/python3.8/site-packages/airflow/example_dags/example_xcom.py
[2026-05-25T11:20:09.673+0000] {processor.py:830} INFO - Processing file /home/airflow/.local/lib/python3.8/site-packages/airflow/example_dags/example_xcom.py for tasks to queue
[2026-05-25T11:20:09.680+0000] {logging_mixin.py:188} INFO - [2026-05-25T11:20:09.679+0000] {dagbag.py:538} INFO - Filling up the DagBag from /home/airflow/.local/lib/python3.8/site-packages/airflow/example_dags/example_xcom.py
[2026-05-25T11:20:09.726+0000] {processor.py:840} INFO - DAG(s) 'example_xcom' retrieved from /home/airflow/.local/lib/python3.8/site-packages/airflow/example_dags/example_xcom.py
[2026-05-25T11:20:09.796+0000] {logging_mixin.py:188} INFO - [2026-05-25T11:20:09.796+0000] {dag.py:3036} INFO - Sync 1 DAGs
[2026-05-25T11:20:09.866+0000] {logging_mixin.py:188} INFO - [2026-05-25T11:20:09.865+0000] {dag.py:3823} INFO - Setting next_dagrun for example_xcom to 2021-01-01 00:00:00+00:00, run_after=2021-01-01 00:00:00+00:00
[2026-05-25T11:20:10.233+0000] {processor.py:183} INFO - Processing /home/airflow/.local/lib/python3.8/site-packages/airflow/example_dags/example_xcom.py took 0.581 seconds
[2026-05-25T11:24:17.557+0000] {processor.py:161} INFO - Started process (PID=251) to work on /home/airflow/.local/lib/python3.8/site-packages/airflow/example_dags/example_xcom.py
[2026-05-25T11:24:17.574+0000] {processor.py:830} INFO - Processing file /home/airflow/.local/lib/python3.8/site-packages/airflow/example_dags/example_xcom.py for tasks to queue
[2026-05-25T11:24:17.577+0000] {logging_mixin.py:188} INFO - [2026-05-25T11:24:17.576+0000] {dagbag.py:538} INFO - Filling up the DagBag from /home/airflow/.local/lib/python3.8/site-packages/airflow/example_dags/example_xcom.py
[2026-05-25T11:24:17.627+0000] {processor.py:840} INFO - DAG(s) 'example_xcom' retrieved from /home/airflow/.local/lib/python3.8/site-packages/airflow/example_dags/example_xcom.py
[2026-05-25T11:24:17.757+0000] {logging_mixin.py:188} INFO - [2026-05-25T11:24:17.757+0000] {dag.py:3036} INFO - Sync 1 DAGs
[2026-05-25T11:24:17.922+0000] {logging_mixin.py:188} INFO - [2026-05-25T11:24:17.921+0000] {dag.py:3823} INFO - Setting next_dagrun for example_xcom to 2021-01-01 00:00:00+00:00, run_after=2021-01-01 00:00:00+00:00
[2026-05-25T11:24:18.214+0000] {processor.py:183} INFO - Processing /home/airflow/.local/lib/python3.8/site-packages/airflow/example_dags/example_xcom.py took 0.670 seconds
[2026-05-25T11:35:35.370+0000] {processor.py:161} INFO - Started process (PID=117) to work on /home/airflow/.local/lib/python3.8/site-packages/airflow/example_dags/example_xcom.py
[2026-05-25T11:35:35.373+0000] {processor.py:830} INFO - Processing file /home/airflow/.local/lib/python3.8/site-packages/airflow/example_dags/example_xcom.py for tasks to queue
[2026-05-25T11:35:35.377+0000] {logging_mixin.py:188} INFO - [2026-05-25T11:35:35.375+0000] {dagbag.py:538} INFO - Filling up the DagBag from /home/airflow/.local/lib/python3.8/site-packages/airflow/example_dags/example_xcom.py
[2026-05-25T11:35:35.412+0000] {processor.py:840} INFO - DAG(s) 'example_xcom' retrieved from /home/airflow/.local/lib/python3.8/site-packages/airflow/example_dags/example_xcom.py
[2026-05-25T11:35:35.839+0000] {logging_mixin.py:188} INFO - [2026-05-25T11:35:35.838+0000] {dag.py:3036} INFO - Sync 1 DAGs
[2026-05-25T11:35:35.932+0000] {logging_mixin.py:188} INFO - [2026-05-25T11:35:35.931+0000] {dag.py:3823} INFO - Setting next_dagrun for example_xcom to 2021-01-01 00:00:00+00:00, run_after=2021-01-01 00:00:00+00:00
[2026-05-25T11:35:37.361+0000] {processor.py:183} INFO - Processing /home/airflow/.local/lib/python3.8/site-packages/airflow/example_dags/example_xcom.py took 2.000 seconds
[2026-05-25T11:39:48.709+0000] {processor.py:161} INFO - Started process (PID=193) to work on /home/airflow/.local/lib/python3.8/site-packages/airflow/example_dags/example_xcom.py
[2026-05-25T11:39:48.712+0000] {processor.py:830} INFO - Processing file /home/airflow/.local/lib/python3.8/site-packages/airflow/example_dags/example_xcom.py for tasks to queue
[2026-05-25T11:39:48.716+0000] {logging_mixin.py:188} INFO - [2026-05-25T11:39:48.714+0000] {dagbag.py:538} INFO - Filling up the DagBag from /home/airflow/.local/lib/python3.8/site-packages/airflow/example_dags/example_xcom.py
[2026-05-25T11:39:48.754+0000] {processor.py:840} INFO - DAG(s) 'example_xcom' retrieved from /home/airflow/.local/lib/python3.8/site-packages/airflow/example_dags/example_xcom.py
[2026-05-25T11:39:48.970+0000] {logging_mixin.py:188} INFO - [2026-05-25T11:39:48.970+0000] {dag.py:3036} INFO - Sync 1 DAGs
[2026-05-25T11:39:49.357+0000] {logging_mixin.py:188} INFO - [2026-05-25T11:39:49.356+0000] {dag.py:3823} INFO - Setting next_dagrun for example_xcom to 2021-01-01 00:00:00+00:00, run_after=2021-01-01 00:00:00+00:00
[2026-05-25T11:39:49.591+0000] {processor.py:183} INFO - Processing /home/airflow/.local/lib/python3.8/site-packages/airflow/example_dags/example_xcom.py took 0.897 seconds
[2026-05-25T11:42:13.997+0000] {processor.py:161} INFO - Started process (PID=265) to work on /home/airflow/.local/lib/python3.8/site-packages/airflow/example_dags/example_xcom.py
[2026-05-25T11:42:14.005+0000] {processor.py:830} INFO - Processing file /home/airflow/.local/lib/python3.8/site-packages/airflow/example_dags/example_xcom.py for tasks to queue
[2026-05-25T11:42:14.008+0000] {logging_mixin.py:188} INFO - [2026-05-25T11:42:14.007+0000] {dagbag.py:538} INFO - Filling up the DagBag from /home/airflow/.local/lib/python3.8/site-packages/airflow/example_dags/example_xcom.py
[2026-05-25T11:42:14.032+0000] {processor.py:840} INFO - DAG(s) 'example_xcom' retrieved from /home/airflow/.local/lib/python3.8/site-packages/airflow/example_dags/example_xcom.py
[2026-05-25T11:42:14.104+0000] {logging_mixin.py:188} INFO - [2026-05-25T11:42:14.104+0000] {dag.py:3036} INFO - Sync 1 DAGs
[2026-05-25T11:42:14.195+0000] {logging_mixin.py:188} INFO - [2026-05-25T11:42:14.194+0000] {dag.py:3823} INFO - Setting next_dagrun for example_xcom to 2021-01-01 00:00:00+00:00, run_after=2021-01-01 00:00:00+00:00
[2026-05-25T11:42:14.794+0000] {processor.py:183} INFO - Processing /home/airflow/.local/lib/python3.8/site-packages/airflow/example_dags/example_xcom.py took 0.805 seconds
[2026-05-25T11:45:12.378+0000] {processor.py:161} INFO - Started process (PID=340) to work on /home/airflow/.local/lib/python3.8/site-packages/airflow/example_dags/example_xcom.py
[2026-05-25T11:45:12.387+0000] {processor.py:830} INFO - Processing file /home/airflow/.local/lib/python3.8/site-packages/airflow/example_dags/example_xcom.py for tasks to queue
[2026-05-25T11:45:12.391+0000] {logging_mixin.py:188} INFO - [2026-05-25T11:45:12.390+0000] {dagbag.py:538} INFO - Filling up the DagBag from /home/airflow/.local/lib/python3.8/site-packages/airflow/example_dags/example_xcom.py
[2026-05-25T11:45:12.435+0000] {processor.py:840} INFO - DAG(s) 'example_xcom' retrieved from /home/airflow/.local/lib/python3.8/site-packages/airflow/example_dags/example_xcom.py
[2026-05-25T11:45:12.543+0000] {logging_mixin.py:188} INFO - [2026-05-25T11:45:12.542+0000] {dag.py:3036} INFO - Sync 1 DAGs
[2026-05-25T11:45:12.643+0000] {logging_mixin.py:188} INFO - [2026-05-25T11:45:12.642+0000] {dag.py:3823} INFO - Setting next_dagrun for example_xcom to 2021-01-01 00:00:00+00:00, run_after=2021-01-01 00:00:00+00:00
[2026-05-25T11:45:12.844+0000] {processor.py:183} INFO - Processing /home/airflow/.local/lib/python3.8/site-packages/airflow/example_dags/example_xcom.py took 0.476 seconds
