[2026-05-25T08:47:43.506+0000] {processor.py:161} INFO - Started process (PID=384) to work on /home/airflow/.local/lib/python3.8/site-packages/airflow/example_dags/tutorial_dag.py
[2026-05-25T08:47:43.508+0000] {processor.py:830} INFO - Processing file /home/airflow/.local/lib/python3.8/site-packages/airflow/example_dags/tutorial_dag.py for tasks to queue
[2026-05-25T08:47:43.512+0000] {logging_mixin.py:188} INFO - [2026-05-25T08:47:43.511+0000] {dagbag.py:538} INFO - Filling up the DagBag from /home/airflow/.local/lib/python3.8/site-packages/airflow/example_dags/tutorial_dag.py
[2026-05-25T08:47:43.530+0000] {processor.py:840} INFO - DAG(s) 'tutorial_dag' retrieved from /home/airflow/.local/lib/python3.8/site-packages/airflow/example_dags/tutorial_dag.py
[2026-05-25T08:47:43.812+0000] {logging_mixin.py:188} INFO - [2026-05-25T08:47:43.812+0000] {dag.py:3036} INFO - Sync 1 DAGs
[2026-05-25T08:47:43.834+0000] {logging_mixin.py:188} INFO - [2026-05-25T08:47:43.833+0000] {dag.py:3823} INFO - Setting next_dagrun for tutorial_dag to None, run_after=None
[2026-05-25T08:47:43.881+0000] {processor.py:183} INFO - Processing /home/airflow/.local/lib/python3.8/site-packages/airflow/example_dags/tutorial_dag.py took 0.391 seconds
[2026-05-25T08:48:14.979+0000] {processor.py:161} INFO - Started process (PID=632) to work on /home/airflow/.local/lib/python3.8/site-packages/airflow/example_dags/tutorial_dag.py
[2026-05-25T08:48:14.992+0000] {processor.py:830} INFO - Processing file /home/airflow/.local/lib/python3.8/site-packages/airflow/example_dags/tutorial_dag.py for tasks to queue
[2026-05-25T08:48:15.005+0000] {logging_mixin.py:188} INFO - [2026-05-25T08:48:14.996+0000] {dagbag.py:538} INFO - Filling up the DagBag from /home/airflow/.local/lib/python3.8/site-packages/airflow/example_dags/tutorial_dag.py
[2026-05-25T08:48:15.073+0000] {processor.py:840} INFO - DAG(s) 'tutorial_dag' retrieved from /home/airflow/.local/lib/python3.8/site-packages/airflow/example_dags/tutorial_dag.py
[2026-05-25T08:48:15.153+0000] {logging_mixin.py:188} INFO - [2026-05-25T08:48:15.153+0000] {dag.py:3036} INFO - Sync 1 DAGs
[2026-05-25T08:48:15.216+0000] {logging_mixin.py:188} INFO - [2026-05-25T08:48:15.216+0000] {dag.py:3823} INFO - Setting next_dagrun for tutorial_dag to None, run_after=None
[2026-05-25T08:48:15.406+0000] {processor.py:183} INFO - Processing /home/airflow/.local/lib/python3.8/site-packages/airflow/example_dags/tutorial_dag.py took 0.451 seconds
[2026-05-25T08:48:47.757+0000] {processor.py:161} INFO - Started process (PID=876) to work on /home/airflow/.local/lib/python3.8/site-packages/airflow/example_dags/tutorial_dag.py
[2026-05-25T08:48:47.761+0000] {processor.py:830} INFO - Processing file /home/airflow/.local/lib/python3.8/site-packages/airflow/example_dags/tutorial_dag.py for tasks to queue
[2026-05-25T08:48:47.766+0000] {logging_mixin.py:188} INFO - [2026-05-25T08:48:47.764+0000] {dagbag.py:538} INFO - Filling up the DagBag from /home/airflow/.local/lib/python3.8/site-packages/airflow/example_dags/tutorial_dag.py
[2026-05-25T08:48:47.787+0000] {processor.py:840} INFO - DAG(s) 'tutorial_dag' retrieved from /home/airflow/.local/lib/python3.8/site-packages/airflow/example_dags/tutorial_dag.py
[2026-05-25T08:48:48.304+0000] {logging_mixin.py:188} INFO - [2026-05-25T08:48:48.303+0000] {dag.py:3036} INFO - Sync 1 DAGs
[2026-05-25T08:48:48.373+0000] {logging_mixin.py:188} INFO - [2026-05-25T08:48:48.373+0000] {dag.py:3823} INFO - Setting next_dagrun for tutorial_dag to None, run_after=None
[2026-05-25T08:48:48.451+0000] {processor.py:183} INFO - Processing /home/airflow/.local/lib/python3.8/site-packages/airflow/example_dags/tutorial_dag.py took 0.703 seconds
[2026-05-25T08:49:22.901+0000] {processor.py:161} INFO - Started process (PID=1132) to work on /home/airflow/.local/lib/python3.8/site-packages/airflow/example_dags/tutorial_dag.py
[2026-05-25T08:49:22.905+0000] {processor.py:830} INFO - Processing file /home/airflow/.local/lib/python3.8/site-packages/airflow/example_dags/tutorial_dag.py for tasks to queue
[2026-05-25T08:49:22.911+0000] {logging_mixin.py:188} INFO - [2026-05-25T08:49:22.910+0000] {dagbag.py:538} INFO - Filling up the DagBag from /home/airflow/.local/lib/python3.8/site-packages/airflow/example_dags/tutorial_dag.py
[2026-05-25T08:49:22.932+0000] {processor.py:840} INFO - DAG(s) 'tutorial_dag' retrieved from /home/airflow/.local/lib/python3.8/site-packages/airflow/example_dags/tutorial_dag.py
[2026-05-25T08:49:23.057+0000] {logging_mixin.py:188} INFO - [2026-05-25T08:49:23.057+0000] {dag.py:3036} INFO - Sync 1 DAGs
[2026-05-25T08:49:23.149+0000] {logging_mixin.py:188} INFO - [2026-05-25T08:49:23.148+0000] {dag.py:3823} INFO - Setting next_dagrun for tutorial_dag to None, run_after=None
[2026-05-25T08:49:23.257+0000] {processor.py:183} INFO - Processing /home/airflow/.local/lib/python3.8/site-packages/airflow/example_dags/tutorial_dag.py took 0.369 seconds
[2026-05-25T08:49:57.055+0000] {processor.py:161} INFO - Started process (PID=1385) to work on /home/airflow/.local/lib/python3.8/site-packages/airflow/example_dags/tutorial_dag.py
[2026-05-25T08:49:57.057+0000] {processor.py:830} INFO - Processing file /home/airflow/.local/lib/python3.8/site-packages/airflow/example_dags/tutorial_dag.py for tasks to queue
[2026-05-25T08:49:57.060+0000] {logging_mixin.py:188} INFO - [2026-05-25T08:49:57.058+0000] {dagbag.py:538} INFO - Filling up the DagBag from /home/airflow/.local/lib/python3.8/site-packages/airflow/example_dags/tutorial_dag.py
[2026-05-25T08:49:57.071+0000] {processor.py:840} INFO - DAG(s) 'tutorial_dag' retrieved from /home/airflow/.local/lib/python3.8/site-packages/airflow/example_dags/tutorial_dag.py
[2026-05-25T08:49:57.112+0000] {logging_mixin.py:188} INFO - [2026-05-25T08:49:57.111+0000] {dag.py:3036} INFO - Sync 1 DAGs
[2026-05-25T08:49:57.133+0000] {logging_mixin.py:188} INFO - [2026-05-25T08:49:57.133+0000] {dag.py:3823} INFO - Setting next_dagrun for tutorial_dag to None, run_after=None
[2026-05-25T08:49:57.168+0000] {processor.py:183} INFO - Processing /home/airflow/.local/lib/python3.8/site-packages/airflow/example_dags/tutorial_dag.py took 0.123 seconds
[2026-05-25T08:50:31.691+0000] {processor.py:161} INFO - Started process (PID=1639) to work on /home/airflow/.local/lib/python3.8/site-packages/airflow/example_dags/tutorial_dag.py
[2026-05-25T08:50:31.693+0000] {processor.py:830} INFO - Processing file /home/airflow/.local/lib/python3.8/site-packages/airflow/example_dags/tutorial_dag.py for tasks to queue
[2026-05-25T08:50:31.696+0000] {logging_mixin.py:188} INFO - [2026-05-25T08:50:31.696+0000] {dagbag.py:538} INFO - Filling up the DagBag from /home/airflow/.local/lib/python3.8/site-packages/airflow/example_dags/tutorial_dag.py
[2026-05-25T08:50:31.718+0000] {processor.py:840} INFO - DAG(s) 'tutorial_dag' retrieved from /home/airflow/.local/lib/python3.8/site-packages/airflow/example_dags/tutorial_dag.py
[2026-05-25T08:50:31.817+0000] {logging_mixin.py:188} INFO - [2026-05-25T08:50:31.816+0000] {dag.py:3036} INFO - Sync 1 DAGs
[2026-05-25T08:50:31.871+0000] {logging_mixin.py:188} INFO - [2026-05-25T08:50:31.870+0000] {dag.py:3823} INFO - Setting next_dagrun for tutorial_dag to None, run_after=None
[2026-05-25T08:50:31.963+0000] {processor.py:183} INFO - Processing /home/airflow/.local/lib/python3.8/site-packages/airflow/example_dags/tutorial_dag.py took 0.284 seconds
[2026-05-25T08:51:03.126+0000] {processor.py:161} INFO - Started process (PID=1885) to work on /home/airflow/.local/lib/python3.8/site-packages/airflow/example_dags/tutorial_dag.py
[2026-05-25T08:51:03.129+0000] {processor.py:830} INFO - Processing file /home/airflow/.local/lib/python3.8/site-packages/airflow/example_dags/tutorial_dag.py for tasks to queue
[2026-05-25T08:51:03.134+0000] {logging_mixin.py:188} INFO - [2026-05-25T08:51:03.133+0000] {dagbag.py:538} INFO - Filling up the DagBag from /home/airflow/.local/lib/python3.8/site-packages/airflow/example_dags/tutorial_dag.py
[2026-05-25T08:51:03.153+0000] {processor.py:840} INFO - DAG(s) 'tutorial_dag' retrieved from /home/airflow/.local/lib/python3.8/site-packages/airflow/example_dags/tutorial_dag.py
[2026-05-25T08:51:03.247+0000] {logging_mixin.py:188} INFO - [2026-05-25T08:51:03.246+0000] {dag.py:3036} INFO - Sync 1 DAGs
[2026-05-25T08:51:03.346+0000] {logging_mixin.py:188} INFO - [2026-05-25T08:51:03.345+0000] {dag.py:3823} INFO - Setting next_dagrun for tutorial_dag to None, run_after=None
[2026-05-25T08:51:03.478+0000] {processor.py:183} INFO - Processing /home/airflow/.local/lib/python3.8/site-packages/airflow/example_dags/tutorial_dag.py took 0.365 seconds
[2026-05-25T08:51:34.311+0000] {processor.py:161} INFO - Started process (PID=2131) to work on /home/airflow/.local/lib/python3.8/site-packages/airflow/example_dags/tutorial_dag.py
[2026-05-25T08:51:34.317+0000] {processor.py:830} INFO - Processing file /home/airflow/.local/lib/python3.8/site-packages/airflow/example_dags/tutorial_dag.py for tasks to queue
[2026-05-25T08:51:34.326+0000] {logging_mixin.py:188} INFO - [2026-05-25T08:51:34.325+0000] {dagbag.py:538} INFO - Filling up the DagBag from /home/airflow/.local/lib/python3.8/site-packages/airflow/example_dags/tutorial_dag.py
[2026-05-25T08:51:34.351+0000] {processor.py:840} INFO - DAG(s) 'tutorial_dag' retrieved from /home/airflow/.local/lib/python3.8/site-packages/airflow/example_dags/tutorial_dag.py
[2026-05-25T08:51:34.463+0000] {logging_mixin.py:188} INFO - [2026-05-25T08:51:34.462+0000] {dag.py:3036} INFO - Sync 1 DAGs
[2026-05-25T08:51:34.565+0000] {logging_mixin.py:188} INFO - [2026-05-25T08:51:34.564+0000] {dag.py:3823} INFO - Setting next_dagrun for tutorial_dag to None, run_after=None
[2026-05-25T08:51:34.647+0000] {processor.py:183} INFO - Processing /home/airflow/.local/lib/python3.8/site-packages/airflow/example_dags/tutorial_dag.py took 0.354 seconds
[2026-05-25T08:52:07.516+0000] {processor.py:161} INFO - Started process (PID=2389) to work on /home/airflow/.local/lib/python3.8/site-packages/airflow/example_dags/tutorial_dag.py
[2026-05-25T08:52:07.519+0000] {processor.py:830} INFO - Processing file /home/airflow/.local/lib/python3.8/site-packages/airflow/example_dags/tutorial_dag.py for tasks to queue
[2026-05-25T08:52:07.523+0000] {logging_mixin.py:188} INFO - [2026-05-25T08:52:07.521+0000] {dagbag.py:538} INFO - Filling up the DagBag from /home/airflow/.local/lib/python3.8/site-packages/airflow/example_dags/tutorial_dag.py
[2026-05-25T08:52:07.540+0000] {processor.py:840} INFO - DAG(s) 'tutorial_dag' retrieved from /home/airflow/.local/lib/python3.8/site-packages/airflow/example_dags/tutorial_dag.py
[2026-05-25T08:52:07.619+0000] {logging_mixin.py:188} INFO - [2026-05-25T08:52:07.619+0000] {dag.py:3036} INFO - Sync 1 DAGs
[2026-05-25T08:52:07.669+0000] {logging_mixin.py:188} INFO - [2026-05-25T08:52:07.669+0000] {dag.py:3823} INFO - Setting next_dagrun for tutorial_dag to None, run_after=None
[2026-05-25T08:52:07.825+0000] {processor.py:183} INFO - Processing /home/airflow/.local/lib/python3.8/site-packages/airflow/example_dags/tutorial_dag.py took 0.318 seconds
[2026-05-25T08:52:39.143+0000] {processor.py:161} INFO - Started process (PID=2634) to work on /home/airflow/.local/lib/python3.8/site-packages/airflow/example_dags/tutorial_dag.py
[2026-05-25T08:52:39.155+0000] {processor.py:830} INFO - Processing file /home/airflow/.local/lib/python3.8/site-packages/airflow/example_dags/tutorial_dag.py for tasks to queue
[2026-05-25T08:52:39.159+0000] {logging_mixin.py:188} INFO - [2026-05-25T08:52:39.158+0000] {dagbag.py:538} INFO - Filling up the DagBag from /home/airflow/.local/lib/python3.8/site-packages/airflow/example_dags/tutorial_dag.py
[2026-05-25T08:52:39.210+0000] {processor.py:840} INFO - DAG(s) 'tutorial_dag' retrieved from /home/airflow/.local/lib/python3.8/site-packages/airflow/example_dags/tutorial_dag.py
[2026-05-25T08:52:39.347+0000] {logging_mixin.py:188} INFO - [2026-05-25T08:52:39.347+0000] {dag.py:3036} INFO - Sync 1 DAGs
[2026-05-25T08:52:39.407+0000] {logging_mixin.py:188} INFO - [2026-05-25T08:52:39.406+0000] {dag.py:3823} INFO - Setting next_dagrun for tutorial_dag to None, run_after=None
[2026-05-25T08:52:39.514+0000] {processor.py:183} INFO - Processing /home/airflow/.local/lib/python3.8/site-packages/airflow/example_dags/tutorial_dag.py took 0.388 seconds
[2026-05-25T08:53:09.991+0000] {processor.py:161} INFO - Started process (PID=2881) to work on /home/airflow/.local/lib/python3.8/site-packages/airflow/example_dags/tutorial_dag.py
[2026-05-25T08:53:09.998+0000] {processor.py:830} INFO - Processing file /home/airflow/.local/lib/python3.8/site-packages/airflow/example_dags/tutorial_dag.py for tasks to queue
[2026-05-25T08:53:10.002+0000] {logging_mixin.py:188} INFO - [2026-05-25T08:53:10.001+0000] {dagbag.py:538} INFO - Filling up the DagBag from /home/airflow/.local/lib/python3.8/site-packages/airflow/example_dags/tutorial_dag.py
[2026-05-25T08:53:10.034+0000] {processor.py:840} INFO - DAG(s) 'tutorial_dag' retrieved from /home/airflow/.local/lib/python3.8/site-packages/airflow/example_dags/tutorial_dag.py
[2026-05-25T08:53:10.145+0000] {logging_mixin.py:188} INFO - [2026-05-25T08:53:10.145+0000] {dag.py:3036} INFO - Sync 1 DAGs
[2026-05-25T08:53:10.201+0000] {logging_mixin.py:188} INFO - [2026-05-25T08:53:10.201+0000] {dag.py:3823} INFO - Setting next_dagrun for tutorial_dag to None, run_after=None
[2026-05-25T08:53:10.317+0000] {processor.py:183} INFO - Processing /home/airflow/.local/lib/python3.8/site-packages/airflow/example_dags/tutorial_dag.py took 0.340 seconds
[2026-05-25T08:53:41.027+0000] {processor.py:161} INFO - Started process (PID=3127) to work on /home/airflow/.local/lib/python3.8/site-packages/airflow/example_dags/tutorial_dag.py
[2026-05-25T08:53:41.029+0000] {processor.py:830} INFO - Processing file /home/airflow/.local/lib/python3.8/site-packages/airflow/example_dags/tutorial_dag.py for tasks to queue
[2026-05-25T08:53:41.031+0000] {logging_mixin.py:188} INFO - [2026-05-25T08:53:41.030+0000] {dagbag.py:538} INFO - Filling up the DagBag from /home/airflow/.local/lib/python3.8/site-packages/airflow/example_dags/tutorial_dag.py
[2026-05-25T08:53:41.041+0000] {processor.py:840} INFO - DAG(s) 'tutorial_dag' retrieved from /home/airflow/.local/lib/python3.8/site-packages/airflow/example_dags/tutorial_dag.py
[2026-05-25T08:53:41.103+0000] {logging_mixin.py:188} INFO - [2026-05-25T08:53:41.103+0000] {dag.py:3036} INFO - Sync 1 DAGs
[2026-05-25T08:53:41.134+0000] {logging_mixin.py:188} INFO - [2026-05-25T08:53:41.134+0000] {dag.py:3823} INFO - Setting next_dagrun for tutorial_dag to None, run_after=None
[2026-05-25T08:53:41.256+0000] {processor.py:183} INFO - Processing /home/airflow/.local/lib/python3.8/site-packages/airflow/example_dags/tutorial_dag.py took 0.236 seconds
[2026-05-25T08:54:11.761+0000] {processor.py:161} INFO - Started process (PID=3373) to work on /home/airflow/.local/lib/python3.8/site-packages/airflow/example_dags/tutorial_dag.py
[2026-05-25T08:54:11.764+0000] {processor.py:830} INFO - Processing file /home/airflow/.local/lib/python3.8/site-packages/airflow/example_dags/tutorial_dag.py for tasks to queue
[2026-05-25T08:54:11.766+0000] {logging_mixin.py:188} INFO - [2026-05-25T08:54:11.765+0000] {dagbag.py:538} INFO - Filling up the DagBag from /home/airflow/.local/lib/python3.8/site-packages/airflow/example_dags/tutorial_dag.py
[2026-05-25T08:54:11.779+0000] {processor.py:840} INFO - DAG(s) 'tutorial_dag' retrieved from /home/airflow/.local/lib/python3.8/site-packages/airflow/example_dags/tutorial_dag.py
[2026-05-25T08:54:11.828+0000] {logging_mixin.py:188} INFO - [2026-05-25T08:54:11.828+0000] {dag.py:3036} INFO - Sync 1 DAGs
[2026-05-25T08:54:11.853+0000] {logging_mixin.py:188} INFO - [2026-05-25T08:54:11.853+0000] {dag.py:3823} INFO - Setting next_dagrun for tutorial_dag to None, run_after=None
[2026-05-25T08:54:11.901+0000] {processor.py:183} INFO - Processing /home/airflow/.local/lib/python3.8/site-packages/airflow/example_dags/tutorial_dag.py took 0.147 seconds
[2026-05-25T08:54:42.323+0000] {processor.py:161} INFO - Started process (PID=3619) to work on /home/airflow/.local/lib/python3.8/site-packages/airflow/example_dags/tutorial_dag.py
[2026-05-25T08:54:42.326+0000] {processor.py:830} INFO - Processing file /home/airflow/.local/lib/python3.8/site-packages/airflow/example_dags/tutorial_dag.py for tasks to queue
[2026-05-25T08:54:42.330+0000] {logging_mixin.py:188} INFO - [2026-05-25T08:54:42.328+0000] {dagbag.py:538} INFO - Filling up the DagBag from /home/airflow/.local/lib/python3.8/site-packages/airflow/example_dags/tutorial_dag.py
[2026-05-25T08:54:42.347+0000] {processor.py:840} INFO - DAG(s) 'tutorial_dag' retrieved from /home/airflow/.local/lib/python3.8/site-packages/airflow/example_dags/tutorial_dag.py
[2026-05-25T08:54:42.398+0000] {logging_mixin.py:188} INFO - [2026-05-25T08:54:42.398+0000] {dag.py:3036} INFO - Sync 1 DAGs
[2026-05-25T08:54:42.423+0000] {logging_mixin.py:188} INFO - [2026-05-25T08:54:42.422+0000] {dag.py:3823} INFO - Setting next_dagrun for tutorial_dag to None, run_after=None
[2026-05-25T08:54:42.694+0000] {processor.py:183} INFO - Processing /home/airflow/.local/lib/python3.8/site-packages/airflow/example_dags/tutorial_dag.py took 0.379 seconds
[2026-05-25T08:55:12.794+0000] {processor.py:161} INFO - Started process (PID=3865) to work on /home/airflow/.local/lib/python3.8/site-packages/airflow/example_dags/tutorial_dag.py
[2026-05-25T08:55:12.796+0000] {processor.py:830} INFO - Processing file /home/airflow/.local/lib/python3.8/site-packages/airflow/example_dags/tutorial_dag.py for tasks to queue
[2026-05-25T08:55:12.798+0000] {logging_mixin.py:188} INFO - [2026-05-25T08:55:12.797+0000] {dagbag.py:538} INFO - Filling up the DagBag from /home/airflow/.local/lib/python3.8/site-packages/airflow/example_dags/tutorial_dag.py
[2026-05-25T08:55:12.810+0000] {processor.py:840} INFO - DAG(s) 'tutorial_dag' retrieved from /home/airflow/.local/lib/python3.8/site-packages/airflow/example_dags/tutorial_dag.py
[2026-05-25T08:55:12.851+0000] {logging_mixin.py:188} INFO - [2026-05-25T08:55:12.851+0000] {dag.py:3036} INFO - Sync 1 DAGs
[2026-05-25T08:55:12.874+0000] {logging_mixin.py:188} INFO - [2026-05-25T08:55:12.874+0000] {dag.py:3823} INFO - Setting next_dagrun for tutorial_dag to None, run_after=None
[2026-05-25T08:55:12.909+0000] {processor.py:183} INFO - Processing /home/airflow/.local/lib/python3.8/site-packages/airflow/example_dags/tutorial_dag.py took 0.121 seconds
[2026-05-25T08:55:45.244+0000] {processor.py:161} INFO - Started process (PID=4109) to work on /home/airflow/.local/lib/python3.8/site-packages/airflow/example_dags/tutorial_dag.py
[2026-05-25T08:55:45.247+0000] {processor.py:830} INFO - Processing file /home/airflow/.local/lib/python3.8/site-packages/airflow/example_dags/tutorial_dag.py for tasks to queue
[2026-05-25T08:55:45.250+0000] {logging_mixin.py:188} INFO - [2026-05-25T08:55:45.249+0000] {dagbag.py:538} INFO - Filling up the DagBag from /home/airflow/.local/lib/python3.8/site-packages/airflow/example_dags/tutorial_dag.py
[2026-05-25T08:55:45.269+0000] {processor.py:840} INFO - DAG(s) 'tutorial_dag' retrieved from /home/airflow/.local/lib/python3.8/site-packages/airflow/example_dags/tutorial_dag.py
[2026-05-25T08:55:45.348+0000] {logging_mixin.py:188} INFO - [2026-05-25T08:55:45.347+0000] {dag.py:3036} INFO - Sync 1 DAGs
[2026-05-25T08:55:45.390+0000] {logging_mixin.py:188} INFO - [2026-05-25T08:55:45.390+0000] {dag.py:3823} INFO - Setting next_dagrun for tutorial_dag to None, run_after=None
[2026-05-25T08:55:45.566+0000] {processor.py:183} INFO - Processing /home/airflow/.local/lib/python3.8/site-packages/airflow/example_dags/tutorial_dag.py took 0.330 seconds
[2026-05-25T08:56:24.446+0000] {processor.py:161} INFO - Started process (PID=4360) to work on /home/airflow/.local/lib/python3.8/site-packages/airflow/example_dags/tutorial_dag.py
[2026-05-25T08:56:24.449+0000] {processor.py:830} INFO - Processing file /home/airflow/.local/lib/python3.8/site-packages/airflow/example_dags/tutorial_dag.py for tasks to queue
[2026-05-25T08:56:24.456+0000] {logging_mixin.py:188} INFO - [2026-05-25T08:56:24.455+0000] {dagbag.py:538} INFO - Filling up the DagBag from /home/airflow/.local/lib/python3.8/site-packages/airflow/example_dags/tutorial_dag.py
[2026-05-25T08:56:24.478+0000] {processor.py:840} INFO - DAG(s) 'tutorial_dag' retrieved from /home/airflow/.local/lib/python3.8/site-packages/airflow/example_dags/tutorial_dag.py
[2026-05-25T08:56:24.587+0000] {logging_mixin.py:188} INFO - [2026-05-25T08:56:24.587+0000] {dag.py:3036} INFO - Sync 1 DAGs
[2026-05-25T08:56:24.646+0000] {logging_mixin.py:188} INFO - [2026-05-25T08:56:24.645+0000] {dag.py:3823} INFO - Setting next_dagrun for tutorial_dag to None, run_after=None
[2026-05-25T08:56:24.730+0000] {processor.py:183} INFO - Processing /home/airflow/.local/lib/python3.8/site-packages/airflow/example_dags/tutorial_dag.py took 0.300 seconds
[2026-05-25T08:56:55.605+0000] {processor.py:161} INFO - Started process (PID=4608) to work on /home/airflow/.local/lib/python3.8/site-packages/airflow/example_dags/tutorial_dag.py
[2026-05-25T08:56:55.607+0000] {processor.py:830} INFO - Processing file /home/airflow/.local/lib/python3.8/site-packages/airflow/example_dags/tutorial_dag.py for tasks to queue
[2026-05-25T08:56:55.609+0000] {logging_mixin.py:188} INFO - [2026-05-25T08:56:55.608+0000] {dagbag.py:538} INFO - Filling up the DagBag from /home/airflow/.local/lib/python3.8/site-packages/airflow/example_dags/tutorial_dag.py
[2026-05-25T08:56:55.621+0000] {processor.py:840} INFO - DAG(s) 'tutorial_dag' retrieved from /home/airflow/.local/lib/python3.8/site-packages/airflow/example_dags/tutorial_dag.py
[2026-05-25T08:56:55.669+0000] {logging_mixin.py:188} INFO - [2026-05-25T08:56:55.669+0000] {dag.py:3036} INFO - Sync 1 DAGs
[2026-05-25T08:56:55.691+0000] {logging_mixin.py:188} INFO - [2026-05-25T08:56:55.691+0000] {dag.py:3823} INFO - Setting next_dagrun for tutorial_dag to None, run_after=None
[2026-05-25T08:56:55.776+0000] {processor.py:183} INFO - Processing /home/airflow/.local/lib/python3.8/site-packages/airflow/example_dags/tutorial_dag.py took 0.177 seconds
[2026-05-25T08:57:26.074+0000] {processor.py:161} INFO - Started process (PID=4852) to work on /home/airflow/.local/lib/python3.8/site-packages/airflow/example_dags/tutorial_dag.py
[2026-05-25T08:57:26.076+0000] {processor.py:830} INFO - Processing file /home/airflow/.local/lib/python3.8/site-packages/airflow/example_dags/tutorial_dag.py for tasks to queue
[2026-05-25T08:57:26.078+0000] {logging_mixin.py:188} INFO - [2026-05-25T08:57:26.078+0000] {dagbag.py:538} INFO - Filling up the DagBag from /home/airflow/.local/lib/python3.8/site-packages/airflow/example_dags/tutorial_dag.py
[2026-05-25T08:57:26.090+0000] {processor.py:840} INFO - DAG(s) 'tutorial_dag' retrieved from /home/airflow/.local/lib/python3.8/site-packages/airflow/example_dags/tutorial_dag.py
[2026-05-25T08:57:26.140+0000] {logging_mixin.py:188} INFO - [2026-05-25T08:57:26.139+0000] {dag.py:3036} INFO - Sync 1 DAGs
[2026-05-25T08:57:26.164+0000] {logging_mixin.py:188} INFO - [2026-05-25T08:57:26.164+0000] {dag.py:3823} INFO - Setting next_dagrun for tutorial_dag to None, run_after=None
[2026-05-25T08:57:26.216+0000] {processor.py:183} INFO - Processing /home/airflow/.local/lib/python3.8/site-packages/airflow/example_dags/tutorial_dag.py took 0.158 seconds
[2026-05-25T08:57:58.026+0000] {processor.py:161} INFO - Started process (PID=5100) to work on /home/airflow/.local/lib/python3.8/site-packages/airflow/example_dags/tutorial_dag.py
[2026-05-25T08:57:58.029+0000] {processor.py:830} INFO - Processing file /home/airflow/.local/lib/python3.8/site-packages/airflow/example_dags/tutorial_dag.py for tasks to queue
[2026-05-25T08:57:58.036+0000] {logging_mixin.py:188} INFO - [2026-05-25T08:57:58.035+0000] {dagbag.py:538} INFO - Filling up the DagBag from /home/airflow/.local/lib/python3.8/site-packages/airflow/example_dags/tutorial_dag.py
[2026-05-25T08:57:58.052+0000] {processor.py:840} INFO - DAG(s) 'tutorial_dag' retrieved from /home/airflow/.local/lib/python3.8/site-packages/airflow/example_dags/tutorial_dag.py
[2026-05-25T08:57:58.127+0000] {logging_mixin.py:188} INFO - [2026-05-25T08:57:58.127+0000] {dag.py:3036} INFO - Sync 1 DAGs
[2026-05-25T08:57:58.176+0000] {logging_mixin.py:188} INFO - [2026-05-25T08:57:58.176+0000] {dag.py:3823} INFO - Setting next_dagrun for tutorial_dag to None, run_after=None
[2026-05-25T08:57:58.266+0000] {processor.py:183} INFO - Processing /home/airflow/.local/lib/python3.8/site-packages/airflow/example_dags/tutorial_dag.py took 0.248 seconds
[2026-05-25T08:58:29.457+0000] {processor.py:161} INFO - Started process (PID=5354) to work on /home/airflow/.local/lib/python3.8/site-packages/airflow/example_dags/tutorial_dag.py
[2026-05-25T08:58:29.459+0000] {processor.py:830} INFO - Processing file /home/airflow/.local/lib/python3.8/site-packages/airflow/example_dags/tutorial_dag.py for tasks to queue
[2026-05-25T08:58:29.461+0000] {logging_mixin.py:188} INFO - [2026-05-25T08:58:29.461+0000] {dagbag.py:538} INFO - Filling up the DagBag from /home/airflow/.local/lib/python3.8/site-packages/airflow/example_dags/tutorial_dag.py
[2026-05-25T08:58:29.477+0000] {processor.py:840} INFO - DAG(s) 'tutorial_dag' retrieved from /home/airflow/.local/lib/python3.8/site-packages/airflow/example_dags/tutorial_dag.py
[2026-05-25T08:58:29.538+0000] {logging_mixin.py:188} INFO - [2026-05-25T08:58:29.537+0000] {dag.py:3036} INFO - Sync 1 DAGs
[2026-05-25T08:58:29.560+0000] {logging_mixin.py:188} INFO - [2026-05-25T08:58:29.559+0000] {dag.py:3823} INFO - Setting next_dagrun for tutorial_dag to None, run_after=None
[2026-05-25T08:58:29.605+0000] {processor.py:183} INFO - Processing /home/airflow/.local/lib/python3.8/site-packages/airflow/example_dags/tutorial_dag.py took 0.156 seconds
[2026-05-25T08:59:02.917+0000] {processor.py:161} INFO - Started process (PID=5612) to work on /home/airflow/.local/lib/python3.8/site-packages/airflow/example_dags/tutorial_dag.py
[2026-05-25T08:59:02.922+0000] {processor.py:830} INFO - Processing file /home/airflow/.local/lib/python3.8/site-packages/airflow/example_dags/tutorial_dag.py for tasks to queue
[2026-05-25T08:59:02.931+0000] {logging_mixin.py:188} INFO - [2026-05-25T08:59:02.927+0000] {dagbag.py:538} INFO - Filling up the DagBag from /home/airflow/.local/lib/python3.8/site-packages/airflow/example_dags/tutorial_dag.py
[2026-05-25T08:59:02.967+0000] {processor.py:840} INFO - DAG(s) 'tutorial_dag' retrieved from /home/airflow/.local/lib/python3.8/site-packages/airflow/example_dags/tutorial_dag.py
[2026-05-25T08:59:03.077+0000] {logging_mixin.py:188} INFO - [2026-05-25T08:59:03.075+0000] {dag.py:3036} INFO - Sync 1 DAGs
[2026-05-25T08:59:03.161+0000] {logging_mixin.py:188} INFO - [2026-05-25T08:59:03.160+0000] {dag.py:3823} INFO - Setting next_dagrun for tutorial_dag to None, run_after=None
[2026-05-25T08:59:03.294+0000] {processor.py:183} INFO - Processing /home/airflow/.local/lib/python3.8/site-packages/airflow/example_dags/tutorial_dag.py took 0.396 seconds
[2026-05-25T09:26:24.825+0000] {processor.py:161} INFO - Started process (PID=70) to work on /home/airflow/.local/lib/python3.8/site-packages/airflow/example_dags/tutorial_dag.py
[2026-05-25T09:26:24.828+0000] {processor.py:830} INFO - Processing file /home/airflow/.local/lib/python3.8/site-packages/airflow/example_dags/tutorial_dag.py for tasks to queue
[2026-05-25T09:26:24.829+0000] {logging_mixin.py:188} INFO - [2026-05-25T09:26:24.829+0000] {dagbag.py:538} INFO - Filling up the DagBag from /home/airflow/.local/lib/python3.8/site-packages/airflow/example_dags/tutorial_dag.py
[2026-05-25T09:26:24.841+0000] {processor.py:840} INFO - DAG(s) 'tutorial_dag' retrieved from /home/airflow/.local/lib/python3.8/site-packages/airflow/example_dags/tutorial_dag.py
[2026-05-25T09:26:25.198+0000] {logging_mixin.py:188} INFO - [2026-05-25T09:26:25.196+0000] {override.py:1769} INFO - Created Permission View: can read on DAG:tutorial_dag
[2026-05-25T09:26:25.276+0000] {logging_mixin.py:188} INFO - [2026-05-25T09:26:25.275+0000] {override.py:1769} INFO - Created Permission View: can edit on DAG:tutorial_dag
[2026-05-25T09:26:25.349+0000] {logging_mixin.py:188} INFO - [2026-05-25T09:26:25.348+0000] {override.py:1769} INFO - Created Permission View: can delete on DAG:tutorial_dag
[2026-05-25T09:26:25.350+0000] {logging_mixin.py:188} INFO - [2026-05-25T09:26:25.350+0000] {dag.py:3036} INFO - Sync 1 DAGs
[2026-05-25T09:26:25.387+0000] {logging_mixin.py:188} INFO - [2026-05-25T09:26:25.387+0000] {dag.py:3058} INFO - Creating ORM DAG for tutorial_dag
[2026-05-25T09:26:25.388+0000] {logging_mixin.py:188} INFO - [2026-05-25T09:26:25.388+0000] {dag.py:3823} INFO - Setting next_dagrun for tutorial_dag to None, run_after=None
[2026-05-25T09:26:25.602+0000] {processor.py:183} INFO - Processing /home/airflow/.local/lib/python3.8/site-packages/airflow/example_dags/tutorial_dag.py took 0.783 seconds
[2026-05-25T09:29:42.565+0000] {processor.py:161} INFO - Started process (PID=166) to work on /home/airflow/.local/lib/python3.8/site-packages/airflow/example_dags/tutorial_dag.py
[2026-05-25T09:29:42.568+0000] {processor.py:830} INFO - Processing file /home/airflow/.local/lib/python3.8/site-packages/airflow/example_dags/tutorial_dag.py for tasks to queue
[2026-05-25T09:29:42.571+0000] {logging_mixin.py:188} INFO - [2026-05-25T09:29:42.570+0000] {dagbag.py:538} INFO - Filling up the DagBag from /home/airflow/.local/lib/python3.8/site-packages/airflow/example_dags/tutorial_dag.py
[2026-05-25T09:29:42.585+0000] {processor.py:840} INFO - DAG(s) 'tutorial_dag' retrieved from /home/airflow/.local/lib/python3.8/site-packages/airflow/example_dags/tutorial_dag.py
[2026-05-25T09:29:42.633+0000] {logging_mixin.py:188} INFO - [2026-05-25T09:29:42.632+0000] {dag.py:3036} INFO - Sync 1 DAGs
[2026-05-25T09:29:42.661+0000] {logging_mixin.py:188} INFO - [2026-05-25T09:29:42.661+0000] {dag.py:3823} INFO - Setting next_dagrun for tutorial_dag to None, run_after=None
[2026-05-25T09:29:42.805+0000] {processor.py:183} INFO - Processing /home/airflow/.local/lib/python3.8/site-packages/airflow/example_dags/tutorial_dag.py took 0.246 seconds
[2026-05-25T09:31:45.052+0000] {processor.py:161} INFO - Started process (PID=238) to work on /home/airflow/.local/lib/python3.8/site-packages/airflow/example_dags/tutorial_dag.py
[2026-05-25T09:31:45.054+0000] {processor.py:830} INFO - Processing file /home/airflow/.local/lib/python3.8/site-packages/airflow/example_dags/tutorial_dag.py for tasks to queue
[2026-05-25T09:31:45.055+0000] {logging_mixin.py:188} INFO - [2026-05-25T09:31:45.055+0000] {dagbag.py:538} INFO - Filling up the DagBag from /home/airflow/.local/lib/python3.8/site-packages/airflow/example_dags/tutorial_dag.py
[2026-05-25T09:31:45.066+0000] {processor.py:840} INFO - DAG(s) 'tutorial_dag' retrieved from /home/airflow/.local/lib/python3.8/site-packages/airflow/example_dags/tutorial_dag.py
[2026-05-25T09:31:45.103+0000] {logging_mixin.py:188} INFO - [2026-05-25T09:31:45.103+0000] {dag.py:3036} INFO - Sync 1 DAGs
[2026-05-25T09:31:45.128+0000] {logging_mixin.py:188} INFO - [2026-05-25T09:31:45.128+0000] {dag.py:3823} INFO - Setting next_dagrun for tutorial_dag to None, run_after=None
[2026-05-25T09:31:45.246+0000] {processor.py:183} INFO - Processing /home/airflow/.local/lib/python3.8/site-packages/airflow/example_dags/tutorial_dag.py took 0.199 seconds
[2026-05-25T09:34:04.025+0000] {processor.py:161} INFO - Started process (PID=328) to work on /home/airflow/.local/lib/python3.8/site-packages/airflow/example_dags/tutorial_dag.py
[2026-05-25T09:34:04.027+0000] {processor.py:830} INFO - Processing file /home/airflow/.local/lib/python3.8/site-packages/airflow/example_dags/tutorial_dag.py for tasks to queue
[2026-05-25T09:34:04.031+0000] {logging_mixin.py:188} INFO - [2026-05-25T09:34:04.030+0000] {dagbag.py:538} INFO - Filling up the DagBag from /home/airflow/.local/lib/python3.8/site-packages/airflow/example_dags/tutorial_dag.py
[2026-05-25T09:34:04.047+0000] {processor.py:840} INFO - DAG(s) 'tutorial_dag' retrieved from /home/airflow/.local/lib/python3.8/site-packages/airflow/example_dags/tutorial_dag.py
[2026-05-25T09:34:04.108+0000] {logging_mixin.py:188} INFO - [2026-05-25T09:34:04.107+0000] {dag.py:3036} INFO - Sync 1 DAGs
[2026-05-25T09:34:04.143+0000] {logging_mixin.py:188} INFO - [2026-05-25T09:34:04.143+0000] {dag.py:3823} INFO - Setting next_dagrun for tutorial_dag to None, run_after=None
[2026-05-25T09:34:04.324+0000] {processor.py:183} INFO - Processing /home/airflow/.local/lib/python3.8/site-packages/airflow/example_dags/tutorial_dag.py took 0.309 seconds
[2026-05-25T09:35:19.190+0000] {processor.py:161} INFO - Started process (PID=384) to work on /home/airflow/.local/lib/python3.8/site-packages/airflow/example_dags/tutorial_dag.py
[2026-05-25T09:35:19.192+0000] {processor.py:830} INFO - Processing file /home/airflow/.local/lib/python3.8/site-packages/airflow/example_dags/tutorial_dag.py for tasks to queue
[2026-05-25T09:35:19.196+0000] {logging_mixin.py:188} INFO - [2026-05-25T09:35:19.196+0000] {dagbag.py:538} INFO - Filling up the DagBag from /home/airflow/.local/lib/python3.8/site-packages/airflow/example_dags/tutorial_dag.py
[2026-05-25T09:35:19.206+0000] {processor.py:840} INFO - DAG(s) 'tutorial_dag' retrieved from /home/airflow/.local/lib/python3.8/site-packages/airflow/example_dags/tutorial_dag.py
[2026-05-25T09:35:19.251+0000] {logging_mixin.py:188} INFO - [2026-05-25T09:35:19.250+0000] {dag.py:3036} INFO - Sync 1 DAGs
[2026-05-25T09:35:19.281+0000] {logging_mixin.py:188} INFO - [2026-05-25T09:35:19.281+0000] {dag.py:3823} INFO - Setting next_dagrun for tutorial_dag to None, run_after=None
[2026-05-25T09:35:19.383+0000] {processor.py:183} INFO - Processing /home/airflow/.local/lib/python3.8/site-packages/airflow/example_dags/tutorial_dag.py took 0.199 seconds
[2026-05-25T09:38:04.377+0000] {processor.py:161} INFO - Started process (PID=469) to work on /home/airflow/.local/lib/python3.8/site-packages/airflow/example_dags/tutorial_dag.py
[2026-05-25T09:38:04.390+0000] {processor.py:830} INFO - Processing file /home/airflow/.local/lib/python3.8/site-packages/airflow/example_dags/tutorial_dag.py for tasks to queue
[2026-05-25T09:38:04.405+0000] {logging_mixin.py:188} INFO - [2026-05-25T09:38:04.394+0000] {dagbag.py:538} INFO - Filling up the DagBag from /home/airflow/.local/lib/python3.8/site-packages/airflow/example_dags/tutorial_dag.py
[2026-05-25T09:38:04.428+0000] {processor.py:840} INFO - DAG(s) 'tutorial_dag' retrieved from /home/airflow/.local/lib/python3.8/site-packages/airflow/example_dags/tutorial_dag.py
[2026-05-25T09:38:04.563+0000] {logging_mixin.py:188} INFO - [2026-05-25T09:38:04.563+0000] {dag.py:3036} INFO - Sync 1 DAGs
[2026-05-25T09:38:04.606+0000] {logging_mixin.py:188} INFO - [2026-05-25T09:38:04.606+0000] {dag.py:3823} INFO - Setting next_dagrun for tutorial_dag to None, run_after=None
[2026-05-25T09:38:04.731+0000] {processor.py:183} INFO - Processing /home/airflow/.local/lib/python3.8/site-packages/airflow/example_dags/tutorial_dag.py took 0.372 seconds
[2026-05-25T09:41:21.755+0000] {processor.py:161} INFO - Started process (PID=586) to work on /home/airflow/.local/lib/python3.8/site-packages/airflow/example_dags/tutorial_dag.py
[2026-05-25T09:41:21.757+0000] {processor.py:830} INFO - Processing file /home/airflow/.local/lib/python3.8/site-packages/airflow/example_dags/tutorial_dag.py for tasks to queue
[2026-05-25T09:41:21.759+0000] {logging_mixin.py:188} INFO - [2026-05-25T09:41:21.758+0000] {dagbag.py:538} INFO - Filling up the DagBag from /home/airflow/.local/lib/python3.8/site-packages/airflow/example_dags/tutorial_dag.py
[2026-05-25T09:41:21.773+0000] {processor.py:840} INFO - DAG(s) 'tutorial_dag' retrieved from /home/airflow/.local/lib/python3.8/site-packages/airflow/example_dags/tutorial_dag.py
[2026-05-25T09:41:21.820+0000] {logging_mixin.py:188} INFO - [2026-05-25T09:41:21.820+0000] {dag.py:3036} INFO - Sync 1 DAGs
[2026-05-25T09:41:21.854+0000] {logging_mixin.py:188} INFO - [2026-05-25T09:41:21.853+0000] {dag.py:3823} INFO - Setting next_dagrun for tutorial_dag to None, run_after=None
[2026-05-25T09:41:22.065+0000] {processor.py:183} INFO - Processing /home/airflow/.local/lib/python3.8/site-packages/airflow/example_dags/tutorial_dag.py took 0.316 seconds
[2026-05-25T09:42:56.946+0000] {processor.py:161} INFO - Started process (PID=646) to work on /home/airflow/.local/lib/python3.8/site-packages/airflow/example_dags/tutorial_dag.py
[2026-05-25T09:42:56.948+0000] {processor.py:830} INFO - Processing file /home/airflow/.local/lib/python3.8/site-packages/airflow/example_dags/tutorial_dag.py for tasks to queue
[2026-05-25T09:42:56.949+0000] {logging_mixin.py:188} INFO - [2026-05-25T09:42:56.949+0000] {dagbag.py:538} INFO - Filling up the DagBag from /home/airflow/.local/lib/python3.8/site-packages/airflow/example_dags/tutorial_dag.py
[2026-05-25T09:42:56.958+0000] {processor.py:840} INFO - DAG(s) 'tutorial_dag' retrieved from /home/airflow/.local/lib/python3.8/site-packages/airflow/example_dags/tutorial_dag.py
[2026-05-25T09:42:56.990+0000] {logging_mixin.py:188} INFO - [2026-05-25T09:42:56.990+0000] {dag.py:3036} INFO - Sync 1 DAGs
[2026-05-25T09:42:57.007+0000] {logging_mixin.py:188} INFO - [2026-05-25T09:42:57.007+0000] {dag.py:3823} INFO - Setting next_dagrun for tutorial_dag to None, run_after=None
[2026-05-25T09:42:57.106+0000] {processor.py:183} INFO - Processing /home/airflow/.local/lib/python3.8/site-packages/airflow/example_dags/tutorial_dag.py took 0.164 seconds
[2026-05-25T09:44:23.227+0000] {processor.py:161} INFO - Started process (PID=705) to work on /home/airflow/.local/lib/python3.8/site-packages/airflow/example_dags/tutorial_dag.py
[2026-05-25T09:44:23.229+0000] {processor.py:830} INFO - Processing file /home/airflow/.local/lib/python3.8/site-packages/airflow/example_dags/tutorial_dag.py for tasks to queue
[2026-05-25T09:44:23.231+0000] {logging_mixin.py:188} INFO - [2026-05-25T09:44:23.230+0000] {dagbag.py:538} INFO - Filling up the DagBag from /home/airflow/.local/lib/python3.8/site-packages/airflow/example_dags/tutorial_dag.py
[2026-05-25T09:44:23.244+0000] {processor.py:840} INFO - DAG(s) 'tutorial_dag' retrieved from /home/airflow/.local/lib/python3.8/site-packages/airflow/example_dags/tutorial_dag.py
[2026-05-25T09:44:23.293+0000] {logging_mixin.py:188} INFO - [2026-05-25T09:44:23.292+0000] {dag.py:3036} INFO - Sync 1 DAGs
[2026-05-25T09:44:23.327+0000] {logging_mixin.py:188} INFO - [2026-05-25T09:44:23.326+0000] {dag.py:3823} INFO - Setting next_dagrun for tutorial_dag to None, run_after=None
[2026-05-25T09:44:23.457+0000] {processor.py:183} INFO - Processing /home/airflow/.local/lib/python3.8/site-packages/airflow/example_dags/tutorial_dag.py took 0.236 seconds
[2026-05-25T09:45:59.991+0000] {processor.py:161} INFO - Started process (PID=765) to work on /home/airflow/.local/lib/python3.8/site-packages/airflow/example_dags/tutorial_dag.py
[2026-05-25T09:45:59.992+0000] {processor.py:830} INFO - Processing file /home/airflow/.local/lib/python3.8/site-packages/airflow/example_dags/tutorial_dag.py for tasks to queue
[2026-05-25T09:45:59.994+0000] {logging_mixin.py:188} INFO - [2026-05-25T09:45:59.993+0000] {dagbag.py:538} INFO - Filling up the DagBag from /home/airflow/.local/lib/python3.8/site-packages/airflow/example_dags/tutorial_dag.py
[2026-05-25T09:46:00.001+0000] {processor.py:840} INFO - DAG(s) 'tutorial_dag' retrieved from /home/airflow/.local/lib/python3.8/site-packages/airflow/example_dags/tutorial_dag.py
[2026-05-25T09:46:00.036+0000] {logging_mixin.py:188} INFO - [2026-05-25T09:46:00.035+0000] {dag.py:3036} INFO - Sync 1 DAGs
[2026-05-25T09:46:00.059+0000] {logging_mixin.py:188} INFO - [2026-05-25T09:46:00.058+0000] {dag.py:3823} INFO - Setting next_dagrun for tutorial_dag to None, run_after=None
[2026-05-25T09:46:00.151+0000] {processor.py:183} INFO - Processing /home/airflow/.local/lib/python3.8/site-packages/airflow/example_dags/tutorial_dag.py took 0.165 seconds
[2026-05-25T09:47:58.239+0000] {processor.py:161} INFO - Started process (PID=828) to work on /home/airflow/.local/lib/python3.8/site-packages/airflow/example_dags/tutorial_dag.py
[2026-05-25T09:47:58.242+0000] {processor.py:830} INFO - Processing file /home/airflow/.local/lib/python3.8/site-packages/airflow/example_dags/tutorial_dag.py for tasks to queue
[2026-05-25T09:47:58.245+0000] {logging_mixin.py:188} INFO - [2026-05-25T09:47:58.244+0000] {dagbag.py:538} INFO - Filling up the DagBag from /home/airflow/.local/lib/python3.8/site-packages/airflow/example_dags/tutorial_dag.py
[2026-05-25T09:47:58.265+0000] {processor.py:840} INFO - DAG(s) 'tutorial_dag' retrieved from /home/airflow/.local/lib/python3.8/site-packages/airflow/example_dags/tutorial_dag.py
[2026-05-25T09:47:58.377+0000] {logging_mixin.py:188} INFO - [2026-05-25T09:47:58.376+0000] {dag.py:3036} INFO - Sync 1 DAGs
[2026-05-25T09:47:58.427+0000] {logging_mixin.py:188} INFO - [2026-05-25T09:47:58.426+0000] {dag.py:3823} INFO - Setting next_dagrun for tutorial_dag to None, run_after=None
[2026-05-25T09:47:58.610+0000] {processor.py:183} INFO - Processing /home/airflow/.local/lib/python3.8/site-packages/airflow/example_dags/tutorial_dag.py took 0.383 seconds
[2026-05-25T09:49:56.455+0000] {processor.py:161} INFO - Started process (PID=897) to work on /home/airflow/.local/lib/python3.8/site-packages/airflow/example_dags/tutorial_dag.py
[2026-05-25T09:49:56.459+0000] {processor.py:830} INFO - Processing file /home/airflow/.local/lib/python3.8/site-packages/airflow/example_dags/tutorial_dag.py for tasks to queue
[2026-05-25T09:49:56.463+0000] {logging_mixin.py:188} INFO - [2026-05-25T09:49:56.462+0000] {dagbag.py:538} INFO - Filling up the DagBag from /home/airflow/.local/lib/python3.8/site-packages/airflow/example_dags/tutorial_dag.py
[2026-05-25T09:49:56.481+0000] {processor.py:840} INFO - DAG(s) 'tutorial_dag' retrieved from /home/airflow/.local/lib/python3.8/site-packages/airflow/example_dags/tutorial_dag.py
[2026-05-25T09:49:56.688+0000] {logging_mixin.py:188} INFO - [2026-05-25T09:49:56.688+0000] {dag.py:3036} INFO - Sync 1 DAGs
[2026-05-25T09:49:56.728+0000] {logging_mixin.py:188} INFO - [2026-05-25T09:49:56.728+0000] {dag.py:3823} INFO - Setting next_dagrun for tutorial_dag to None, run_after=None
[2026-05-25T09:49:58.288+0000] {processor.py:183} INFO - Processing /home/airflow/.local/lib/python3.8/site-packages/airflow/example_dags/tutorial_dag.py took 1.846 seconds
[2026-05-25T09:55:41.760+0000] {processor.py:161} INFO - Started process (PID=90) to work on /home/airflow/.local/lib/python3.8/site-packages/airflow/example_dags/tutorial_dag.py
[2026-05-25T09:55:41.762+0000] {processor.py:830} INFO - Processing file /home/airflow/.local/lib/python3.8/site-packages/airflow/example_dags/tutorial_dag.py for tasks to queue
[2026-05-25T09:55:41.765+0000] {logging_mixin.py:188} INFO - [2026-05-25T09:55:41.764+0000] {dagbag.py:538} INFO - Filling up the DagBag from /home/airflow/.local/lib/python3.8/site-packages/airflow/example_dags/tutorial_dag.py
[2026-05-25T09:55:41.775+0000] {processor.py:840} INFO - DAG(s) 'tutorial_dag' retrieved from /home/airflow/.local/lib/python3.8/site-packages/airflow/example_dags/tutorial_dag.py
[2026-05-25T09:55:41.963+0000] {logging_mixin.py:188} INFO - [2026-05-25T09:55:41.962+0000] {dag.py:3036} INFO - Sync 1 DAGs
[2026-05-25T09:55:41.985+0000] {logging_mixin.py:188} INFO - [2026-05-25T09:55:41.985+0000] {dag.py:3823} INFO - Setting next_dagrun for tutorial_dag to None, run_after=None
[2026-05-25T09:55:42.150+0000] {processor.py:183} INFO - Processing /home/airflow/.local/lib/python3.8/site-packages/airflow/example_dags/tutorial_dag.py took 0.396 seconds
[2026-05-25T10:00:08.153+0000] {processor.py:161} INFO - Started process (PID=216) to work on /home/airflow/.local/lib/python3.8/site-packages/airflow/example_dags/tutorial_dag.py
[2026-05-25T10:00:08.155+0000] {processor.py:830} INFO - Processing file /home/airflow/.local/lib/python3.8/site-packages/airflow/example_dags/tutorial_dag.py for tasks to queue
[2026-05-25T10:00:08.157+0000] {logging_mixin.py:188} INFO - [2026-05-25T10:00:08.156+0000] {dagbag.py:538} INFO - Filling up the DagBag from /home/airflow/.local/lib/python3.8/site-packages/airflow/example_dags/tutorial_dag.py
[2026-05-25T10:00:08.165+0000] {processor.py:840} INFO - DAG(s) 'tutorial_dag' retrieved from /home/airflow/.local/lib/python3.8/site-packages/airflow/example_dags/tutorial_dag.py
[2026-05-25T10:00:08.202+0000] {logging_mixin.py:188} INFO - [2026-05-25T10:00:08.202+0000] {dag.py:3036} INFO - Sync 1 DAGs
[2026-05-25T10:00:08.222+0000] {logging_mixin.py:188} INFO - [2026-05-25T10:00:08.222+0000] {dag.py:3823} INFO - Setting next_dagrun for tutorial_dag to None, run_after=None
[2026-05-25T10:00:08.327+0000] {processor.py:183} INFO - Processing /home/airflow/.local/lib/python3.8/site-packages/airflow/example_dags/tutorial_dag.py took 0.178 seconds
[2026-05-25T10:02:03.146+0000] {processor.py:161} INFO - Started process (PID=282) to work on /home/airflow/.local/lib/python3.8/site-packages/airflow/example_dags/tutorial_dag.py
[2026-05-25T10:02:03.173+0000] {processor.py:830} INFO - Processing file /home/airflow/.local/lib/python3.8/site-packages/airflow/example_dags/tutorial_dag.py for tasks to queue
[2026-05-25T10:02:03.211+0000] {logging_mixin.py:188} INFO - [2026-05-25T10:02:03.210+0000] {dagbag.py:538} INFO - Filling up the DagBag from /home/airflow/.local/lib/python3.8/site-packages/airflow/example_dags/tutorial_dag.py
[2026-05-25T10:02:03.242+0000] {processor.py:840} INFO - DAG(s) 'tutorial_dag' retrieved from /home/airflow/.local/lib/python3.8/site-packages/airflow/example_dags/tutorial_dag.py
[2026-05-25T10:02:03.893+0000] {logging_mixin.py:188} INFO - [2026-05-25T10:02:03.892+0000] {dag.py:3036} INFO - Sync 1 DAGs
[2026-05-25T10:02:04.667+0000] {logging_mixin.py:188} INFO - [2026-05-25T10:02:04.663+0000] {dag.py:3823} INFO - Setting next_dagrun for tutorial_dag to None, run_after=None
[2026-05-25T10:02:05.366+0000] {processor.py:183} INFO - Processing /home/airflow/.local/lib/python3.8/site-packages/airflow/example_dags/tutorial_dag.py took 2.236 seconds
[2026-05-25T10:04:14.271+0000] {processor.py:161} INFO - Started process (PID=351) to work on /home/airflow/.local/lib/python3.8/site-packages/airflow/example_dags/tutorial_dag.py
[2026-05-25T10:04:14.273+0000] {processor.py:830} INFO - Processing file /home/airflow/.local/lib/python3.8/site-packages/airflow/example_dags/tutorial_dag.py for tasks to queue
[2026-05-25T10:04:14.275+0000] {logging_mixin.py:188} INFO - [2026-05-25T10:04:14.275+0000] {dagbag.py:538} INFO - Filling up the DagBag from /home/airflow/.local/lib/python3.8/site-packages/airflow/example_dags/tutorial_dag.py
[2026-05-25T10:04:14.297+0000] {processor.py:840} INFO - DAG(s) 'tutorial_dag' retrieved from /home/airflow/.local/lib/python3.8/site-packages/airflow/example_dags/tutorial_dag.py
[2026-05-25T10:04:14.361+0000] {logging_mixin.py:188} INFO - [2026-05-25T10:04:14.361+0000] {dag.py:3036} INFO - Sync 1 DAGs
[2026-05-25T10:04:14.393+0000] {logging_mixin.py:188} INFO - [2026-05-25T10:04:14.392+0000] {dag.py:3823} INFO - Setting next_dagrun for tutorial_dag to None, run_after=None
[2026-05-25T10:04:14.531+0000] {processor.py:183} INFO - Processing /home/airflow/.local/lib/python3.8/site-packages/airflow/example_dags/tutorial_dag.py took 0.266 seconds
[2026-05-25T10:06:36.038+0000] {processor.py:161} INFO - Started process (PID=424) to work on /home/airflow/.local/lib/python3.8/site-packages/airflow/example_dags/tutorial_dag.py
[2026-05-25T10:06:36.041+0000] {processor.py:830} INFO - Processing file /home/airflow/.local/lib/python3.8/site-packages/airflow/example_dags/tutorial_dag.py for tasks to queue
[2026-05-25T10:06:36.043+0000] {logging_mixin.py:188} INFO - [2026-05-25T10:06:36.042+0000] {dagbag.py:538} INFO - Filling up the DagBag from /home/airflow/.local/lib/python3.8/site-packages/airflow/example_dags/tutorial_dag.py
[2026-05-25T10:06:36.057+0000] {processor.py:840} INFO - DAG(s) 'tutorial_dag' retrieved from /home/airflow/.local/lib/python3.8/site-packages/airflow/example_dags/tutorial_dag.py
[2026-05-25T10:06:36.133+0000] {logging_mixin.py:188} INFO - [2026-05-25T10:06:36.133+0000] {dag.py:3036} INFO - Sync 1 DAGs
[2026-05-25T10:06:36.169+0000] {logging_mixin.py:188} INFO - [2026-05-25T10:06:36.168+0000] {dag.py:3823} INFO - Setting next_dagrun for tutorial_dag to None, run_after=None
[2026-05-25T10:06:36.328+0000] {processor.py:183} INFO - Processing /home/airflow/.local/lib/python3.8/site-packages/airflow/example_dags/tutorial_dag.py took 0.297 seconds
[2026-05-25T10:08:37.365+0000] {processor.py:161} INFO - Started process (PID=491) to work on /home/airflow/.local/lib/python3.8/site-packages/airflow/example_dags/tutorial_dag.py
[2026-05-25T10:08:37.367+0000] {processor.py:830} INFO - Processing file /home/airflow/.local/lib/python3.8/site-packages/airflow/example_dags/tutorial_dag.py for tasks to queue
[2026-05-25T10:08:37.369+0000] {logging_mixin.py:188} INFO - [2026-05-25T10:08:37.368+0000] {dagbag.py:538} INFO - Filling up the DagBag from /home/airflow/.local/lib/python3.8/site-packages/airflow/example_dags/tutorial_dag.py
[2026-05-25T10:08:37.387+0000] {processor.py:840} INFO - DAG(s) 'tutorial_dag' retrieved from /home/airflow/.local/lib/python3.8/site-packages/airflow/example_dags/tutorial_dag.py
[2026-05-25T10:08:37.487+0000] {logging_mixin.py:188} INFO - [2026-05-25T10:08:37.487+0000] {dag.py:3036} INFO - Sync 1 DAGs
[2026-05-25T10:08:37.538+0000] {logging_mixin.py:188} INFO - [2026-05-25T10:08:37.537+0000] {dag.py:3823} INFO - Setting next_dagrun for tutorial_dag to None, run_after=None
[2026-05-25T10:08:37.779+0000] {processor.py:183} INFO - Processing /home/airflow/.local/lib/python3.8/site-packages/airflow/example_dags/tutorial_dag.py took 0.421 seconds
[2026-05-25T10:10:42.862+0000] {processor.py:161} INFO - Started process (PID=561) to work on /home/airflow/.local/lib/python3.8/site-packages/airflow/example_dags/tutorial_dag.py
[2026-05-25T10:10:42.864+0000] {processor.py:830} INFO - Processing file /home/airflow/.local/lib/python3.8/site-packages/airflow/example_dags/tutorial_dag.py for tasks to queue
[2026-05-25T10:10:42.865+0000] {logging_mixin.py:188} INFO - [2026-05-25T10:10:42.865+0000] {dagbag.py:538} INFO - Filling up the DagBag from /home/airflow/.local/lib/python3.8/site-packages/airflow/example_dags/tutorial_dag.py
[2026-05-25T10:10:42.874+0000] {processor.py:840} INFO - DAG(s) 'tutorial_dag' retrieved from /home/airflow/.local/lib/python3.8/site-packages/airflow/example_dags/tutorial_dag.py
[2026-05-25T10:10:42.916+0000] {logging_mixin.py:188} INFO - [2026-05-25T10:10:42.916+0000] {dag.py:3036} INFO - Sync 1 DAGs
[2026-05-25T10:10:42.943+0000] {logging_mixin.py:188} INFO - [2026-05-25T10:10:42.943+0000] {dag.py:3823} INFO - Setting next_dagrun for tutorial_dag to None, run_after=None
[2026-05-25T10:10:43.061+0000] {processor.py:183} INFO - Processing /home/airflow/.local/lib/python3.8/site-packages/airflow/example_dags/tutorial_dag.py took 0.203 seconds
[2026-05-25T10:12:18.636+0000] {processor.py:161} INFO - Started process (PID=623) to work on /home/airflow/.local/lib/python3.8/site-packages/airflow/example_dags/tutorial_dag.py
[2026-05-25T10:12:18.637+0000] {processor.py:830} INFO - Processing file /home/airflow/.local/lib/python3.8/site-packages/airflow/example_dags/tutorial_dag.py for tasks to queue
[2026-05-25T10:12:18.639+0000] {logging_mixin.py:188} INFO - [2026-05-25T10:12:18.639+0000] {dagbag.py:538} INFO - Filling up the DagBag from /home/airflow/.local/lib/python3.8/site-packages/airflow/example_dags/tutorial_dag.py
[2026-05-25T10:12:18.649+0000] {processor.py:840} INFO - DAG(s) 'tutorial_dag' retrieved from /home/airflow/.local/lib/python3.8/site-packages/airflow/example_dags/tutorial_dag.py
[2026-05-25T10:12:18.688+0000] {logging_mixin.py:188} INFO - [2026-05-25T10:12:18.687+0000] {dag.py:3036} INFO - Sync 1 DAGs
[2026-05-25T10:12:18.711+0000] {logging_mixin.py:188} INFO - [2026-05-25T10:12:18.710+0000] {dag.py:3823} INFO - Setting next_dagrun for tutorial_dag to None, run_after=None
[2026-05-25T10:12:18.817+0000] {processor.py:183} INFO - Processing /home/airflow/.local/lib/python3.8/site-packages/airflow/example_dags/tutorial_dag.py took 0.186 seconds
[2026-05-25T10:14:00.295+0000] {processor.py:161} INFO - Started process (PID=682) to work on /home/airflow/.local/lib/python3.8/site-packages/airflow/example_dags/tutorial_dag.py
[2026-05-25T10:14:00.297+0000] {processor.py:830} INFO - Processing file /home/airflow/.local/lib/python3.8/site-packages/airflow/example_dags/tutorial_dag.py for tasks to queue
[2026-05-25T10:14:00.300+0000] {logging_mixin.py:188} INFO - [2026-05-25T10:14:00.299+0000] {dagbag.py:538} INFO - Filling up the DagBag from /home/airflow/.local/lib/python3.8/site-packages/airflow/example_dags/tutorial_dag.py
[2026-05-25T10:14:00.314+0000] {processor.py:840} INFO - DAG(s) 'tutorial_dag' retrieved from /home/airflow/.local/lib/python3.8/site-packages/airflow/example_dags/tutorial_dag.py
[2026-05-25T10:14:00.356+0000] {logging_mixin.py:188} INFO - [2026-05-25T10:14:00.355+0000] {dag.py:3036} INFO - Sync 1 DAGs
[2026-05-25T10:14:00.378+0000] {logging_mixin.py:188} INFO - [2026-05-25T10:14:00.378+0000] {dag.py:3823} INFO - Setting next_dagrun for tutorial_dag to None, run_after=None
[2026-05-25T10:14:00.483+0000] {processor.py:183} INFO - Processing /home/airflow/.local/lib/python3.8/site-packages/airflow/example_dags/tutorial_dag.py took 0.194 seconds
[2026-05-25T10:17:14.835+0000] {processor.py:161} INFO - Started process (PID=802) to work on /home/airflow/.local/lib/python3.8/site-packages/airflow/example_dags/tutorial_dag.py
[2026-05-25T10:17:14.837+0000] {processor.py:830} INFO - Processing file /home/airflow/.local/lib/python3.8/site-packages/airflow/example_dags/tutorial_dag.py for tasks to queue
[2026-05-25T10:17:14.840+0000] {logging_mixin.py:188} INFO - [2026-05-25T10:17:14.839+0000] {dagbag.py:538} INFO - Filling up the DagBag from /home/airflow/.local/lib/python3.8/site-packages/airflow/example_dags/tutorial_dag.py
[2026-05-25T10:17:14.855+0000] {processor.py:840} INFO - DAG(s) 'tutorial_dag' retrieved from /home/airflow/.local/lib/python3.8/site-packages/airflow/example_dags/tutorial_dag.py
[2026-05-25T10:17:14.914+0000] {logging_mixin.py:188} INFO - [2026-05-25T10:17:14.914+0000] {dag.py:3036} INFO - Sync 1 DAGs
[2026-05-25T10:17:14.970+0000] {logging_mixin.py:188} INFO - [2026-05-25T10:17:14.969+0000] {dag.py:3823} INFO - Setting next_dagrun for tutorial_dag to None, run_after=None
[2026-05-25T10:17:15.120+0000] {processor.py:183} INFO - Processing /home/airflow/.local/lib/python3.8/site-packages/airflow/example_dags/tutorial_dag.py took 0.292 seconds
[2026-05-25T10:18:54.681+0000] {processor.py:161} INFO - Started process (PID=865) to work on /home/airflow/.local/lib/python3.8/site-packages/airflow/example_dags/tutorial_dag.py
[2026-05-25T10:18:54.683+0000] {processor.py:830} INFO - Processing file /home/airflow/.local/lib/python3.8/site-packages/airflow/example_dags/tutorial_dag.py for tasks to queue
[2026-05-25T10:18:54.684+0000] {logging_mixin.py:188} INFO - [2026-05-25T10:18:54.684+0000] {dagbag.py:538} INFO - Filling up the DagBag from /home/airflow/.local/lib/python3.8/site-packages/airflow/example_dags/tutorial_dag.py
[2026-05-25T10:18:54.693+0000] {processor.py:840} INFO - DAG(s) 'tutorial_dag' retrieved from /home/airflow/.local/lib/python3.8/site-packages/airflow/example_dags/tutorial_dag.py
[2026-05-25T10:18:54.739+0000] {logging_mixin.py:188} INFO - [2026-05-25T10:18:54.739+0000] {dag.py:3036} INFO - Sync 1 DAGs
[2026-05-25T10:18:54.799+0000] {logging_mixin.py:188} INFO - [2026-05-25T10:18:54.799+0000] {dag.py:3823} INFO - Setting next_dagrun for tutorial_dag to None, run_after=None
[2026-05-25T10:18:55.698+0000] {processor.py:183} INFO - Processing /home/airflow/.local/lib/python3.8/site-packages/airflow/example_dags/tutorial_dag.py took 0.234 seconds
[2026-05-25T10:20:27.606+0000] {processor.py:161} INFO - Started process (PID=927) to work on /home/airflow/.local/lib/python3.8/site-packages/airflow/example_dags/tutorial_dag.py
[2026-05-25T10:20:27.609+0000] {processor.py:830} INFO - Processing file /home/airflow/.local/lib/python3.8/site-packages/airflow/example_dags/tutorial_dag.py for tasks to queue
[2026-05-25T10:20:27.612+0000] {logging_mixin.py:188} INFO - [2026-05-25T10:20:27.611+0000] {dagbag.py:538} INFO - Filling up the DagBag from /home/airflow/.local/lib/python3.8/site-packages/airflow/example_dags/tutorial_dag.py
[2026-05-25T10:20:27.633+0000] {processor.py:840} INFO - DAG(s) 'tutorial_dag' retrieved from /home/airflow/.local/lib/python3.8/site-packages/airflow/example_dags/tutorial_dag.py
[2026-05-25T10:20:27.725+0000] {logging_mixin.py:188} INFO - [2026-05-25T10:20:27.724+0000] {dag.py:3036} INFO - Sync 1 DAGs
[2026-05-25T10:20:27.784+0000] {logging_mixin.py:188} INFO - [2026-05-25T10:20:27.783+0000] {dag.py:3823} INFO - Setting next_dagrun for tutorial_dag to None, run_after=None
[2026-05-25T10:20:27.923+0000] {processor.py:183} INFO - Processing /home/airflow/.local/lib/python3.8/site-packages/airflow/example_dags/tutorial_dag.py took 0.324 seconds
[2026-05-25T10:22:02.936+0000] {processor.py:161} INFO - Started process (PID=990) to work on /home/airflow/.local/lib/python3.8/site-packages/airflow/example_dags/tutorial_dag.py
[2026-05-25T10:22:02.938+0000] {processor.py:830} INFO - Processing file /home/airflow/.local/lib/python3.8/site-packages/airflow/example_dags/tutorial_dag.py for tasks to queue
[2026-05-25T10:22:02.940+0000] {logging_mixin.py:188} INFO - [2026-05-25T10:22:02.939+0000] {dagbag.py:538} INFO - Filling up the DagBag from /home/airflow/.local/lib/python3.8/site-packages/airflow/example_dags/tutorial_dag.py
[2026-05-25T10:22:02.951+0000] {processor.py:840} INFO - DAG(s) 'tutorial_dag' retrieved from /home/airflow/.local/lib/python3.8/site-packages/airflow/example_dags/tutorial_dag.py
[2026-05-25T10:22:02.993+0000] {logging_mixin.py:188} INFO - [2026-05-25T10:22:02.992+0000] {dag.py:3036} INFO - Sync 1 DAGs
[2026-05-25T10:22:03.015+0000] {logging_mixin.py:188} INFO - [2026-05-25T10:22:03.015+0000] {dag.py:3823} INFO - Setting next_dagrun for tutorial_dag to None, run_after=None
[2026-05-25T10:22:03.115+0000] {processor.py:183} INFO - Processing /home/airflow/.local/lib/python3.8/site-packages/airflow/example_dags/tutorial_dag.py took 0.184 seconds
[2026-05-25T10:23:37.298+0000] {processor.py:161} INFO - Started process (PID=1053) to work on /home/airflow/.local/lib/python3.8/site-packages/airflow/example_dags/tutorial_dag.py
[2026-05-25T10:23:37.300+0000] {processor.py:830} INFO - Processing file /home/airflow/.local/lib/python3.8/site-packages/airflow/example_dags/tutorial_dag.py for tasks to queue
[2026-05-25T10:23:37.301+0000] {logging_mixin.py:188} INFO - [2026-05-25T10:23:37.301+0000] {dagbag.py:538} INFO - Filling up the DagBag from /home/airflow/.local/lib/python3.8/site-packages/airflow/example_dags/tutorial_dag.py
[2026-05-25T10:23:37.311+0000] {processor.py:840} INFO - DAG(s) 'tutorial_dag' retrieved from /home/airflow/.local/lib/python3.8/site-packages/airflow/example_dags/tutorial_dag.py
[2026-05-25T10:23:37.372+0000] {logging_mixin.py:188} INFO - [2026-05-25T10:23:37.371+0000] {dag.py:3036} INFO - Sync 1 DAGs
[2026-05-25T10:23:37.405+0000] {logging_mixin.py:188} INFO - [2026-05-25T10:23:37.405+0000] {dag.py:3823} INFO - Setting next_dagrun for tutorial_dag to None, run_after=None
[2026-05-25T10:23:37.512+0000] {processor.py:183} INFO - Processing /home/airflow/.local/lib/python3.8/site-packages/airflow/example_dags/tutorial_dag.py took 0.220 seconds
[2026-05-25T10:25:11.321+0000] {processor.py:161} INFO - Started process (PID=1115) to work on /home/airflow/.local/lib/python3.8/site-packages/airflow/example_dags/tutorial_dag.py
[2026-05-25T10:25:11.325+0000] {processor.py:830} INFO - Processing file /home/airflow/.local/lib/python3.8/site-packages/airflow/example_dags/tutorial_dag.py for tasks to queue
[2026-05-25T10:25:11.326+0000] {logging_mixin.py:188} INFO - [2026-05-25T10:25:11.325+0000] {dagbag.py:538} INFO - Filling up the DagBag from /home/airflow/.local/lib/python3.8/site-packages/airflow/example_dags/tutorial_dag.py
[2026-05-25T10:25:11.336+0000] {processor.py:840} INFO - DAG(s) 'tutorial_dag' retrieved from /home/airflow/.local/lib/python3.8/site-packages/airflow/example_dags/tutorial_dag.py
[2026-05-25T10:25:11.370+0000] {logging_mixin.py:188} INFO - [2026-05-25T10:25:11.370+0000] {dag.py:3036} INFO - Sync 1 DAGs
[2026-05-25T10:25:11.388+0000] {logging_mixin.py:188} INFO - [2026-05-25T10:25:11.388+0000] {dag.py:3823} INFO - Setting next_dagrun for tutorial_dag to None, run_after=None
[2026-05-25T10:25:11.470+0000] {processor.py:183} INFO - Processing /home/airflow/.local/lib/python3.8/site-packages/airflow/example_dags/tutorial_dag.py took 0.155 seconds
[2026-05-25T10:26:53.104+0000] {processor.py:161} INFO - Started process (PID=1180) to work on /home/airflow/.local/lib/python3.8/site-packages/airflow/example_dags/tutorial_dag.py
[2026-05-25T10:26:53.106+0000] {processor.py:830} INFO - Processing file /home/airflow/.local/lib/python3.8/site-packages/airflow/example_dags/tutorial_dag.py for tasks to queue
[2026-05-25T10:26:53.108+0000] {logging_mixin.py:188} INFO - [2026-05-25T10:26:53.107+0000] {dagbag.py:538} INFO - Filling up the DagBag from /home/airflow/.local/lib/python3.8/site-packages/airflow/example_dags/tutorial_dag.py
[2026-05-25T10:26:53.116+0000] {processor.py:840} INFO - DAG(s) 'tutorial_dag' retrieved from /home/airflow/.local/lib/python3.8/site-packages/airflow/example_dags/tutorial_dag.py
[2026-05-25T10:26:53.150+0000] {logging_mixin.py:188} INFO - [2026-05-25T10:26:53.150+0000] {dag.py:3036} INFO - Sync 1 DAGs
[2026-05-25T10:26:53.169+0000] {logging_mixin.py:188} INFO - [2026-05-25T10:26:53.168+0000] {dag.py:3823} INFO - Setting next_dagrun for tutorial_dag to None, run_after=None
[2026-05-25T10:26:53.251+0000] {processor.py:183} INFO - Processing /home/airflow/.local/lib/python3.8/site-packages/airflow/example_dags/tutorial_dag.py took 0.151 seconds
[2026-05-25T10:28:32.297+0000] {processor.py:161} INFO - Started process (PID=1245) to work on /home/airflow/.local/lib/python3.8/site-packages/airflow/example_dags/tutorial_dag.py
[2026-05-25T10:28:32.298+0000] {processor.py:830} INFO - Processing file /home/airflow/.local/lib/python3.8/site-packages/airflow/example_dags/tutorial_dag.py for tasks to queue
[2026-05-25T10:28:32.300+0000] {logging_mixin.py:188} INFO - [2026-05-25T10:28:32.299+0000] {dagbag.py:538} INFO - Filling up the DagBag from /home/airflow/.local/lib/python3.8/site-packages/airflow/example_dags/tutorial_dag.py
[2026-05-25T10:28:32.310+0000] {processor.py:840} INFO - DAG(s) 'tutorial_dag' retrieved from /home/airflow/.local/lib/python3.8/site-packages/airflow/example_dags/tutorial_dag.py
[2026-05-25T10:28:32.345+0000] {logging_mixin.py:188} INFO - [2026-05-25T10:28:32.344+0000] {dag.py:3036} INFO - Sync 1 DAGs
[2026-05-25T10:28:32.365+0000] {logging_mixin.py:188} INFO - [2026-05-25T10:28:32.364+0000] {dag.py:3823} INFO - Setting next_dagrun for tutorial_dag to None, run_after=None
[2026-05-25T10:28:32.454+0000] {processor.py:183} INFO - Processing /home/airflow/.local/lib/python3.8/site-packages/airflow/example_dags/tutorial_dag.py took 0.162 seconds
[2026-05-25T10:30:04.125+0000] {processor.py:161} INFO - Started process (PID=1307) to work on /home/airflow/.local/lib/python3.8/site-packages/airflow/example_dags/tutorial_dag.py
[2026-05-25T10:30:04.127+0000] {processor.py:830} INFO - Processing file /home/airflow/.local/lib/python3.8/site-packages/airflow/example_dags/tutorial_dag.py for tasks to queue
[2026-05-25T10:30:04.129+0000] {logging_mixin.py:188} INFO - [2026-05-25T10:30:04.128+0000] {dagbag.py:538} INFO - Filling up the DagBag from /home/airflow/.local/lib/python3.8/site-packages/airflow/example_dags/tutorial_dag.py
[2026-05-25T10:30:04.139+0000] {processor.py:840} INFO - DAG(s) 'tutorial_dag' retrieved from /home/airflow/.local/lib/python3.8/site-packages/airflow/example_dags/tutorial_dag.py
[2026-05-25T10:30:04.178+0000] {logging_mixin.py:188} INFO - [2026-05-25T10:30:04.178+0000] {dag.py:3036} INFO - Sync 1 DAGs
[2026-05-25T10:30:04.199+0000] {logging_mixin.py:188} INFO - [2026-05-25T10:30:04.199+0000] {dag.py:3823} INFO - Setting next_dagrun for tutorial_dag to None, run_after=None
[2026-05-25T10:30:04.295+0000] {processor.py:183} INFO - Processing /home/airflow/.local/lib/python3.8/site-packages/airflow/example_dags/tutorial_dag.py took 0.176 seconds
[2026-05-25T10:31:39.688+0000] {processor.py:161} INFO - Started process (PID=1368) to work on /home/airflow/.local/lib/python3.8/site-packages/airflow/example_dags/tutorial_dag.py
[2026-05-25T10:31:39.690+0000] {processor.py:830} INFO - Processing file /home/airflow/.local/lib/python3.8/site-packages/airflow/example_dags/tutorial_dag.py for tasks to queue
[2026-05-25T10:31:39.692+0000] {logging_mixin.py:188} INFO - [2026-05-25T10:31:39.691+0000] {dagbag.py:538} INFO - Filling up the DagBag from /home/airflow/.local/lib/python3.8/site-packages/airflow/example_dags/tutorial_dag.py
[2026-05-25T10:31:39.700+0000] {processor.py:840} INFO - DAG(s) 'tutorial_dag' retrieved from /home/airflow/.local/lib/python3.8/site-packages/airflow/example_dags/tutorial_dag.py
[2026-05-25T10:31:39.738+0000] {logging_mixin.py:188} INFO - [2026-05-25T10:31:39.738+0000] {dag.py:3036} INFO - Sync 1 DAGs
[2026-05-25T10:31:39.758+0000] {logging_mixin.py:188} INFO - [2026-05-25T10:31:39.758+0000] {dag.py:3823} INFO - Setting next_dagrun for tutorial_dag to None, run_after=None
[2026-05-25T10:31:39.930+0000] {processor.py:183} INFO - Processing /home/airflow/.local/lib/python3.8/site-packages/airflow/example_dags/tutorial_dag.py took 0.247 seconds
[2026-05-25T10:33:18.998+0000] {processor.py:161} INFO - Started process (PID=1432) to work on /home/airflow/.local/lib/python3.8/site-packages/airflow/example_dags/tutorial_dag.py
[2026-05-25T10:33:19.000+0000] {processor.py:830} INFO - Processing file /home/airflow/.local/lib/python3.8/site-packages/airflow/example_dags/tutorial_dag.py for tasks to queue
[2026-05-25T10:33:19.002+0000] {logging_mixin.py:188} INFO - [2026-05-25T10:33:19.001+0000] {dagbag.py:538} INFO - Filling up the DagBag from /home/airflow/.local/lib/python3.8/site-packages/airflow/example_dags/tutorial_dag.py
[2026-05-25T10:33:19.010+0000] {processor.py:840} INFO - DAG(s) 'tutorial_dag' retrieved from /home/airflow/.local/lib/python3.8/site-packages/airflow/example_dags/tutorial_dag.py
[2026-05-25T10:33:19.052+0000] {logging_mixin.py:188} INFO - [2026-05-25T10:33:19.051+0000] {dag.py:3036} INFO - Sync 1 DAGs
[2026-05-25T10:33:19.071+0000] {logging_mixin.py:188} INFO - [2026-05-25T10:33:19.071+0000] {dag.py:3823} INFO - Setting next_dagrun for tutorial_dag to None, run_after=None
[2026-05-25T10:33:19.164+0000] {processor.py:183} INFO - Processing /home/airflow/.local/lib/python3.8/site-packages/airflow/example_dags/tutorial_dag.py took 0.171 seconds
[2026-05-25T10:34:47.630+0000] {processor.py:161} INFO - Started process (PID=1492) to work on /home/airflow/.local/lib/python3.8/site-packages/airflow/example_dags/tutorial_dag.py
[2026-05-25T10:34:47.632+0000] {processor.py:830} INFO - Processing file /home/airflow/.local/lib/python3.8/site-packages/airflow/example_dags/tutorial_dag.py for tasks to queue
[2026-05-25T10:34:47.633+0000] {logging_mixin.py:188} INFO - [2026-05-25T10:34:47.633+0000] {dagbag.py:538} INFO - Filling up the DagBag from /home/airflow/.local/lib/python3.8/site-packages/airflow/example_dags/tutorial_dag.py
[2026-05-25T10:34:47.642+0000] {processor.py:840} INFO - DAG(s) 'tutorial_dag' retrieved from /home/airflow/.local/lib/python3.8/site-packages/airflow/example_dags/tutorial_dag.py
[2026-05-25T10:34:47.674+0000] {logging_mixin.py:188} INFO - [2026-05-25T10:34:47.674+0000] {dag.py:3036} INFO - Sync 1 DAGs
[2026-05-25T10:34:47.693+0000] {logging_mixin.py:188} INFO - [2026-05-25T10:34:47.693+0000] {dag.py:3823} INFO - Setting next_dagrun for tutorial_dag to None, run_after=None
[2026-05-25T10:34:47.772+0000] {processor.py:183} INFO - Processing /home/airflow/.local/lib/python3.8/site-packages/airflow/example_dags/tutorial_dag.py took 0.145 seconds
[2026-05-25T10:36:13.839+0000] {processor.py:161} INFO - Started process (PID=1551) to work on /home/airflow/.local/lib/python3.8/site-packages/airflow/example_dags/tutorial_dag.py
[2026-05-25T10:36:13.841+0000] {processor.py:830} INFO - Processing file /home/airflow/.local/lib/python3.8/site-packages/airflow/example_dags/tutorial_dag.py for tasks to queue
[2026-05-25T10:36:13.843+0000] {logging_mixin.py:188} INFO - [2026-05-25T10:36:13.842+0000] {dagbag.py:538} INFO - Filling up the DagBag from /home/airflow/.local/lib/python3.8/site-packages/airflow/example_dags/tutorial_dag.py
[2026-05-25T10:36:13.851+0000] {processor.py:840} INFO - DAG(s) 'tutorial_dag' retrieved from /home/airflow/.local/lib/python3.8/site-packages/airflow/example_dags/tutorial_dag.py
[2026-05-25T10:36:13.883+0000] {logging_mixin.py:188} INFO - [2026-05-25T10:36:13.883+0000] {dag.py:3036} INFO - Sync 1 DAGs
[2026-05-25T10:36:13.903+0000] {logging_mixin.py:188} INFO - [2026-05-25T10:36:13.903+0000] {dag.py:3823} INFO - Setting next_dagrun for tutorial_dag to None, run_after=None
[2026-05-25T10:36:13.984+0000] {processor.py:183} INFO - Processing /home/airflow/.local/lib/python3.8/site-packages/airflow/example_dags/tutorial_dag.py took 0.149 seconds
[2026-05-25T10:37:39.051+0000] {processor.py:161} INFO - Started process (PID=1612) to work on /home/airflow/.local/lib/python3.8/site-packages/airflow/example_dags/tutorial_dag.py
[2026-05-25T10:37:39.053+0000] {processor.py:830} INFO - Processing file /home/airflow/.local/lib/python3.8/site-packages/airflow/example_dags/tutorial_dag.py for tasks to queue
[2026-05-25T10:37:39.055+0000] {logging_mixin.py:188} INFO - [2026-05-25T10:37:39.054+0000] {dagbag.py:538} INFO - Filling up the DagBag from /home/airflow/.local/lib/python3.8/site-packages/airflow/example_dags/tutorial_dag.py
[2026-05-25T10:37:39.063+0000] {processor.py:840} INFO - DAG(s) 'tutorial_dag' retrieved from /home/airflow/.local/lib/python3.8/site-packages/airflow/example_dags/tutorial_dag.py
[2026-05-25T10:37:39.100+0000] {logging_mixin.py:188} INFO - [2026-05-25T10:37:39.099+0000] {dag.py:3036} INFO - Sync 1 DAGs
[2026-05-25T10:37:39.130+0000] {logging_mixin.py:188} INFO - [2026-05-25T10:37:39.130+0000] {dag.py:3823} INFO - Setting next_dagrun for tutorial_dag to None, run_after=None
[2026-05-25T10:37:40.476+0000] {processor.py:183} INFO - Processing /home/airflow/.local/lib/python3.8/site-packages/airflow/example_dags/tutorial_dag.py took 0.191 seconds
[2026-05-25T10:39:08.494+0000] {processor.py:161} INFO - Started process (PID=1673) to work on /home/airflow/.local/lib/python3.8/site-packages/airflow/example_dags/tutorial_dag.py
[2026-05-25T10:39:08.496+0000] {processor.py:830} INFO - Processing file /home/airflow/.local/lib/python3.8/site-packages/airflow/example_dags/tutorial_dag.py for tasks to queue
[2026-05-25T10:39:08.498+0000] {logging_mixin.py:188} INFO - [2026-05-25T10:39:08.497+0000] {dagbag.py:538} INFO - Filling up the DagBag from /home/airflow/.local/lib/python3.8/site-packages/airflow/example_dags/tutorial_dag.py
[2026-05-25T10:39:08.508+0000] {processor.py:840} INFO - DAG(s) 'tutorial_dag' retrieved from /home/airflow/.local/lib/python3.8/site-packages/airflow/example_dags/tutorial_dag.py
[2026-05-25T10:39:08.542+0000] {logging_mixin.py:188} INFO - [2026-05-25T10:39:08.541+0000] {dag.py:3036} INFO - Sync 1 DAGs
[2026-05-25T10:39:08.559+0000] {logging_mixin.py:188} INFO - [2026-05-25T10:39:08.559+0000] {dag.py:3823} INFO - Setting next_dagrun for tutorial_dag to None, run_after=None
[2026-05-25T10:39:08.648+0000] {processor.py:183} INFO - Processing /home/airflow/.local/lib/python3.8/site-packages/airflow/example_dags/tutorial_dag.py took 0.159 seconds
[2026-05-25T10:40:46.541+0000] {processor.py:161} INFO - Started process (PID=1735) to work on /home/airflow/.local/lib/python3.8/site-packages/airflow/example_dags/tutorial_dag.py
[2026-05-25T10:40:46.543+0000] {processor.py:830} INFO - Processing file /home/airflow/.local/lib/python3.8/site-packages/airflow/example_dags/tutorial_dag.py for tasks to queue
[2026-05-25T10:40:46.545+0000] {logging_mixin.py:188} INFO - [2026-05-25T10:40:46.545+0000] {dagbag.py:538} INFO - Filling up the DagBag from /home/airflow/.local/lib/python3.8/site-packages/airflow/example_dags/tutorial_dag.py
[2026-05-25T10:40:46.562+0000] {processor.py:840} INFO - DAG(s) 'tutorial_dag' retrieved from /home/airflow/.local/lib/python3.8/site-packages/airflow/example_dags/tutorial_dag.py
[2026-05-25T10:40:46.618+0000] {logging_mixin.py:188} INFO - [2026-05-25T10:40:46.618+0000] {dag.py:3036} INFO - Sync 1 DAGs
[2026-05-25T10:40:46.650+0000] {logging_mixin.py:188} INFO - [2026-05-25T10:40:46.650+0000] {dag.py:3823} INFO - Setting next_dagrun for tutorial_dag to None, run_after=None
[2026-05-25T10:40:46.797+0000] {processor.py:183} INFO - Processing /home/airflow/.local/lib/python3.8/site-packages/airflow/example_dags/tutorial_dag.py took 0.264 seconds
[2026-05-25T10:42:26.464+0000] {processor.py:161} INFO - Started process (PID=1798) to work on /home/airflow/.local/lib/python3.8/site-packages/airflow/example_dags/tutorial_dag.py
[2026-05-25T10:42:26.467+0000] {processor.py:830} INFO - Processing file /home/airflow/.local/lib/python3.8/site-packages/airflow/example_dags/tutorial_dag.py for tasks to queue
[2026-05-25T10:42:26.470+0000] {logging_mixin.py:188} INFO - [2026-05-25T10:42:26.469+0000] {dagbag.py:538} INFO - Filling up the DagBag from /home/airflow/.local/lib/python3.8/site-packages/airflow/example_dags/tutorial_dag.py
[2026-05-25T10:42:26.480+0000] {processor.py:840} INFO - DAG(s) 'tutorial_dag' retrieved from /home/airflow/.local/lib/python3.8/site-packages/airflow/example_dags/tutorial_dag.py
[2026-05-25T10:42:26.522+0000] {logging_mixin.py:188} INFO - [2026-05-25T10:42:26.521+0000] {dag.py:3036} INFO - Sync 1 DAGs
[2026-05-25T10:42:26.545+0000] {logging_mixin.py:188} INFO - [2026-05-25T10:42:26.545+0000] {dag.py:3823} INFO - Setting next_dagrun for tutorial_dag to None, run_after=None
[2026-05-25T10:42:26.658+0000] {processor.py:183} INFO - Processing /home/airflow/.local/lib/python3.8/site-packages/airflow/example_dags/tutorial_dag.py took 0.204 seconds
[2026-05-25T10:43:51.127+0000] {processor.py:161} INFO - Started process (PID=1856) to work on /home/airflow/.local/lib/python3.8/site-packages/airflow/example_dags/tutorial_dag.py
[2026-05-25T10:43:51.129+0000] {processor.py:830} INFO - Processing file /home/airflow/.local/lib/python3.8/site-packages/airflow/example_dags/tutorial_dag.py for tasks to queue
[2026-05-25T10:43:51.130+0000] {logging_mixin.py:188} INFO - [2026-05-25T10:43:51.130+0000] {dagbag.py:538} INFO - Filling up the DagBag from /home/airflow/.local/lib/python3.8/site-packages/airflow/example_dags/tutorial_dag.py
[2026-05-25T10:43:51.142+0000] {processor.py:840} INFO - DAG(s) 'tutorial_dag' retrieved from /home/airflow/.local/lib/python3.8/site-packages/airflow/example_dags/tutorial_dag.py
[2026-05-25T10:43:51.183+0000] {logging_mixin.py:188} INFO - [2026-05-25T10:43:51.182+0000] {dag.py:3036} INFO - Sync 1 DAGs
[2026-05-25T10:43:51.211+0000] {logging_mixin.py:188} INFO - [2026-05-25T10:43:51.210+0000] {dag.py:3823} INFO - Setting next_dagrun for tutorial_dag to None, run_after=None
[2026-05-25T10:43:51.311+0000] {processor.py:183} INFO - Processing /home/airflow/.local/lib/python3.8/site-packages/airflow/example_dags/tutorial_dag.py took 0.191 seconds
[2026-05-25T10:45:21.420+0000] {processor.py:161} INFO - Started process (PID=1917) to work on /home/airflow/.local/lib/python3.8/site-packages/airflow/example_dags/tutorial_dag.py
[2026-05-25T10:45:21.422+0000] {processor.py:830} INFO - Processing file /home/airflow/.local/lib/python3.8/site-packages/airflow/example_dags/tutorial_dag.py for tasks to queue
[2026-05-25T10:45:21.425+0000] {logging_mixin.py:188} INFO - [2026-05-25T10:45:21.424+0000] {dagbag.py:538} INFO - Filling up the DagBag from /home/airflow/.local/lib/python3.8/site-packages/airflow/example_dags/tutorial_dag.py
[2026-05-25T10:45:21.436+0000] {processor.py:840} INFO - DAG(s) 'tutorial_dag' retrieved from /home/airflow/.local/lib/python3.8/site-packages/airflow/example_dags/tutorial_dag.py
[2026-05-25T10:45:21.472+0000] {logging_mixin.py:188} INFO - [2026-05-25T10:45:21.471+0000] {dag.py:3036} INFO - Sync 1 DAGs
[2026-05-25T10:45:21.491+0000] {logging_mixin.py:188} INFO - [2026-05-25T10:45:21.491+0000] {dag.py:3823} INFO - Setting next_dagrun for tutorial_dag to None, run_after=None
[2026-05-25T10:45:21.589+0000] {processor.py:183} INFO - Processing /home/airflow/.local/lib/python3.8/site-packages/airflow/example_dags/tutorial_dag.py took 0.174 seconds
[2026-05-25T10:47:07.620+0000] {processor.py:161} INFO - Started process (PID=1983) to work on /home/airflow/.local/lib/python3.8/site-packages/airflow/example_dags/tutorial_dag.py
[2026-05-25T10:47:07.621+0000] {processor.py:830} INFO - Processing file /home/airflow/.local/lib/python3.8/site-packages/airflow/example_dags/tutorial_dag.py for tasks to queue
[2026-05-25T10:47:07.623+0000] {logging_mixin.py:188} INFO - [2026-05-25T10:47:07.623+0000] {dagbag.py:538} INFO - Filling up the DagBag from /home/airflow/.local/lib/python3.8/site-packages/airflow/example_dags/tutorial_dag.py
[2026-05-25T10:47:07.634+0000] {processor.py:840} INFO - DAG(s) 'tutorial_dag' retrieved from /home/airflow/.local/lib/python3.8/site-packages/airflow/example_dags/tutorial_dag.py
[2026-05-25T10:47:07.683+0000] {logging_mixin.py:188} INFO - [2026-05-25T10:47:07.683+0000] {dag.py:3036} INFO - Sync 1 DAGs
[2026-05-25T10:47:07.709+0000] {logging_mixin.py:188} INFO - [2026-05-25T10:47:07.709+0000] {dag.py:3823} INFO - Setting next_dagrun for tutorial_dag to None, run_after=None
[2026-05-25T10:47:07.819+0000] {processor.py:183} INFO - Processing /home/airflow/.local/lib/python3.8/site-packages/airflow/example_dags/tutorial_dag.py took 0.206 seconds
[2026-05-25T10:48:38.289+0000] {processor.py:161} INFO - Started process (PID=2044) to work on /home/airflow/.local/lib/python3.8/site-packages/airflow/example_dags/tutorial_dag.py
[2026-05-25T10:48:38.291+0000] {processor.py:830} INFO - Processing file /home/airflow/.local/lib/python3.8/site-packages/airflow/example_dags/tutorial_dag.py for tasks to queue
[2026-05-25T10:48:38.293+0000] {logging_mixin.py:188} INFO - [2026-05-25T10:48:38.292+0000] {dagbag.py:538} INFO - Filling up the DagBag from /home/airflow/.local/lib/python3.8/site-packages/airflow/example_dags/tutorial_dag.py
[2026-05-25T10:48:38.304+0000] {processor.py:840} INFO - DAG(s) 'tutorial_dag' retrieved from /home/airflow/.local/lib/python3.8/site-packages/airflow/example_dags/tutorial_dag.py
[2026-05-25T10:48:38.354+0000] {logging_mixin.py:188} INFO - [2026-05-25T10:48:38.353+0000] {dag.py:3036} INFO - Sync 1 DAGs
[2026-05-25T10:48:38.383+0000] {logging_mixin.py:188} INFO - [2026-05-25T10:48:38.383+0000] {dag.py:3823} INFO - Setting next_dagrun for tutorial_dag to None, run_after=None
[2026-05-25T10:48:38.485+0000] {processor.py:183} INFO - Processing /home/airflow/.local/lib/python3.8/site-packages/airflow/example_dags/tutorial_dag.py took 0.202 seconds
[2026-05-25T10:50:14.324+0000] {processor.py:161} INFO - Started process (PID=2106) to work on /home/airflow/.local/lib/python3.8/site-packages/airflow/example_dags/tutorial_dag.py
[2026-05-25T10:50:14.326+0000] {processor.py:830} INFO - Processing file /home/airflow/.local/lib/python3.8/site-packages/airflow/example_dags/tutorial_dag.py for tasks to queue
[2026-05-25T10:50:14.328+0000] {logging_mixin.py:188} INFO - [2026-05-25T10:50:14.328+0000] {dagbag.py:538} INFO - Filling up the DagBag from /home/airflow/.local/lib/python3.8/site-packages/airflow/example_dags/tutorial_dag.py
[2026-05-25T10:50:14.340+0000] {processor.py:840} INFO - DAG(s) 'tutorial_dag' retrieved from /home/airflow/.local/lib/python3.8/site-packages/airflow/example_dags/tutorial_dag.py
[2026-05-25T10:50:14.385+0000] {logging_mixin.py:188} INFO - [2026-05-25T10:50:14.385+0000] {dag.py:3036} INFO - Sync 1 DAGs
[2026-05-25T10:50:14.409+0000] {logging_mixin.py:188} INFO - [2026-05-25T10:50:14.409+0000] {dag.py:3823} INFO - Setting next_dagrun for tutorial_dag to None, run_after=None
[2026-05-25T10:50:14.760+0000] {processor.py:183} INFO - Processing /home/airflow/.local/lib/python3.8/site-packages/airflow/example_dags/tutorial_dag.py took 0.442 seconds
[2026-05-25T10:51:58.229+0000] {processor.py:161} INFO - Started process (PID=2172) to work on /home/airflow/.local/lib/python3.8/site-packages/airflow/example_dags/tutorial_dag.py
[2026-05-25T10:51:58.233+0000] {processor.py:830} INFO - Processing file /home/airflow/.local/lib/python3.8/site-packages/airflow/example_dags/tutorial_dag.py for tasks to queue
[2026-05-25T10:51:58.236+0000] {logging_mixin.py:188} INFO - [2026-05-25T10:51:58.235+0000] {dagbag.py:538} INFO - Filling up the DagBag from /home/airflow/.local/lib/python3.8/site-packages/airflow/example_dags/tutorial_dag.py
[2026-05-25T10:51:58.268+0000] {processor.py:840} INFO - DAG(s) 'tutorial_dag' retrieved from /home/airflow/.local/lib/python3.8/site-packages/airflow/example_dags/tutorial_dag.py
[2026-05-25T10:51:58.367+0000] {logging_mixin.py:188} INFO - [2026-05-25T10:51:58.367+0000] {dag.py:3036} INFO - Sync 1 DAGs
[2026-05-25T10:51:58.410+0000] {logging_mixin.py:188} INFO - [2026-05-25T10:51:58.409+0000] {dag.py:3823} INFO - Setting next_dagrun for tutorial_dag to None, run_after=None
[2026-05-25T10:51:58.564+0000] {processor.py:183} INFO - Processing /home/airflow/.local/lib/python3.8/site-packages/airflow/example_dags/tutorial_dag.py took 0.350 seconds
[2026-05-25T10:55:13.586+0000] {processor.py:161} INFO - Started process (PID=2246) to work on /home/airflow/.local/lib/python3.8/site-packages/airflow/example_dags/tutorial_dag.py
[2026-05-25T10:55:13.630+0000] {processor.py:830} INFO - Processing file /home/airflow/.local/lib/python3.8/site-packages/airflow/example_dags/tutorial_dag.py for tasks to queue
[2026-05-25T10:55:13.633+0000] {logging_mixin.py:188} INFO - [2026-05-25T10:55:13.632+0000] {dagbag.py:538} INFO - Filling up the DagBag from /home/airflow/.local/lib/python3.8/site-packages/airflow/example_dags/tutorial_dag.py
[2026-05-25T10:55:13.653+0000] {processor.py:840} INFO - DAG(s) 'tutorial_dag' retrieved from /home/airflow/.local/lib/python3.8/site-packages/airflow/example_dags/tutorial_dag.py
[2026-05-25T10:55:13.787+0000] {logging_mixin.py:188} INFO - [2026-05-25T10:55:13.786+0000] {dag.py:3036} INFO - Sync 1 DAGs
[2026-05-25T10:55:13.829+0000] {logging_mixin.py:188} INFO - [2026-05-25T10:55:13.828+0000] {dag.py:3823} INFO - Setting next_dagrun for tutorial_dag to None, run_after=None
[2026-05-25T10:55:14.062+0000] {processor.py:183} INFO - Processing /home/airflow/.local/lib/python3.8/site-packages/airflow/example_dags/tutorial_dag.py took 0.485 seconds
[2026-05-25T10:57:48.608+0000] {processor.py:161} INFO - Started process (PID=2322) to work on /home/airflow/.local/lib/python3.8/site-packages/airflow/example_dags/tutorial_dag.py
[2026-05-25T10:57:48.616+0000] {processor.py:830} INFO - Processing file /home/airflow/.local/lib/python3.8/site-packages/airflow/example_dags/tutorial_dag.py for tasks to queue
[2026-05-25T10:57:48.618+0000] {logging_mixin.py:188} INFO - [2026-05-25T10:57:48.617+0000] {dagbag.py:538} INFO - Filling up the DagBag from /home/airflow/.local/lib/python3.8/site-packages/airflow/example_dags/tutorial_dag.py
[2026-05-25T10:57:48.633+0000] {processor.py:840} INFO - DAG(s) 'tutorial_dag' retrieved from /home/airflow/.local/lib/python3.8/site-packages/airflow/example_dags/tutorial_dag.py
[2026-05-25T10:57:48.715+0000] {logging_mixin.py:188} INFO - [2026-05-25T10:57:48.715+0000] {dag.py:3036} INFO - Sync 1 DAGs
[2026-05-25T10:57:48.763+0000] {logging_mixin.py:188} INFO - [2026-05-25T10:57:48.762+0000] {dag.py:3823} INFO - Setting next_dagrun for tutorial_dag to None, run_after=None
[2026-05-25T10:57:48.917+0000] {processor.py:183} INFO - Processing /home/airflow/.local/lib/python3.8/site-packages/airflow/example_dags/tutorial_dag.py took 0.318 seconds
[2026-05-25T11:01:31.322+0000] {processor.py:161} INFO - Started process (PID=2394) to work on /home/airflow/.local/lib/python3.8/site-packages/airflow/example_dags/tutorial_dag.py
[2026-05-25T11:01:31.327+0000] {processor.py:830} INFO - Processing file /home/airflow/.local/lib/python3.8/site-packages/airflow/example_dags/tutorial_dag.py for tasks to queue
[2026-05-25T11:01:31.336+0000] {logging_mixin.py:188} INFO - [2026-05-25T11:01:31.329+0000] {dagbag.py:538} INFO - Filling up the DagBag from /home/airflow/.local/lib/python3.8/site-packages/airflow/example_dags/tutorial_dag.py
[2026-05-25T11:01:31.368+0000] {processor.py:840} INFO - DAG(s) 'tutorial_dag' retrieved from /home/airflow/.local/lib/python3.8/site-packages/airflow/example_dags/tutorial_dag.py
[2026-05-25T11:01:31.501+0000] {logging_mixin.py:188} INFO - [2026-05-25T11:01:31.501+0000] {dag.py:3036} INFO - Sync 1 DAGs
[2026-05-25T11:01:31.588+0000] {logging_mixin.py:188} INFO - [2026-05-25T11:01:31.587+0000] {dag.py:3823} INFO - Setting next_dagrun for tutorial_dag to None, run_after=None
[2026-05-25T11:01:31.946+0000] {processor.py:183} INFO - Processing /home/airflow/.local/lib/python3.8/site-packages/airflow/example_dags/tutorial_dag.py took 0.641 seconds
[2026-05-25T11:16:09.895+0000] {processor.py:161} INFO - Started process (PID=91) to work on /home/airflow/.local/lib/python3.8/site-packages/airflow/example_dags/tutorial_dag.py
[2026-05-25T11:16:09.899+0000] {processor.py:830} INFO - Processing file /home/airflow/.local/lib/python3.8/site-packages/airflow/example_dags/tutorial_dag.py for tasks to queue
[2026-05-25T11:16:09.902+0000] {logging_mixin.py:188} INFO - [2026-05-25T11:16:09.901+0000] {dagbag.py:538} INFO - Filling up the DagBag from /home/airflow/.local/lib/python3.8/site-packages/airflow/example_dags/tutorial_dag.py
[2026-05-25T11:16:09.920+0000] {processor.py:840} INFO - DAG(s) 'tutorial_dag' retrieved from /home/airflow/.local/lib/python3.8/site-packages/airflow/example_dags/tutorial_dag.py
[2026-05-25T11:16:10.449+0000] {logging_mixin.py:188} INFO - [2026-05-25T11:16:10.448+0000] {dag.py:3036} INFO - Sync 1 DAGs
[2026-05-25T11:16:10.489+0000] {logging_mixin.py:188} INFO - [2026-05-25T11:16:10.489+0000] {dag.py:3823} INFO - Setting next_dagrun for tutorial_dag to None, run_after=None
[2026-05-25T11:16:10.682+0000] {processor.py:183} INFO - Processing /home/airflow/.local/lib/python3.8/site-packages/airflow/example_dags/tutorial_dag.py took 0.800 seconds
[2026-05-25T11:20:11.628+0000] {processor.py:161} INFO - Started process (PID=176) to work on /home/airflow/.local/lib/python3.8/site-packages/airflow/example_dags/tutorial_dag.py
[2026-05-25T11:20:11.630+0000] {processor.py:830} INFO - Processing file /home/airflow/.local/lib/python3.8/site-packages/airflow/example_dags/tutorial_dag.py for tasks to queue
[2026-05-25T11:20:11.633+0000] {logging_mixin.py:188} INFO - [2026-05-25T11:20:11.632+0000] {dagbag.py:538} INFO - Filling up the DagBag from /home/airflow/.local/lib/python3.8/site-packages/airflow/example_dags/tutorial_dag.py
[2026-05-25T11:20:11.649+0000] {processor.py:840} INFO - DAG(s) 'tutorial_dag' retrieved from /home/airflow/.local/lib/python3.8/site-packages/airflow/example_dags/tutorial_dag.py
[2026-05-25T11:20:11.705+0000] {logging_mixin.py:188} INFO - [2026-05-25T11:20:11.704+0000] {dag.py:3036} INFO - Sync 1 DAGs
[2026-05-25T11:20:11.744+0000] {logging_mixin.py:188} INFO - [2026-05-25T11:20:11.743+0000] {dag.py:3823} INFO - Setting next_dagrun for tutorial_dag to None, run_after=None
[2026-05-25T11:20:12.046+0000] {processor.py:183} INFO - Processing /home/airflow/.local/lib/python3.8/site-packages/airflow/example_dags/tutorial_dag.py took 0.425 seconds
[2026-05-25T11:24:19.788+0000] {processor.py:161} INFO - Started process (PID=252) to work on /home/airflow/.local/lib/python3.8/site-packages/airflow/example_dags/tutorial_dag.py
[2026-05-25T11:24:20.236+0000] {processor.py:830} INFO - Processing file /home/airflow/.local/lib/python3.8/site-packages/airflow/example_dags/tutorial_dag.py for tasks to queue
[2026-05-25T11:24:20.245+0000] {logging_mixin.py:188} INFO - [2026-05-25T11:24:20.244+0000] {dagbag.py:538} INFO - Filling up the DagBag from /home/airflow/.local/lib/python3.8/site-packages/airflow/example_dags/tutorial_dag.py
[2026-05-25T11:24:20.267+0000] {processor.py:840} INFO - DAG(s) 'tutorial_dag' retrieved from /home/airflow/.local/lib/python3.8/site-packages/airflow/example_dags/tutorial_dag.py
[2026-05-25T11:24:20.341+0000] {logging_mixin.py:188} INFO - [2026-05-25T11:24:20.341+0000] {dag.py:3036} INFO - Sync 1 DAGs
[2026-05-25T11:24:20.380+0000] {logging_mixin.py:188} INFO - [2026-05-25T11:24:20.380+0000] {dag.py:3823} INFO - Setting next_dagrun for tutorial_dag to None, run_after=None
[2026-05-25T11:24:20.809+0000] {processor.py:183} INFO - Processing /home/airflow/.local/lib/python3.8/site-packages/airflow/example_dags/tutorial_dag.py took 1.038 seconds
[2026-05-25T11:35:40.033+0000] {processor.py:161} INFO - Started process (PID=118) to work on /home/airflow/.local/lib/python3.8/site-packages/airflow/example_dags/tutorial_dag.py
[2026-05-25T11:35:40.036+0000] {processor.py:830} INFO - Processing file /home/airflow/.local/lib/python3.8/site-packages/airflow/example_dags/tutorial_dag.py for tasks to queue
[2026-05-25T11:35:40.042+0000] {logging_mixin.py:188} INFO - [2026-05-25T11:35:40.041+0000] {dagbag.py:538} INFO - Filling up the DagBag from /home/airflow/.local/lib/python3.8/site-packages/airflow/example_dags/tutorial_dag.py
[2026-05-25T11:35:40.057+0000] {processor.py:840} INFO - DAG(s) 'tutorial_dag' retrieved from /home/airflow/.local/lib/python3.8/site-packages/airflow/example_dags/tutorial_dag.py
[2026-05-25T11:35:40.432+0000] {logging_mixin.py:188} INFO - [2026-05-25T11:35:40.432+0000] {dag.py:3036} INFO - Sync 1 DAGs
[2026-05-25T11:35:40.484+0000] {logging_mixin.py:188} INFO - [2026-05-25T11:35:40.483+0000] {dag.py:3823} INFO - Setting next_dagrun for tutorial_dag to None, run_after=None
[2026-05-25T11:35:41.095+0000] {processor.py:183} INFO - Processing /home/airflow/.local/lib/python3.8/site-packages/airflow/example_dags/tutorial_dag.py took 1.069 seconds
[2026-05-25T11:39:51.065+0000] {processor.py:161} INFO - Started process (PID=194) to work on /home/airflow/.local/lib/python3.8/site-packages/airflow/example_dags/tutorial_dag.py
[2026-05-25T11:39:51.072+0000] {processor.py:830} INFO - Processing file /home/airflow/.local/lib/python3.8/site-packages/airflow/example_dags/tutorial_dag.py for tasks to queue
[2026-05-25T11:39:51.078+0000] {logging_mixin.py:188} INFO - [2026-05-25T11:39:51.077+0000] {dagbag.py:538} INFO - Filling up the DagBag from /home/airflow/.local/lib/python3.8/site-packages/airflow/example_dags/tutorial_dag.py
[2026-05-25T11:39:51.104+0000] {processor.py:840} INFO - DAG(s) 'tutorial_dag' retrieved from /home/airflow/.local/lib/python3.8/site-packages/airflow/example_dags/tutorial_dag.py
[2026-05-25T11:39:51.197+0000] {logging_mixin.py:188} INFO - [2026-05-25T11:39:51.196+0000] {dag.py:3036} INFO - Sync 1 DAGs
[2026-05-25T11:39:51.253+0000] {logging_mixin.py:188} INFO - [2026-05-25T11:39:51.252+0000] {dag.py:3823} INFO - Setting next_dagrun for tutorial_dag to None, run_after=None
[2026-05-25T11:39:51.508+0000] {processor.py:183} INFO - Processing /home/airflow/.local/lib/python3.8/site-packages/airflow/example_dags/tutorial_dag.py took 0.454 seconds
[2026-05-25T11:42:16.174+0000] {processor.py:161} INFO - Started process (PID=266) to work on /home/airflow/.local/lib/python3.8/site-packages/airflow/example_dags/tutorial_dag.py
[2026-05-25T11:42:16.179+0000] {processor.py:830} INFO - Processing file /home/airflow/.local/lib/python3.8/site-packages/airflow/example_dags/tutorial_dag.py for tasks to queue
[2026-05-25T11:42:16.182+0000] {logging_mixin.py:188} INFO - [2026-05-25T11:42:16.181+0000] {dagbag.py:538} INFO - Filling up the DagBag from /home/airflow/.local/lib/python3.8/site-packages/airflow/example_dags/tutorial_dag.py
[2026-05-25T11:42:16.201+0000] {processor.py:840} INFO - DAG(s) 'tutorial_dag' retrieved from /home/airflow/.local/lib/python3.8/site-packages/airflow/example_dags/tutorial_dag.py
[2026-05-25T11:42:16.282+0000] {logging_mixin.py:188} INFO - [2026-05-25T11:42:16.281+0000] {dag.py:3036} INFO - Sync 1 DAGs
[2026-05-25T11:42:16.321+0000] {logging_mixin.py:188} INFO - [2026-05-25T11:42:16.320+0000] {dag.py:3823} INFO - Setting next_dagrun for tutorial_dag to None, run_after=None
[2026-05-25T11:42:16.593+0000] {processor.py:183} INFO - Processing /home/airflow/.local/lib/python3.8/site-packages/airflow/example_dags/tutorial_dag.py took 0.428 seconds
[2026-05-25T11:45:14.429+0000] {processor.py:161} INFO - Started process (PID=341) to work on /home/airflow/.local/lib/python3.8/site-packages/airflow/example_dags/tutorial_dag.py
[2026-05-25T11:45:14.432+0000] {processor.py:830} INFO - Processing file /home/airflow/.local/lib/python3.8/site-packages/airflow/example_dags/tutorial_dag.py for tasks to queue
[2026-05-25T11:45:14.441+0000] {logging_mixin.py:188} INFO - [2026-05-25T11:45:14.439+0000] {dagbag.py:538} INFO - Filling up the DagBag from /home/airflow/.local/lib/python3.8/site-packages/airflow/example_dags/tutorial_dag.py
[2026-05-25T11:45:14.469+0000] {processor.py:840} INFO - DAG(s) 'tutorial_dag' retrieved from /home/airflow/.local/lib/python3.8/site-packages/airflow/example_dags/tutorial_dag.py
[2026-05-25T11:45:14.616+0000] {logging_mixin.py:188} INFO - [2026-05-25T11:45:14.615+0000] {dag.py:3036} INFO - Sync 1 DAGs
[2026-05-25T11:45:14.694+0000] {logging_mixin.py:188} INFO - [2026-05-25T11:45:14.694+0000] {dag.py:3823} INFO - Setting next_dagrun for tutorial_dag to None, run_after=None
[2026-05-25T11:45:15.165+0000] {processor.py:183} INFO - Processing /home/airflow/.local/lib/python3.8/site-packages/airflow/example_dags/tutorial_dag.py took 0.755 seconds
