[2026-05-25T08:47:43.682+0000] {processor.py:161} INFO - Started process (PID=389) to work on /home/airflow/.local/lib/python3.8/site-packages/airflow/example_dags/tutorial.py
[2026-05-25T08:47:43.685+0000] {processor.py:830} INFO - Processing file /home/airflow/.local/lib/python3.8/site-packages/airflow/example_dags/tutorial.py for tasks to queue
[2026-05-25T08:47:43.688+0000] {logging_mixin.py:188} INFO - [2026-05-25T08:47:43.688+0000] {dagbag.py:538} INFO - Filling up the DagBag from /home/airflow/.local/lib/python3.8/site-packages/airflow/example_dags/tutorial.py
[2026-05-25T08:47:43.705+0000] {processor.py:840} INFO - DAG(s) 'tutorial' retrieved from /home/airflow/.local/lib/python3.8/site-packages/airflow/example_dags/tutorial.py
[2026-05-25T08:47:43.958+0000] {logging_mixin.py:188} INFO - [2026-05-25T08:47:43.957+0000] {dag.py:3036} INFO - Sync 1 DAGs
[2026-05-25T08:47:44.008+0000] {logging_mixin.py:188} INFO - [2026-05-25T08:47:44.007+0000] {dag.py:3823} INFO - Setting next_dagrun for tutorial to 2026-05-24 00:00:00+00:00, run_after=2026-05-25 00:00:00+00:00
[2026-05-25T08:47:44.099+0000] {processor.py:183} INFO - Processing /home/airflow/.local/lib/python3.8/site-packages/airflow/example_dags/tutorial.py took 0.430 seconds
[2026-05-25T08:48:14.976+0000] {processor.py:161} INFO - Started process (PID=635) to work on /home/airflow/.local/lib/python3.8/site-packages/airflow/example_dags/tutorial.py
[2026-05-25T08:48:14.991+0000] {processor.py:830} INFO - Processing file /home/airflow/.local/lib/python3.8/site-packages/airflow/example_dags/tutorial.py for tasks to queue
[2026-05-25T08:48:14.994+0000] {logging_mixin.py:188} INFO - [2026-05-25T08:48:14.993+0000] {dagbag.py:538} INFO - Filling up the DagBag from /home/airflow/.local/lib/python3.8/site-packages/airflow/example_dags/tutorial.py
[2026-05-25T08:48:15.061+0000] {processor.py:840} INFO - DAG(s) 'tutorial' retrieved from /home/airflow/.local/lib/python3.8/site-packages/airflow/example_dags/tutorial.py
[2026-05-25T08:48:15.118+0000] {logging_mixin.py:188} INFO - [2026-05-25T08:48:15.117+0000] {dag.py:3036} INFO - Sync 1 DAGs
[2026-05-25T08:48:15.245+0000] {logging_mixin.py:188} INFO - [2026-05-25T08:48:15.245+0000] {dag.py:3823} INFO - Setting next_dagrun for tutorial to 2026-05-24 00:00:00+00:00, run_after=2026-05-25 00:00:00+00:00
[2026-05-25T08:48:15.381+0000] {processor.py:183} INFO - Processing /home/airflow/.local/lib/python3.8/site-packages/airflow/example_dags/tutorial.py took 0.425 seconds
[2026-05-25T08:48:47.872+0000] {processor.py:161} INFO - Started process (PID=881) to work on /home/airflow/.local/lib/python3.8/site-packages/airflow/example_dags/tutorial.py
[2026-05-25T08:48:47.875+0000] {processor.py:830} INFO - Processing file /home/airflow/.local/lib/python3.8/site-packages/airflow/example_dags/tutorial.py for tasks to queue
[2026-05-25T08:48:47.884+0000] {logging_mixin.py:188} INFO - [2026-05-25T08:48:47.882+0000] {dagbag.py:538} INFO - Filling up the DagBag from /home/airflow/.local/lib/python3.8/site-packages/airflow/example_dags/tutorial.py
[2026-05-25T08:48:47.909+0000] {processor.py:840} INFO - DAG(s) 'tutorial' retrieved from /home/airflow/.local/lib/python3.8/site-packages/airflow/example_dags/tutorial.py
[2026-05-25T08:48:48.583+0000] {logging_mixin.py:188} INFO - [2026-05-25T08:48:48.583+0000] {dag.py:3036} INFO - Sync 1 DAGs
[2026-05-25T08:48:48.660+0000] {logging_mixin.py:188} INFO - [2026-05-25T08:48:48.660+0000] {dag.py:3823} INFO - Setting next_dagrun for tutorial to 2026-05-24 00:00:00+00:00, run_after=2026-05-25 00:00:00+00:00
[2026-05-25T08:48:48.876+0000] {processor.py:183} INFO - Processing /home/airflow/.local/lib/python3.8/site-packages/airflow/example_dags/tutorial.py took 1.015 seconds
[2026-05-25T08:49:23.214+0000] {processor.py:161} INFO - Started process (PID=1137) to work on /home/airflow/.local/lib/python3.8/site-packages/airflow/example_dags/tutorial.py
[2026-05-25T08:49:23.218+0000] {processor.py:830} INFO - Processing file /home/airflow/.local/lib/python3.8/site-packages/airflow/example_dags/tutorial.py for tasks to queue
[2026-05-25T08:49:23.226+0000] {logging_mixin.py:188} INFO - [2026-05-25T08:49:23.225+0000] {dagbag.py:538} INFO - Filling up the DagBag from /home/airflow/.local/lib/python3.8/site-packages/airflow/example_dags/tutorial.py
[2026-05-25T08:49:23.256+0000] {processor.py:840} INFO - DAG(s) 'tutorial' retrieved from /home/airflow/.local/lib/python3.8/site-packages/airflow/example_dags/tutorial.py
[2026-05-25T08:49:23.345+0000] {logging_mixin.py:188} INFO - [2026-05-25T08:49:23.344+0000] {dag.py:3036} INFO - Sync 1 DAGs
[2026-05-25T08:49:23.451+0000] {logging_mixin.py:188} INFO - [2026-05-25T08:49:23.450+0000] {dag.py:3823} INFO - Setting next_dagrun for tutorial to 2026-05-24 00:00:00+00:00, run_after=2026-05-25 00:00:00+00:00
[2026-05-25T08:49:23.563+0000] {processor.py:183} INFO - Processing /home/airflow/.local/lib/python3.8/site-packages/airflow/example_dags/tutorial.py took 0.364 seconds
[2026-05-25T08:49:57.254+0000] {processor.py:161} INFO - Started process (PID=1390) to work on /home/airflow/.local/lib/python3.8/site-packages/airflow/example_dags/tutorial.py
[2026-05-25T08:49:57.256+0000] {processor.py:830} INFO - Processing file /home/airflow/.local/lib/python3.8/site-packages/airflow/example_dags/tutorial.py for tasks to queue
[2026-05-25T08:49:57.259+0000] {logging_mixin.py:188} INFO - [2026-05-25T08:49:57.258+0000] {dagbag.py:538} INFO - Filling up the DagBag from /home/airflow/.local/lib/python3.8/site-packages/airflow/example_dags/tutorial.py
[2026-05-25T08:49:57.273+0000] {processor.py:840} INFO - DAG(s) 'tutorial' retrieved from /home/airflow/.local/lib/python3.8/site-packages/airflow/example_dags/tutorial.py
[2026-05-25T08:49:57.326+0000] {logging_mixin.py:188} INFO - [2026-05-25T08:49:57.325+0000] {dag.py:3036} INFO - Sync 1 DAGs
[2026-05-25T08:49:57.381+0000] {logging_mixin.py:188} INFO - [2026-05-25T08:49:57.380+0000] {dag.py:3823} INFO - Setting next_dagrun for tutorial to 2026-05-24 00:00:00+00:00, run_after=2026-05-25 00:00:00+00:00
[2026-05-25T08:49:57.420+0000] {processor.py:183} INFO - Processing /home/airflow/.local/lib/python3.8/site-packages/airflow/example_dags/tutorial.py took 0.173 seconds
[2026-05-25T08:50:31.829+0000] {processor.py:161} INFO - Started process (PID=1644) to work on /home/airflow/.local/lib/python3.8/site-packages/airflow/example_dags/tutorial.py
[2026-05-25T08:50:31.915+0000] {processor.py:830} INFO - Processing file /home/airflow/.local/lib/python3.8/site-packages/airflow/example_dags/tutorial.py for tasks to queue
[2026-05-25T08:50:31.953+0000] {logging_mixin.py:188} INFO - [2026-05-25T08:50:31.925+0000] {dagbag.py:538} INFO - Filling up the DagBag from /home/airflow/.local/lib/python3.8/site-packages/airflow/example_dags/tutorial.py
[2026-05-25T08:50:32.063+0000] {processor.py:840} INFO - DAG(s) 'tutorial' retrieved from /home/airflow/.local/lib/python3.8/site-packages/airflow/example_dags/tutorial.py
[2026-05-25T08:50:32.186+0000] {logging_mixin.py:188} INFO - [2026-05-25T08:50:32.186+0000] {dag.py:3036} INFO - Sync 1 DAGs
[2026-05-25T08:50:32.343+0000] {logging_mixin.py:188} INFO - [2026-05-25T08:50:32.341+0000] {dag.py:3823} INFO - Setting next_dagrun for tutorial to 2026-05-24 00:00:00+00:00, run_after=2026-05-25 00:00:00+00:00
[2026-05-25T08:50:32.547+0000] {processor.py:183} INFO - Processing /home/airflow/.local/lib/python3.8/site-packages/airflow/example_dags/tutorial.py took 0.738 seconds
[2026-05-25T08:51:03.537+0000] {processor.py:161} INFO - Started process (PID=1890) to work on /home/airflow/.local/lib/python3.8/site-packages/airflow/example_dags/tutorial.py
[2026-05-25T08:51:03.550+0000] {processor.py:830} INFO - Processing file /home/airflow/.local/lib/python3.8/site-packages/airflow/example_dags/tutorial.py for tasks to queue
[2026-05-25T08:51:03.554+0000] {logging_mixin.py:188} INFO - [2026-05-25T08:51:03.553+0000] {dagbag.py:538} INFO - Filling up the DagBag from /home/airflow/.local/lib/python3.8/site-packages/airflow/example_dags/tutorial.py
[2026-05-25T08:51:03.592+0000] {processor.py:840} INFO - DAG(s) 'tutorial' retrieved from /home/airflow/.local/lib/python3.8/site-packages/airflow/example_dags/tutorial.py
[2026-05-25T08:51:03.701+0000] {logging_mixin.py:188} INFO - [2026-05-25T08:51:03.701+0000] {dag.py:3036} INFO - Sync 1 DAGs
[2026-05-25T08:51:03.818+0000] {logging_mixin.py:188} INFO - [2026-05-25T08:51:03.817+0000] {dag.py:3823} INFO - Setting next_dagrun for tutorial to 2026-05-24 00:00:00+00:00, run_after=2026-05-25 00:00:00+00:00
[2026-05-25T08:51:03.960+0000] {processor.py:183} INFO - Processing /home/airflow/.local/lib/python3.8/site-packages/airflow/example_dags/tutorial.py took 0.436 seconds
[2026-05-25T08:51:34.629+0000] {processor.py:161} INFO - Started process (PID=2136) to work on /home/airflow/.local/lib/python3.8/site-packages/airflow/example_dags/tutorial.py
[2026-05-25T08:51:34.634+0000] {processor.py:830} INFO - Processing file /home/airflow/.local/lib/python3.8/site-packages/airflow/example_dags/tutorial.py for tasks to queue
[2026-05-25T08:51:34.637+0000] {logging_mixin.py:188} INFO - [2026-05-25T08:51:34.636+0000] {dagbag.py:538} INFO - Filling up the DagBag from /home/airflow/.local/lib/python3.8/site-packages/airflow/example_dags/tutorial.py
[2026-05-25T08:51:34.665+0000] {processor.py:840} INFO - DAG(s) 'tutorial' retrieved from /home/airflow/.local/lib/python3.8/site-packages/airflow/example_dags/tutorial.py
[2026-05-25T08:51:34.766+0000] {logging_mixin.py:188} INFO - [2026-05-25T08:51:34.765+0000] {dag.py:3036} INFO - Sync 1 DAGs
[2026-05-25T08:51:34.843+0000] {logging_mixin.py:188} INFO - [2026-05-25T08:51:34.842+0000] {dag.py:3823} INFO - Setting next_dagrun for tutorial to 2026-05-24 00:00:00+00:00, run_after=2026-05-25 00:00:00+00:00
[2026-05-25T08:51:34.936+0000] {processor.py:183} INFO - Processing /home/airflow/.local/lib/python3.8/site-packages/airflow/example_dags/tutorial.py took 0.318 seconds
[2026-05-25T08:52:08.022+0000] {processor.py:161} INFO - Started process (PID=2394) to work on /home/airflow/.local/lib/python3.8/site-packages/airflow/example_dags/tutorial.py
[2026-05-25T08:52:08.037+0000] {processor.py:830} INFO - Processing file /home/airflow/.local/lib/python3.8/site-packages/airflow/example_dags/tutorial.py for tasks to queue
[2026-05-25T08:52:08.051+0000] {logging_mixin.py:188} INFO - [2026-05-25T08:52:08.050+0000] {dagbag.py:538} INFO - Filling up the DagBag from /home/airflow/.local/lib/python3.8/site-packages/airflow/example_dags/tutorial.py
[2026-05-25T08:52:08.084+0000] {processor.py:840} INFO - DAG(s) 'tutorial' retrieved from /home/airflow/.local/lib/python3.8/site-packages/airflow/example_dags/tutorial.py
[2026-05-25T08:52:08.187+0000] {logging_mixin.py:188} INFO - [2026-05-25T08:52:08.186+0000] {dag.py:3036} INFO - Sync 1 DAGs
[2026-05-25T08:52:08.274+0000] {logging_mixin.py:188} INFO - [2026-05-25T08:52:08.273+0000] {dag.py:3823} INFO - Setting next_dagrun for tutorial to 2026-05-24 00:00:00+00:00, run_after=2026-05-25 00:00:00+00:00
[2026-05-25T08:52:08.421+0000] {processor.py:183} INFO - Processing /home/airflow/.local/lib/python3.8/site-packages/airflow/example_dags/tutorial.py took 0.420 seconds
[2026-05-25T08:52:39.696+0000] {processor.py:161} INFO - Started process (PID=2640) to work on /home/airflow/.local/lib/python3.8/site-packages/airflow/example_dags/tutorial.py
[2026-05-25T08:52:39.699+0000] {processor.py:830} INFO - Processing file /home/airflow/.local/lib/python3.8/site-packages/airflow/example_dags/tutorial.py for tasks to queue
[2026-05-25T08:52:39.706+0000] {logging_mixin.py:188} INFO - [2026-05-25T08:52:39.704+0000] {dagbag.py:538} INFO - Filling up the DagBag from /home/airflow/.local/lib/python3.8/site-packages/airflow/example_dags/tutorial.py
[2026-05-25T08:52:39.735+0000] {processor.py:840} INFO - DAG(s) 'tutorial' retrieved from /home/airflow/.local/lib/python3.8/site-packages/airflow/example_dags/tutorial.py
[2026-05-25T08:52:39.819+0000] {logging_mixin.py:188} INFO - [2026-05-25T08:52:39.818+0000] {dag.py:3036} INFO - Sync 1 DAGs
[2026-05-25T08:52:39.878+0000] {logging_mixin.py:188} INFO - [2026-05-25T08:52:39.878+0000] {dag.py:3823} INFO - Setting next_dagrun for tutorial to 2026-05-24 00:00:00+00:00, run_after=2026-05-25 00:00:00+00:00
[2026-05-25T08:52:39.930+0000] {processor.py:183} INFO - Processing /home/airflow/.local/lib/python3.8/site-packages/airflow/example_dags/tutorial.py took 0.265 seconds
[2026-05-25T08:53:10.763+0000] {processor.py:161} INFO - Started process (PID=2894) to work on /home/airflow/.local/lib/python3.8/site-packages/airflow/example_dags/tutorial.py
[2026-05-25T08:53:10.766+0000] {processor.py:830} INFO - Processing file /home/airflow/.local/lib/python3.8/site-packages/airflow/example_dags/tutorial.py for tasks to queue
[2026-05-25T08:53:10.778+0000] {logging_mixin.py:188} INFO - [2026-05-25T08:53:10.777+0000] {dagbag.py:538} INFO - Filling up the DagBag from /home/airflow/.local/lib/python3.8/site-packages/airflow/example_dags/tutorial.py
[2026-05-25T08:53:10.828+0000] {processor.py:840} INFO - DAG(s) 'tutorial' retrieved from /home/airflow/.local/lib/python3.8/site-packages/airflow/example_dags/tutorial.py
[2026-05-25T08:53:11.064+0000] {logging_mixin.py:188} INFO - [2026-05-25T08:53:11.063+0000] {dag.py:3036} INFO - Sync 1 DAGs
[2026-05-25T08:53:11.216+0000] {logging_mixin.py:188} INFO - [2026-05-25T08:53:11.215+0000] {dag.py:3823} INFO - Setting next_dagrun for tutorial to 2026-05-24 00:00:00+00:00, run_after=2026-05-25 00:00:00+00:00
[2026-05-25T08:53:11.371+0000] {processor.py:183} INFO - Processing /home/airflow/.local/lib/python3.8/site-packages/airflow/example_dags/tutorial.py took 0.643 seconds
[2026-05-25T08:53:42.244+0000] {processor.py:161} INFO - Started process (PID=3140) to work on /home/airflow/.local/lib/python3.8/site-packages/airflow/example_dags/tutorial.py
[2026-05-25T08:53:42.246+0000] {processor.py:830} INFO - Processing file /home/airflow/.local/lib/python3.8/site-packages/airflow/example_dags/tutorial.py for tasks to queue
[2026-05-25T08:53:42.248+0000] {logging_mixin.py:188} INFO - [2026-05-25T08:53:42.247+0000] {dagbag.py:538} INFO - Filling up the DagBag from /home/airflow/.local/lib/python3.8/site-packages/airflow/example_dags/tutorial.py
[2026-05-25T08:53:42.259+0000] {processor.py:840} INFO - DAG(s) 'tutorial' retrieved from /home/airflow/.local/lib/python3.8/site-packages/airflow/example_dags/tutorial.py
[2026-05-25T08:53:42.298+0000] {logging_mixin.py:188} INFO - [2026-05-25T08:53:42.298+0000] {dag.py:3036} INFO - Sync 1 DAGs
[2026-05-25T08:53:42.330+0000] {logging_mixin.py:188} INFO - [2026-05-25T08:53:42.329+0000] {dag.py:3823} INFO - Setting next_dagrun for tutorial to 2026-05-24 00:00:00+00:00, run_after=2026-05-25 00:00:00+00:00
[2026-05-25T08:53:42.451+0000] {processor.py:183} INFO - Processing /home/airflow/.local/lib/python3.8/site-packages/airflow/example_dags/tutorial.py took 0.216 seconds
[2026-05-25T08:54:12.920+0000] {processor.py:161} INFO - Started process (PID=3386) to work on /home/airflow/.local/lib/python3.8/site-packages/airflow/example_dags/tutorial.py
[2026-05-25T08:54:12.923+0000] {processor.py:830} INFO - Processing file /home/airflow/.local/lib/python3.8/site-packages/airflow/example_dags/tutorial.py for tasks to queue
[2026-05-25T08:54:12.926+0000] {logging_mixin.py:188} INFO - [2026-05-25T08:54:12.925+0000] {dagbag.py:538} INFO - Filling up the DagBag from /home/airflow/.local/lib/python3.8/site-packages/airflow/example_dags/tutorial.py
[2026-05-25T08:54:12.945+0000] {processor.py:840} INFO - DAG(s) 'tutorial' retrieved from /home/airflow/.local/lib/python3.8/site-packages/airflow/example_dags/tutorial.py
[2026-05-25T08:54:12.991+0000] {logging_mixin.py:188} INFO - [2026-05-25T08:54:12.991+0000] {dag.py:3036} INFO - Sync 1 DAGs
[2026-05-25T08:54:13.036+0000] {logging_mixin.py:188} INFO - [2026-05-25T08:54:13.035+0000] {dag.py:3823} INFO - Setting next_dagrun for tutorial to 2026-05-24 00:00:00+00:00, run_after=2026-05-25 00:00:00+00:00
[2026-05-25T08:54:13.128+0000] {processor.py:183} INFO - Processing /home/airflow/.local/lib/python3.8/site-packages/airflow/example_dags/tutorial.py took 0.216 seconds
[2026-05-25T08:54:43.927+0000] {processor.py:161} INFO - Started process (PID=3632) to work on /home/airflow/.local/lib/python3.8/site-packages/airflow/example_dags/tutorial.py
[2026-05-25T08:54:43.936+0000] {processor.py:830} INFO - Processing file /home/airflow/.local/lib/python3.8/site-packages/airflow/example_dags/tutorial.py for tasks to queue
[2026-05-25T08:54:43.938+0000] {logging_mixin.py:188} INFO - [2026-05-25T08:54:43.938+0000] {dagbag.py:538} INFO - Filling up the DagBag from /home/airflow/.local/lib/python3.8/site-packages/airflow/example_dags/tutorial.py
[2026-05-25T08:54:43.967+0000] {processor.py:840} INFO - DAG(s) 'tutorial' retrieved from /home/airflow/.local/lib/python3.8/site-packages/airflow/example_dags/tutorial.py
[2026-05-25T08:54:44.069+0000] {logging_mixin.py:188} INFO - [2026-05-25T08:54:44.068+0000] {dag.py:3036} INFO - Sync 1 DAGs
[2026-05-25T08:54:44.233+0000] {logging_mixin.py:188} INFO - [2026-05-25T08:54:44.232+0000] {dag.py:3823} INFO - Setting next_dagrun for tutorial to 2026-05-24 00:00:00+00:00, run_after=2026-05-25 00:00:00+00:00
[2026-05-25T08:54:44.432+0000] {processor.py:183} INFO - Processing /home/airflow/.local/lib/python3.8/site-packages/airflow/example_dags/tutorial.py took 0.536 seconds
[2026-05-25T08:55:15.409+0000] {processor.py:161} INFO - Started process (PID=3878) to work on /home/airflow/.local/lib/python3.8/site-packages/airflow/example_dags/tutorial.py
[2026-05-25T08:55:15.441+0000] {processor.py:830} INFO - Processing file /home/airflow/.local/lib/python3.8/site-packages/airflow/example_dags/tutorial.py for tasks to queue
[2026-05-25T08:55:15.459+0000] {logging_mixin.py:188} INFO - [2026-05-25T08:55:15.458+0000] {dagbag.py:538} INFO - Filling up the DagBag from /home/airflow/.local/lib/python3.8/site-packages/airflow/example_dags/tutorial.py
[2026-05-25T08:55:15.525+0000] {processor.py:840} INFO - DAG(s) 'tutorial' retrieved from /home/airflow/.local/lib/python3.8/site-packages/airflow/example_dags/tutorial.py
[2026-05-25T08:55:15.730+0000] {logging_mixin.py:188} INFO - [2026-05-25T08:55:15.730+0000] {dag.py:3036} INFO - Sync 1 DAGs
[2026-05-25T08:55:15.957+0000] {logging_mixin.py:188} INFO - [2026-05-25T08:55:15.956+0000] {dag.py:3823} INFO - Setting next_dagrun for tutorial to 2026-05-24 00:00:00+00:00, run_after=2026-05-25 00:00:00+00:00
[2026-05-25T08:55:16.152+0000] {processor.py:183} INFO - Processing /home/airflow/.local/lib/python3.8/site-packages/airflow/example_dags/tutorial.py took 0.780 seconds
[2026-05-25T08:55:46.523+0000] {processor.py:161} INFO - Started process (PID=4121) to work on /home/airflow/.local/lib/python3.8/site-packages/airflow/example_dags/tutorial.py
[2026-05-25T08:55:46.525+0000] {processor.py:830} INFO - Processing file /home/airflow/.local/lib/python3.8/site-packages/airflow/example_dags/tutorial.py for tasks to queue
[2026-05-25T08:55:46.526+0000] {logging_mixin.py:188} INFO - [2026-05-25T08:55:46.526+0000] {dagbag.py:538} INFO - Filling up the DagBag from /home/airflow/.local/lib/python3.8/site-packages/airflow/example_dags/tutorial.py
[2026-05-25T08:55:46.536+0000] {processor.py:840} INFO - DAG(s) 'tutorial' retrieved from /home/airflow/.local/lib/python3.8/site-packages/airflow/example_dags/tutorial.py
[2026-05-25T08:55:46.570+0000] {logging_mixin.py:188} INFO - [2026-05-25T08:55:46.570+0000] {dag.py:3036} INFO - Sync 1 DAGs
[2026-05-25T08:55:46.606+0000] {logging_mixin.py:188} INFO - [2026-05-25T08:55:46.606+0000] {dag.py:3823} INFO - Setting next_dagrun for tutorial to 2026-05-24 00:00:00+00:00, run_after=2026-05-25 00:00:00+00:00
[2026-05-25T08:55:46.848+0000] {processor.py:183} INFO - Processing /home/airflow/.local/lib/python3.8/site-packages/airflow/example_dags/tutorial.py took 0.330 seconds
[2026-05-25T08:56:24.604+0000] {processor.py:161} INFO - Started process (PID=4365) to work on /home/airflow/.local/lib/python3.8/site-packages/airflow/example_dags/tutorial.py
[2026-05-25T08:56:24.608+0000] {processor.py:830} INFO - Processing file /home/airflow/.local/lib/python3.8/site-packages/airflow/example_dags/tutorial.py for tasks to queue
[2026-05-25T08:56:24.617+0000] {logging_mixin.py:188} INFO - [2026-05-25T08:56:24.616+0000] {dagbag.py:538} INFO - Filling up the DagBag from /home/airflow/.local/lib/python3.8/site-packages/airflow/example_dags/tutorial.py
[2026-05-25T08:56:24.653+0000] {processor.py:840} INFO - DAG(s) 'tutorial' retrieved from /home/airflow/.local/lib/python3.8/site-packages/airflow/example_dags/tutorial.py
[2026-05-25T08:56:24.725+0000] {logging_mixin.py:188} INFO - [2026-05-25T08:56:24.724+0000] {dag.py:3036} INFO - Sync 1 DAGs
[2026-05-25T08:56:24.798+0000] {logging_mixin.py:188} INFO - [2026-05-25T08:56:24.797+0000] {dag.py:3823} INFO - Setting next_dagrun for tutorial to 2026-05-24 00:00:00+00:00, run_after=2026-05-25 00:00:00+00:00
[2026-05-25T08:56:24.861+0000] {processor.py:183} INFO - Processing /home/airflow/.local/lib/python3.8/site-packages/airflow/example_dags/tutorial.py took 0.275 seconds
[2026-05-25T08:56:55.864+0000] {processor.py:161} INFO - Started process (PID=4613) to work on /home/airflow/.local/lib/python3.8/site-packages/airflow/example_dags/tutorial.py
[2026-05-25T08:56:55.866+0000] {processor.py:830} INFO - Processing file /home/airflow/.local/lib/python3.8/site-packages/airflow/example_dags/tutorial.py for tasks to queue
[2026-05-25T08:56:55.868+0000] {logging_mixin.py:188} INFO - [2026-05-25T08:56:55.867+0000] {dagbag.py:538} INFO - Filling up the DagBag from /home/airflow/.local/lib/python3.8/site-packages/airflow/example_dags/tutorial.py
[2026-05-25T08:56:55.882+0000] {processor.py:840} INFO - DAG(s) 'tutorial' retrieved from /home/airflow/.local/lib/python3.8/site-packages/airflow/example_dags/tutorial.py
[2026-05-25T08:56:55.924+0000] {logging_mixin.py:188} INFO - [2026-05-25T08:56:55.923+0000] {dag.py:3036} INFO - Sync 1 DAGs
[2026-05-25T08:56:55.968+0000] {logging_mixin.py:188} INFO - [2026-05-25T08:56:55.968+0000] {dag.py:3823} INFO - Setting next_dagrun for tutorial to 2026-05-24 00:00:00+00:00, run_after=2026-05-25 00:00:00+00:00
[2026-05-25T08:56:56.012+0000] {processor.py:183} INFO - Processing /home/airflow/.local/lib/python3.8/site-packages/airflow/example_dags/tutorial.py took 0.155 seconds
[2026-05-25T08:57:26.522+0000] {processor.py:161} INFO - Started process (PID=4867) to work on /home/airflow/.local/lib/python3.8/site-packages/airflow/example_dags/tutorial.py
[2026-05-25T08:57:26.524+0000] {processor.py:830} INFO - Processing file /home/airflow/.local/lib/python3.8/site-packages/airflow/example_dags/tutorial.py for tasks to queue
[2026-05-25T08:57:26.526+0000] {logging_mixin.py:188} INFO - [2026-05-25T08:57:26.525+0000] {dagbag.py:538} INFO - Filling up the DagBag from /home/airflow/.local/lib/python3.8/site-packages/airflow/example_dags/tutorial.py
[2026-05-25T08:57:26.542+0000] {processor.py:840} INFO - DAG(s) 'tutorial' retrieved from /home/airflow/.local/lib/python3.8/site-packages/airflow/example_dags/tutorial.py
[2026-05-25T08:57:26.593+0000] {logging_mixin.py:188} INFO - [2026-05-25T08:57:26.592+0000] {dag.py:3036} INFO - Sync 1 DAGs
[2026-05-25T08:57:26.649+0000] {logging_mixin.py:188} INFO - [2026-05-25T08:57:26.649+0000] {dag.py:3823} INFO - Setting next_dagrun for tutorial to 2026-05-24 00:00:00+00:00, run_after=2026-05-25 00:00:00+00:00
[2026-05-25T08:57:26.786+0000] {processor.py:183} INFO - Processing /home/airflow/.local/lib/python3.8/site-packages/airflow/example_dags/tutorial.py took 0.272 seconds
[2026-05-25T08:58:00.128+0000] {processor.py:161} INFO - Started process (PID=5138) to work on /home/airflow/.local/lib/python3.8/site-packages/airflow/example_dags/tutorial.py
[2026-05-25T08:58:00.131+0000] {processor.py:830} INFO - Processing file /home/airflow/.local/lib/python3.8/site-packages/airflow/example_dags/tutorial.py for tasks to queue
[2026-05-25T08:58:00.133+0000] {logging_mixin.py:188} INFO - [2026-05-25T08:58:00.132+0000] {dagbag.py:538} INFO - Filling up the DagBag from /home/airflow/.local/lib/python3.8/site-packages/airflow/example_dags/tutorial.py
[2026-05-25T08:58:00.145+0000] {processor.py:840} INFO - DAG(s) 'tutorial' retrieved from /home/airflow/.local/lib/python3.8/site-packages/airflow/example_dags/tutorial.py
[2026-05-25T08:58:00.205+0000] {logging_mixin.py:188} INFO - [2026-05-25T08:58:00.205+0000] {dag.py:3036} INFO - Sync 1 DAGs
[2026-05-25T08:58:00.302+0000] {logging_mixin.py:188} INFO - [2026-05-25T08:58:00.302+0000] {dag.py:3823} INFO - Setting next_dagrun for tutorial to 2026-05-24 00:00:00+00:00, run_after=2026-05-25 00:00:00+00:00
[2026-05-25T08:58:00.382+0000] {processor.py:183} INFO - Processing /home/airflow/.local/lib/python3.8/site-packages/airflow/example_dags/tutorial.py took 0.262 seconds
[2026-05-25T08:58:31.105+0000] {processor.py:161} INFO - Started process (PID=5384) to work on /home/airflow/.local/lib/python3.8/site-packages/airflow/example_dags/tutorial.py
[2026-05-25T08:58:31.107+0000] {processor.py:830} INFO - Processing file /home/airflow/.local/lib/python3.8/site-packages/airflow/example_dags/tutorial.py for tasks to queue
[2026-05-25T08:58:31.109+0000] {logging_mixin.py:188} INFO - [2026-05-25T08:58:31.109+0000] {dagbag.py:538} INFO - Filling up the DagBag from /home/airflow/.local/lib/python3.8/site-packages/airflow/example_dags/tutorial.py
[2026-05-25T08:58:31.122+0000] {processor.py:840} INFO - DAG(s) 'tutorial' retrieved from /home/airflow/.local/lib/python3.8/site-packages/airflow/example_dags/tutorial.py
[2026-05-25T08:58:31.161+0000] {logging_mixin.py:188} INFO - [2026-05-25T08:58:31.161+0000] {dag.py:3036} INFO - Sync 1 DAGs
[2026-05-25T08:58:31.202+0000] {logging_mixin.py:188} INFO - [2026-05-25T08:58:31.202+0000] {dag.py:3823} INFO - Setting next_dagrun for tutorial to 2026-05-24 00:00:00+00:00, run_after=2026-05-25 00:00:00+00:00
[2026-05-25T08:58:31.321+0000] {processor.py:183} INFO - Processing /home/airflow/.local/lib/python3.8/site-packages/airflow/example_dags/tutorial.py took 0.224 seconds
[2026-05-25T08:59:05.475+0000] {processor.py:161} INFO - Started process (PID=5652) to work on /home/airflow/.local/lib/python3.8/site-packages/airflow/example_dags/tutorial.py
[2026-05-25T08:59:05.478+0000] {processor.py:830} INFO - Processing file /home/airflow/.local/lib/python3.8/site-packages/airflow/example_dags/tutorial.py for tasks to queue
[2026-05-25T08:59:05.480+0000] {logging_mixin.py:188} INFO - [2026-05-25T08:59:05.479+0000] {dagbag.py:538} INFO - Filling up the DagBag from /home/airflow/.local/lib/python3.8/site-packages/airflow/example_dags/tutorial.py
[2026-05-25T08:59:05.492+0000] {processor.py:840} INFO - DAG(s) 'tutorial' retrieved from /home/airflow/.local/lib/python3.8/site-packages/airflow/example_dags/tutorial.py
[2026-05-25T08:59:05.530+0000] {logging_mixin.py:188} INFO - [2026-05-25T08:59:05.530+0000] {dag.py:3036} INFO - Sync 1 DAGs
[2026-05-25T08:59:05.581+0000] {logging_mixin.py:188} INFO - [2026-05-25T08:59:05.581+0000] {dag.py:3823} INFO - Setting next_dagrun for tutorial to 2026-05-24 00:00:00+00:00, run_after=2026-05-25 00:00:00+00:00
[2026-05-25T08:59:05.637+0000] {processor.py:183} INFO - Processing /home/airflow/.local/lib/python3.8/site-packages/airflow/example_dags/tutorial.py took 0.170 seconds
[2026-05-25T09:26:27.010+0000] {processor.py:161} INFO - Started process (PID=71) to work on /home/airflow/.local/lib/python3.8/site-packages/airflow/example_dags/tutorial.py
[2026-05-25T09:26:27.194+0000] {processor.py:830} INFO - Processing file /home/airflow/.local/lib/python3.8/site-packages/airflow/example_dags/tutorial.py for tasks to queue
[2026-05-25T09:26:27.197+0000] {logging_mixin.py:188} INFO - [2026-05-25T09:26:27.196+0000] {dagbag.py:538} INFO - Filling up the DagBag from /home/airflow/.local/lib/python3.8/site-packages/airflow/example_dags/tutorial.py
[2026-05-25T09:26:27.223+0000] {processor.py:840} INFO - DAG(s) 'tutorial' retrieved from /home/airflow/.local/lib/python3.8/site-packages/airflow/example_dags/tutorial.py
[2026-05-25T09:26:27.738+0000] {logging_mixin.py:188} INFO - [2026-05-25T09:26:27.737+0000] {override.py:1769} INFO - Created Permission View: can read on DAG:tutorial
[2026-05-25T09:26:27.855+0000] {logging_mixin.py:188} INFO - [2026-05-25T09:26:27.854+0000] {override.py:1769} INFO - Created Permission View: can edit on DAG:tutorial
[2026-05-25T09:26:27.964+0000] {logging_mixin.py:188} INFO - [2026-05-25T09:26:27.963+0000] {override.py:1769} INFO - Created Permission View: can delete on DAG:tutorial
[2026-05-25T09:26:27.965+0000] {logging_mixin.py:188} INFO - [2026-05-25T09:26:27.965+0000] {dag.py:3036} INFO - Sync 1 DAGs
[2026-05-25T09:26:27.994+0000] {logging_mixin.py:188} INFO - [2026-05-25T09:26:27.993+0000] {dag.py:3058} INFO - Creating ORM DAG for tutorial
[2026-05-25T09:26:28.024+0000] {logging_mixin.py:188} INFO - [2026-05-25T09:26:28.024+0000] {dag.py:3823} INFO - Setting next_dagrun for tutorial to 2026-05-24 00:00:00+00:00, run_after=2026-05-25 00:00:00+00:00
[2026-05-25T09:26:28.210+0000] {processor.py:183} INFO - Processing /home/airflow/.local/lib/python3.8/site-packages/airflow/example_dags/tutorial.py took 1.210 seconds
[2026-05-25T09:29:47.155+0000] {processor.py:161} INFO - Started process (PID=167) to work on /home/airflow/.local/lib/python3.8/site-packages/airflow/example_dags/tutorial.py
[2026-05-25T09:29:47.168+0000] {processor.py:830} INFO - Processing file /home/airflow/.local/lib/python3.8/site-packages/airflow/example_dags/tutorial.py for tasks to queue
[2026-05-25T09:29:47.175+0000] {logging_mixin.py:188} INFO - [2026-05-25T09:29:47.174+0000] {dagbag.py:538} INFO - Filling up the DagBag from /home/airflow/.local/lib/python3.8/site-packages/airflow/example_dags/tutorial.py
[2026-05-25T09:29:47.229+0000] {processor.py:840} INFO - DAG(s) 'tutorial' retrieved from /home/airflow/.local/lib/python3.8/site-packages/airflow/example_dags/tutorial.py
[2026-05-25T09:29:47.452+0000] {logging_mixin.py:188} INFO - [2026-05-25T09:29:47.451+0000] {dag.py:3036} INFO - Sync 1 DAGs
[2026-05-25T09:29:47.672+0000] {logging_mixin.py:188} INFO - [2026-05-25T09:29:47.671+0000] {dag.py:3823} INFO - Setting next_dagrun for tutorial to 2026-05-24 00:00:00+00:00, run_after=2026-05-25 00:00:00+00:00
[2026-05-25T09:29:48.665+0000] {processor.py:183} INFO - Processing /home/airflow/.local/lib/python3.8/site-packages/airflow/example_dags/tutorial.py took 1.526 seconds
[2026-05-25T09:31:46.554+0000] {processor.py:161} INFO - Started process (PID=239) to work on /home/airflow/.local/lib/python3.8/site-packages/airflow/example_dags/tutorial.py
[2026-05-25T09:31:46.557+0000] {processor.py:830} INFO - Processing file /home/airflow/.local/lib/python3.8/site-packages/airflow/example_dags/tutorial.py for tasks to queue
[2026-05-25T09:31:46.559+0000] {logging_mixin.py:188} INFO - [2026-05-25T09:31:46.558+0000] {dagbag.py:538} INFO - Filling up the DagBag from /home/airflow/.local/lib/python3.8/site-packages/airflow/example_dags/tutorial.py
[2026-05-25T09:31:46.593+0000] {processor.py:840} INFO - DAG(s) 'tutorial' retrieved from /home/airflow/.local/lib/python3.8/site-packages/airflow/example_dags/tutorial.py
[2026-05-25T09:31:46.734+0000] {logging_mixin.py:188} INFO - [2026-05-25T09:31:46.733+0000] {dag.py:3036} INFO - Sync 1 DAGs
[2026-05-25T09:31:46.892+0000] {logging_mixin.py:188} INFO - [2026-05-25T09:31:46.891+0000] {dag.py:3823} INFO - Setting next_dagrun for tutorial to 2026-05-24 00:00:00+00:00, run_after=2026-05-25 00:00:00+00:00
[2026-05-25T09:31:47.495+0000] {processor.py:183} INFO - Processing /home/airflow/.local/lib/python3.8/site-packages/airflow/example_dags/tutorial.py took 0.949 seconds
[2026-05-25T09:34:05.721+0000] {processor.py:161} INFO - Started process (PID=329) to work on /home/airflow/.local/lib/python3.8/site-packages/airflow/example_dags/tutorial.py
[2026-05-25T09:34:05.723+0000] {processor.py:830} INFO - Processing file /home/airflow/.local/lib/python3.8/site-packages/airflow/example_dags/tutorial.py for tasks to queue
[2026-05-25T09:34:05.726+0000] {logging_mixin.py:188} INFO - [2026-05-25T09:34:05.725+0000] {dagbag.py:538} INFO - Filling up the DagBag from /home/airflow/.local/lib/python3.8/site-packages/airflow/example_dags/tutorial.py
[2026-05-25T09:34:05.742+0000] {processor.py:840} INFO - DAG(s) 'tutorial' retrieved from /home/airflow/.local/lib/python3.8/site-packages/airflow/example_dags/tutorial.py
[2026-05-25T09:34:05.806+0000] {logging_mixin.py:188} INFO - [2026-05-25T09:34:05.805+0000] {dag.py:3036} INFO - Sync 1 DAGs
[2026-05-25T09:34:05.874+0000] {logging_mixin.py:188} INFO - [2026-05-25T09:34:05.873+0000] {dag.py:3823} INFO - Setting next_dagrun for tutorial to 2026-05-24 00:00:00+00:00, run_after=2026-05-25 00:00:00+00:00
[2026-05-25T09:34:06.034+0000] {processor.py:183} INFO - Processing /home/airflow/.local/lib/python3.8/site-packages/airflow/example_dags/tutorial.py took 0.320 seconds
[2026-05-25T09:35:20.676+0000] {processor.py:161} INFO - Started process (PID=385) to work on /home/airflow/.local/lib/python3.8/site-packages/airflow/example_dags/tutorial.py
[2026-05-25T09:35:20.678+0000] {processor.py:830} INFO - Processing file /home/airflow/.local/lib/python3.8/site-packages/airflow/example_dags/tutorial.py for tasks to queue
[2026-05-25T09:35:20.680+0000] {logging_mixin.py:188} INFO - [2026-05-25T09:35:20.679+0000] {dagbag.py:538} INFO - Filling up the DagBag from /home/airflow/.local/lib/python3.8/site-packages/airflow/example_dags/tutorial.py
[2026-05-25T09:35:20.691+0000] {processor.py:840} INFO - DAG(s) 'tutorial' retrieved from /home/airflow/.local/lib/python3.8/site-packages/airflow/example_dags/tutorial.py
[2026-05-25T09:35:20.730+0000] {logging_mixin.py:188} INFO - [2026-05-25T09:35:20.730+0000] {dag.py:3036} INFO - Sync 1 DAGs
[2026-05-25T09:35:20.766+0000] {logging_mixin.py:188} INFO - [2026-05-25T09:35:20.765+0000] {dag.py:3823} INFO - Setting next_dagrun for tutorial to 2026-05-24 00:00:00+00:00, run_after=2026-05-25 00:00:00+00:00
[2026-05-25T09:35:20.875+0000] {processor.py:183} INFO - Processing /home/airflow/.local/lib/python3.8/site-packages/airflow/example_dags/tutorial.py took 0.203 seconds
[2026-05-25T09:38:06.329+0000] {processor.py:161} INFO - Started process (PID=470) to work on /home/airflow/.local/lib/python3.8/site-packages/airflow/example_dags/tutorial.py
[2026-05-25T09:38:06.332+0000] {processor.py:830} INFO - Processing file /home/airflow/.local/lib/python3.8/site-packages/airflow/example_dags/tutorial.py for tasks to queue
[2026-05-25T09:38:06.335+0000] {logging_mixin.py:188} INFO - [2026-05-25T09:38:06.334+0000] {dagbag.py:538} INFO - Filling up the DagBag from /home/airflow/.local/lib/python3.8/site-packages/airflow/example_dags/tutorial.py
[2026-05-25T09:38:06.356+0000] {processor.py:840} INFO - DAG(s) 'tutorial' retrieved from /home/airflow/.local/lib/python3.8/site-packages/airflow/example_dags/tutorial.py
[2026-05-25T09:38:06.434+0000] {logging_mixin.py:188} INFO - [2026-05-25T09:38:06.434+0000] {dag.py:3036} INFO - Sync 1 DAGs
[2026-05-25T09:38:06.521+0000] {logging_mixin.py:188} INFO - [2026-05-25T09:38:06.520+0000] {dag.py:3823} INFO - Setting next_dagrun for tutorial to 2026-05-24 00:00:00+00:00, run_after=2026-05-25 00:00:00+00:00
[2026-05-25T09:38:06.783+0000] {processor.py:183} INFO - Processing /home/airflow/.local/lib/python3.8/site-packages/airflow/example_dags/tutorial.py took 0.466 seconds
[2026-05-25T09:41:23.315+0000] {processor.py:161} INFO - Started process (PID=587) to work on /home/airflow/.local/lib/python3.8/site-packages/airflow/example_dags/tutorial.py
[2026-05-25T09:41:23.317+0000] {processor.py:830} INFO - Processing file /home/airflow/.local/lib/python3.8/site-packages/airflow/example_dags/tutorial.py for tasks to queue
[2026-05-25T09:41:23.319+0000] {logging_mixin.py:188} INFO - [2026-05-25T09:41:23.318+0000] {dagbag.py:538} INFO - Filling up the DagBag from /home/airflow/.local/lib/python3.8/site-packages/airflow/example_dags/tutorial.py
[2026-05-25T09:41:23.328+0000] {processor.py:840} INFO - DAG(s) 'tutorial' retrieved from /home/airflow/.local/lib/python3.8/site-packages/airflow/example_dags/tutorial.py
[2026-05-25T09:41:23.360+0000] {logging_mixin.py:188} INFO - [2026-05-25T09:41:23.360+0000] {dag.py:3036} INFO - Sync 1 DAGs
[2026-05-25T09:41:23.395+0000] {logging_mixin.py:188} INFO - [2026-05-25T09:41:23.394+0000] {dag.py:3823} INFO - Setting next_dagrun for tutorial to 2026-05-24 00:00:00+00:00, run_after=2026-05-25 00:00:00+00:00
[2026-05-25T09:41:23.492+0000] {processor.py:183} INFO - Processing /home/airflow/.local/lib/python3.8/site-packages/airflow/example_dags/tutorial.py took 0.180 seconds
[2026-05-25T09:42:58.274+0000] {processor.py:161} INFO - Started process (PID=647) to work on /home/airflow/.local/lib/python3.8/site-packages/airflow/example_dags/tutorial.py
[2026-05-25T09:42:58.276+0000] {processor.py:830} INFO - Processing file /home/airflow/.local/lib/python3.8/site-packages/airflow/example_dags/tutorial.py for tasks to queue
[2026-05-25T09:42:58.278+0000] {logging_mixin.py:188} INFO - [2026-05-25T09:42:58.277+0000] {dagbag.py:538} INFO - Filling up the DagBag from /home/airflow/.local/lib/python3.8/site-packages/airflow/example_dags/tutorial.py
[2026-05-25T09:42:58.287+0000] {processor.py:840} INFO - DAG(s) 'tutorial' retrieved from /home/airflow/.local/lib/python3.8/site-packages/airflow/example_dags/tutorial.py
[2026-05-25T09:42:58.319+0000] {logging_mixin.py:188} INFO - [2026-05-25T09:42:58.319+0000] {dag.py:3036} INFO - Sync 1 DAGs
[2026-05-25T09:42:58.364+0000] {logging_mixin.py:188} INFO - [2026-05-25T09:42:58.363+0000] {dag.py:3823} INFO - Setting next_dagrun for tutorial to 2026-05-24 00:00:00+00:00, run_after=2026-05-25 00:00:00+00:00
[2026-05-25T09:42:58.462+0000] {processor.py:183} INFO - Processing /home/airflow/.local/lib/python3.8/site-packages/airflow/example_dags/tutorial.py took 0.193 seconds
[2026-05-25T09:44:23.697+0000] {processor.py:161} INFO - Started process (PID=706) to work on /home/airflow/.local/lib/python3.8/site-packages/airflow/example_dags/tutorial.py
[2026-05-25T09:44:23.699+0000] {processor.py:830} INFO - Processing file /home/airflow/.local/lib/python3.8/site-packages/airflow/example_dags/tutorial.py for tasks to queue
[2026-05-25T09:44:23.702+0000] {logging_mixin.py:188} INFO - [2026-05-25T09:44:23.701+0000] {dagbag.py:538} INFO - Filling up the DagBag from /home/airflow/.local/lib/python3.8/site-packages/airflow/example_dags/tutorial.py
[2026-05-25T09:44:23.718+0000] {processor.py:840} INFO - DAG(s) 'tutorial' retrieved from /home/airflow/.local/lib/python3.8/site-packages/airflow/example_dags/tutorial.py
[2026-05-25T09:44:23.757+0000] {logging_mixin.py:188} INFO - [2026-05-25T09:44:23.756+0000] {dag.py:3036} INFO - Sync 1 DAGs
[2026-05-25T09:44:23.798+0000] {logging_mixin.py:188} INFO - [2026-05-25T09:44:23.797+0000] {dag.py:3823} INFO - Setting next_dagrun for tutorial to 2026-05-24 00:00:00+00:00, run_after=2026-05-25 00:00:00+00:00
[2026-05-25T09:44:23.899+0000] {processor.py:183} INFO - Processing /home/airflow/.local/lib/python3.8/site-packages/airflow/example_dags/tutorial.py took 0.212 seconds
[2026-05-25T09:46:01.318+0000] {processor.py:161} INFO - Started process (PID=766) to work on /home/airflow/.local/lib/python3.8/site-packages/airflow/example_dags/tutorial.py
[2026-05-25T09:46:01.320+0000] {processor.py:830} INFO - Processing file /home/airflow/.local/lib/python3.8/site-packages/airflow/example_dags/tutorial.py for tasks to queue
[2026-05-25T09:46:01.321+0000] {logging_mixin.py:188} INFO - [2026-05-25T09:46:01.321+0000] {dagbag.py:538} INFO - Filling up the DagBag from /home/airflow/.local/lib/python3.8/site-packages/airflow/example_dags/tutorial.py
[2026-05-25T09:46:01.334+0000] {processor.py:840} INFO - DAG(s) 'tutorial' retrieved from /home/airflow/.local/lib/python3.8/site-packages/airflow/example_dags/tutorial.py
[2026-05-25T09:46:01.367+0000] {logging_mixin.py:188} INFO - [2026-05-25T09:46:01.367+0000] {dag.py:3036} INFO - Sync 1 DAGs
[2026-05-25T09:46:01.402+0000] {logging_mixin.py:188} INFO - [2026-05-25T09:46:01.402+0000] {dag.py:3823} INFO - Setting next_dagrun for tutorial to 2026-05-24 00:00:00+00:00, run_after=2026-05-25 00:00:00+00:00
[2026-05-25T09:46:01.490+0000] {processor.py:183} INFO - Processing /home/airflow/.local/lib/python3.8/site-packages/airflow/example_dags/tutorial.py took 0.176 seconds
[2026-05-25T09:48:00.304+0000] {processor.py:161} INFO - Started process (PID=829) to work on /home/airflow/.local/lib/python3.8/site-packages/airflow/example_dags/tutorial.py
[2026-05-25T09:48:00.309+0000] {processor.py:830} INFO - Processing file /home/airflow/.local/lib/python3.8/site-packages/airflow/example_dags/tutorial.py for tasks to queue
[2026-05-25T09:48:00.312+0000] {logging_mixin.py:188} INFO - [2026-05-25T09:48:00.311+0000] {dagbag.py:538} INFO - Filling up the DagBag from /home/airflow/.local/lib/python3.8/site-packages/airflow/example_dags/tutorial.py
[2026-05-25T09:48:00.341+0000] {processor.py:840} INFO - DAG(s) 'tutorial' retrieved from /home/airflow/.local/lib/python3.8/site-packages/airflow/example_dags/tutorial.py
[2026-05-25T09:48:00.433+0000] {logging_mixin.py:188} INFO - [2026-05-25T09:48:00.432+0000] {dag.py:3036} INFO - Sync 1 DAGs
[2026-05-25T09:48:00.528+0000] {logging_mixin.py:188} INFO - [2026-05-25T09:48:00.527+0000] {dag.py:3823} INFO - Setting next_dagrun for tutorial to 2026-05-24 00:00:00+00:00, run_after=2026-05-25 00:00:00+00:00
[2026-05-25T09:48:00.770+0000] {processor.py:183} INFO - Processing /home/airflow/.local/lib/python3.8/site-packages/airflow/example_dags/tutorial.py took 0.476 seconds
[2026-05-25T09:49:59.536+0000] {processor.py:161} INFO - Started process (PID=898) to work on /home/airflow/.local/lib/python3.8/site-packages/airflow/example_dags/tutorial.py
[2026-05-25T09:49:59.538+0000] {processor.py:830} INFO - Processing file /home/airflow/.local/lib/python3.8/site-packages/airflow/example_dags/tutorial.py for tasks to queue
[2026-05-25T09:49:59.540+0000] {logging_mixin.py:188} INFO - [2026-05-25T09:49:59.540+0000] {dagbag.py:538} INFO - Filling up the DagBag from /home/airflow/.local/lib/python3.8/site-packages/airflow/example_dags/tutorial.py
[2026-05-25T09:49:59.560+0000] {processor.py:840} INFO - DAG(s) 'tutorial' retrieved from /home/airflow/.local/lib/python3.8/site-packages/airflow/example_dags/tutorial.py
[2026-05-25T09:49:59.623+0000] {logging_mixin.py:188} INFO - [2026-05-25T09:49:59.623+0000] {dag.py:3036} INFO - Sync 1 DAGs
[2026-05-25T09:49:59.663+0000] {logging_mixin.py:188} INFO - [2026-05-25T09:49:59.663+0000] {dag.py:3823} INFO - Setting next_dagrun for tutorial to 2026-05-24 00:00:00+00:00, run_after=2026-05-25 00:00:00+00:00
[2026-05-25T09:49:59.780+0000] {processor.py:183} INFO - Processing /home/airflow/.local/lib/python3.8/site-packages/airflow/example_dags/tutorial.py took 0.252 seconds
[2026-05-25T09:55:43.389+0000] {processor.py:161} INFO - Started process (PID=91) to work on /home/airflow/.local/lib/python3.8/site-packages/airflow/example_dags/tutorial.py
[2026-05-25T09:55:43.393+0000] {processor.py:830} INFO - Processing file /home/airflow/.local/lib/python3.8/site-packages/airflow/example_dags/tutorial.py for tasks to queue
[2026-05-25T09:55:43.395+0000] {logging_mixin.py:188} INFO - [2026-05-25T09:55:43.394+0000] {dagbag.py:538} INFO - Filling up the DagBag from /home/airflow/.local/lib/python3.8/site-packages/airflow/example_dags/tutorial.py
[2026-05-25T09:55:43.415+0000] {processor.py:840} INFO - DAG(s) 'tutorial' retrieved from /home/airflow/.local/lib/python3.8/site-packages/airflow/example_dags/tutorial.py
[2026-05-25T09:55:44.208+0000] {logging_mixin.py:188} INFO - [2026-05-25T09:55:44.207+0000] {dag.py:3036} INFO - Sync 1 DAGs
[2026-05-25T09:55:44.280+0000] {logging_mixin.py:188} INFO - [2026-05-25T09:55:44.280+0000] {dag.py:3823} INFO - Setting next_dagrun for tutorial to 2026-05-24 00:00:00+00:00, run_after=2026-05-25 00:00:00+00:00
[2026-05-25T09:55:44.442+0000] {processor.py:183} INFO - Processing /home/airflow/.local/lib/python3.8/site-packages/airflow/example_dags/tutorial.py took 1.059 seconds
[2026-05-25T10:00:09.600+0000] {processor.py:161} INFO - Started process (PID=217) to work on /home/airflow/.local/lib/python3.8/site-packages/airflow/example_dags/tutorial.py
[2026-05-25T10:00:09.602+0000] {processor.py:830} INFO - Processing file /home/airflow/.local/lib/python3.8/site-packages/airflow/example_dags/tutorial.py for tasks to queue
[2026-05-25T10:00:09.603+0000] {logging_mixin.py:188} INFO - [2026-05-25T10:00:09.603+0000] {dagbag.py:538} INFO - Filling up the DagBag from /home/airflow/.local/lib/python3.8/site-packages/airflow/example_dags/tutorial.py
[2026-05-25T10:00:09.618+0000] {processor.py:840} INFO - DAG(s) 'tutorial' retrieved from /home/airflow/.local/lib/python3.8/site-packages/airflow/example_dags/tutorial.py
[2026-05-25T10:00:09.658+0000] {logging_mixin.py:188} INFO - [2026-05-25T10:00:09.656+0000] {dag.py:3036} INFO - Sync 1 DAGs
[2026-05-25T10:00:09.698+0000] {logging_mixin.py:188} INFO - [2026-05-25T10:00:09.697+0000] {dag.py:3823} INFO - Setting next_dagrun for tutorial to 2026-05-24 00:00:00+00:00, run_after=2026-05-25 00:00:00+00:00
[2026-05-25T10:00:09.900+0000] {processor.py:183} INFO - Processing /home/airflow/.local/lib/python3.8/site-packages/airflow/example_dags/tutorial.py took 0.304 seconds
[2026-05-25T10:02:06.997+0000] {processor.py:161} INFO - Started process (PID=283) to work on /home/airflow/.local/lib/python3.8/site-packages/airflow/example_dags/tutorial.py
[2026-05-25T10:02:06.999+0000] {processor.py:830} INFO - Processing file /home/airflow/.local/lib/python3.8/site-packages/airflow/example_dags/tutorial.py for tasks to queue
[2026-05-25T10:02:07.002+0000] {logging_mixin.py:188} INFO - [2026-05-25T10:02:07.001+0000] {dagbag.py:538} INFO - Filling up the DagBag from /home/airflow/.local/lib/python3.8/site-packages/airflow/example_dags/tutorial.py
[2026-05-25T10:02:07.026+0000] {processor.py:840} INFO - DAG(s) 'tutorial' retrieved from /home/airflow/.local/lib/python3.8/site-packages/airflow/example_dags/tutorial.py
[2026-05-25T10:02:07.097+0000] {logging_mixin.py:188} INFO - [2026-05-25T10:02:07.097+0000] {dag.py:3036} INFO - Sync 1 DAGs
[2026-05-25T10:02:07.275+0000] {logging_mixin.py:188} INFO - [2026-05-25T10:02:07.275+0000] {dag.py:3823} INFO - Setting next_dagrun for tutorial to 2026-05-24 00:00:00+00:00, run_after=2026-05-25 00:00:00+00:00
[2026-05-25T10:02:09.842+0000] {processor.py:183} INFO - Processing /home/airflow/.local/lib/python3.8/site-packages/airflow/example_dags/tutorial.py took 2.853 seconds
[2026-05-25T10:04:15.277+0000] {processor.py:161} INFO - Started process (PID=352) to work on /home/airflow/.local/lib/python3.8/site-packages/airflow/example_dags/tutorial.py
[2026-05-25T10:04:15.281+0000] {processor.py:830} INFO - Processing file /home/airflow/.local/lib/python3.8/site-packages/airflow/example_dags/tutorial.py for tasks to queue
[2026-05-25T10:04:15.284+0000] {logging_mixin.py:188} INFO - [2026-05-25T10:04:15.283+0000] {dagbag.py:538} INFO - Filling up the DagBag from /home/airflow/.local/lib/python3.8/site-packages/airflow/example_dags/tutorial.py
[2026-05-25T10:04:15.318+0000] {processor.py:840} INFO - DAG(s) 'tutorial' retrieved from /home/airflow/.local/lib/python3.8/site-packages/airflow/example_dags/tutorial.py
[2026-05-25T10:04:15.393+0000] {logging_mixin.py:188} INFO - [2026-05-25T10:04:15.392+0000] {dag.py:3036} INFO - Sync 1 DAGs
[2026-05-25T10:04:15.451+0000] {logging_mixin.py:188} INFO - [2026-05-25T10:04:15.451+0000] {dag.py:3823} INFO - Setting next_dagrun for tutorial to 2026-05-24 00:00:00+00:00, run_after=2026-05-25 00:00:00+00:00
[2026-05-25T10:04:15.645+0000] {processor.py:183} INFO - Processing /home/airflow/.local/lib/python3.8/site-packages/airflow/example_dags/tutorial.py took 0.383 seconds
[2026-05-25T10:06:40.349+0000] {processor.py:161} INFO - Started process (PID=425) to work on /home/airflow/.local/lib/python3.8/site-packages/airflow/example_dags/tutorial.py
[2026-05-25T10:06:40.358+0000] {processor.py:830} INFO - Processing file /home/airflow/.local/lib/python3.8/site-packages/airflow/example_dags/tutorial.py for tasks to queue
[2026-05-25T10:06:40.362+0000] {logging_mixin.py:188} INFO - [2026-05-25T10:06:40.361+0000] {dagbag.py:538} INFO - Filling up the DagBag from /home/airflow/.local/lib/python3.8/site-packages/airflow/example_dags/tutorial.py
[2026-05-25T10:06:40.396+0000] {processor.py:840} INFO - DAG(s) 'tutorial' retrieved from /home/airflow/.local/lib/python3.8/site-packages/airflow/example_dags/tutorial.py
[2026-05-25T10:06:40.507+0000] {logging_mixin.py:188} INFO - [2026-05-25T10:06:40.507+0000] {dag.py:3036} INFO - Sync 1 DAGs
[2026-05-25T10:06:40.604+0000] {logging_mixin.py:188} INFO - [2026-05-25T10:06:40.603+0000] {dag.py:3823} INFO - Setting next_dagrun for tutorial to 2026-05-24 00:00:00+00:00, run_after=2026-05-25 00:00:00+00:00
[2026-05-25T10:06:40.872+0000] {processor.py:183} INFO - Processing /home/airflow/.local/lib/python3.8/site-packages/airflow/example_dags/tutorial.py took 0.539 seconds
[2026-05-25T10:08:39.460+0000] {processor.py:161} INFO - Started process (PID=492) to work on /home/airflow/.local/lib/python3.8/site-packages/airflow/example_dags/tutorial.py
[2026-05-25T10:08:39.464+0000] {processor.py:830} INFO - Processing file /home/airflow/.local/lib/python3.8/site-packages/airflow/example_dags/tutorial.py for tasks to queue
[2026-05-25T10:08:39.467+0000] {logging_mixin.py:188} INFO - [2026-05-25T10:08:39.466+0000] {dagbag.py:538} INFO - Filling up the DagBag from /home/airflow/.local/lib/python3.8/site-packages/airflow/example_dags/tutorial.py
[2026-05-25T10:08:39.494+0000] {processor.py:840} INFO - DAG(s) 'tutorial' retrieved from /home/airflow/.local/lib/python3.8/site-packages/airflow/example_dags/tutorial.py
[2026-05-25T10:08:39.591+0000] {logging_mixin.py:188} INFO - [2026-05-25T10:08:39.591+0000] {dag.py:3036} INFO - Sync 1 DAGs
[2026-05-25T10:08:39.684+0000] {logging_mixin.py:188} INFO - [2026-05-25T10:08:39.683+0000] {dag.py:3823} INFO - Setting next_dagrun for tutorial to 2026-05-24 00:00:00+00:00, run_after=2026-05-25 00:00:00+00:00
[2026-05-25T10:08:39.885+0000] {processor.py:183} INFO - Processing /home/airflow/.local/lib/python3.8/site-packages/airflow/example_dags/tutorial.py took 0.433 seconds
[2026-05-25T10:10:43.920+0000] {processor.py:161} INFO - Started process (PID=562) to work on /home/airflow/.local/lib/python3.8/site-packages/airflow/example_dags/tutorial.py
[2026-05-25T10:10:43.923+0000] {processor.py:830} INFO - Processing file /home/airflow/.local/lib/python3.8/site-packages/airflow/example_dags/tutorial.py for tasks to queue
[2026-05-25T10:10:43.927+0000] {logging_mixin.py:188} INFO - [2026-05-25T10:10:43.925+0000] {dagbag.py:538} INFO - Filling up the DagBag from /home/airflow/.local/lib/python3.8/site-packages/airflow/example_dags/tutorial.py
[2026-05-25T10:10:43.947+0000] {processor.py:840} INFO - DAG(s) 'tutorial' retrieved from /home/airflow/.local/lib/python3.8/site-packages/airflow/example_dags/tutorial.py
[2026-05-25T10:10:44.016+0000] {logging_mixin.py:188} INFO - [2026-05-25T10:10:44.016+0000] {dag.py:3036} INFO - Sync 1 DAGs
[2026-05-25T10:10:44.091+0000] {logging_mixin.py:188} INFO - [2026-05-25T10:10:44.090+0000] {dag.py:3823} INFO - Setting next_dagrun for tutorial to 2026-05-24 00:00:00+00:00, run_after=2026-05-25 00:00:00+00:00
[2026-05-25T10:10:44.198+0000] {processor.py:183} INFO - Processing /home/airflow/.local/lib/python3.8/site-packages/airflow/example_dags/tutorial.py took 0.292 seconds
[2026-05-25T10:12:20.110+0000] {processor.py:161} INFO - Started process (PID=624) to work on /home/airflow/.local/lib/python3.8/site-packages/airflow/example_dags/tutorial.py
[2026-05-25T10:12:20.112+0000] {processor.py:830} INFO - Processing file /home/airflow/.local/lib/python3.8/site-packages/airflow/example_dags/tutorial.py for tasks to queue
[2026-05-25T10:12:20.113+0000] {logging_mixin.py:188} INFO - [2026-05-25T10:12:20.113+0000] {dagbag.py:538} INFO - Filling up the DagBag from /home/airflow/.local/lib/python3.8/site-packages/airflow/example_dags/tutorial.py
[2026-05-25T10:12:20.122+0000] {processor.py:840} INFO - DAG(s) 'tutorial' retrieved from /home/airflow/.local/lib/python3.8/site-packages/airflow/example_dags/tutorial.py
[2026-05-25T10:12:20.157+0000] {logging_mixin.py:188} INFO - [2026-05-25T10:12:20.157+0000] {dag.py:3036} INFO - Sync 1 DAGs
[2026-05-25T10:12:20.194+0000] {logging_mixin.py:188} INFO - [2026-05-25T10:12:20.194+0000] {dag.py:3823} INFO - Setting next_dagrun for tutorial to 2026-05-24 00:00:00+00:00, run_after=2026-05-25 00:00:00+00:00
[2026-05-25T10:12:20.300+0000] {processor.py:183} INFO - Processing /home/airflow/.local/lib/python3.8/site-packages/airflow/example_dags/tutorial.py took 0.195 seconds
[2026-05-25T10:14:01.736+0000] {processor.py:161} INFO - Started process (PID=683) to work on /home/airflow/.local/lib/python3.8/site-packages/airflow/example_dags/tutorial.py
[2026-05-25T10:14:01.738+0000] {processor.py:830} INFO - Processing file /home/airflow/.local/lib/python3.8/site-packages/airflow/example_dags/tutorial.py for tasks to queue
[2026-05-25T10:14:01.740+0000] {logging_mixin.py:188} INFO - [2026-05-25T10:14:01.739+0000] {dagbag.py:538} INFO - Filling up the DagBag from /home/airflow/.local/lib/python3.8/site-packages/airflow/example_dags/tutorial.py
[2026-05-25T10:14:01.751+0000] {processor.py:840} INFO - DAG(s) 'tutorial' retrieved from /home/airflow/.local/lib/python3.8/site-packages/airflow/example_dags/tutorial.py
[2026-05-25T10:14:01.787+0000] {logging_mixin.py:188} INFO - [2026-05-25T10:14:01.786+0000] {dag.py:3036} INFO - Sync 1 DAGs
[2026-05-25T10:14:01.827+0000] {logging_mixin.py:188} INFO - [2026-05-25T10:14:01.827+0000] {dag.py:3823} INFO - Setting next_dagrun for tutorial to 2026-05-24 00:00:00+00:00, run_after=2026-05-25 00:00:00+00:00
[2026-05-25T10:14:01.923+0000] {processor.py:183} INFO - Processing /home/airflow/.local/lib/python3.8/site-packages/airflow/example_dags/tutorial.py took 0.193 seconds
[2026-05-25T10:17:16.230+0000] {processor.py:161} INFO - Started process (PID=803) to work on /home/airflow/.local/lib/python3.8/site-packages/airflow/example_dags/tutorial.py
[2026-05-25T10:17:16.232+0000] {processor.py:830} INFO - Processing file /home/airflow/.local/lib/python3.8/site-packages/airflow/example_dags/tutorial.py for tasks to queue
[2026-05-25T10:17:16.236+0000] {logging_mixin.py:188} INFO - [2026-05-25T10:17:16.235+0000] {dagbag.py:538} INFO - Filling up the DagBag from /home/airflow/.local/lib/python3.8/site-packages/airflow/example_dags/tutorial.py
[2026-05-25T10:17:16.256+0000] {processor.py:840} INFO - DAG(s) 'tutorial' retrieved from /home/airflow/.local/lib/python3.8/site-packages/airflow/example_dags/tutorial.py
[2026-05-25T10:17:16.330+0000] {logging_mixin.py:188} INFO - [2026-05-25T10:17:16.330+0000] {dag.py:3036} INFO - Sync 1 DAGs
[2026-05-25T10:17:16.411+0000] {logging_mixin.py:188} INFO - [2026-05-25T10:17:16.410+0000] {dag.py:3823} INFO - Setting next_dagrun for tutorial to 2026-05-24 00:00:00+00:00, run_after=2026-05-25 00:00:00+00:00
[2026-05-25T10:17:16.707+0000] {processor.py:183} INFO - Processing /home/airflow/.local/lib/python3.8/site-packages/airflow/example_dags/tutorial.py took 0.484 seconds
[2026-05-25T10:18:58.661+0000] {processor.py:161} INFO - Started process (PID=866) to work on /home/airflow/.local/lib/python3.8/site-packages/airflow/example_dags/tutorial.py
[2026-05-25T10:18:58.663+0000] {processor.py:830} INFO - Processing file /home/airflow/.local/lib/python3.8/site-packages/airflow/example_dags/tutorial.py for tasks to queue
[2026-05-25T10:18:58.666+0000] {logging_mixin.py:188} INFO - [2026-05-25T10:18:58.665+0000] {dagbag.py:538} INFO - Filling up the DagBag from /home/airflow/.local/lib/python3.8/site-packages/airflow/example_dags/tutorial.py
[2026-05-25T10:18:58.710+0000] {processor.py:840} INFO - DAG(s) 'tutorial' retrieved from /home/airflow/.local/lib/python3.8/site-packages/airflow/example_dags/tutorial.py
[2026-05-25T10:18:58.826+0000] {logging_mixin.py:188} INFO - [2026-05-25T10:18:58.825+0000] {dag.py:3036} INFO - Sync 1 DAGs
[2026-05-25T10:18:58.945+0000] {logging_mixin.py:188} INFO - [2026-05-25T10:18:58.945+0000] {dag.py:3823} INFO - Setting next_dagrun for tutorial to 2026-05-24 00:00:00+00:00, run_after=2026-05-25 00:00:00+00:00
[2026-05-25T10:18:59.102+0000] {processor.py:183} INFO - Processing /home/airflow/.local/lib/python3.8/site-packages/airflow/example_dags/tutorial.py took 0.461 seconds
[2026-05-25T10:20:29.179+0000] {processor.py:161} INFO - Started process (PID=928) to work on /home/airflow/.local/lib/python3.8/site-packages/airflow/example_dags/tutorial.py
[2026-05-25T10:20:29.181+0000] {processor.py:830} INFO - Processing file /home/airflow/.local/lib/python3.8/site-packages/airflow/example_dags/tutorial.py for tasks to queue
[2026-05-25T10:20:29.183+0000] {logging_mixin.py:188} INFO - [2026-05-25T10:20:29.182+0000] {dagbag.py:538} INFO - Filling up the DagBag from /home/airflow/.local/lib/python3.8/site-packages/airflow/example_dags/tutorial.py
[2026-05-25T10:20:29.196+0000] {processor.py:840} INFO - DAG(s) 'tutorial' retrieved from /home/airflow/.local/lib/python3.8/site-packages/airflow/example_dags/tutorial.py
[2026-05-25T10:20:29.256+0000] {logging_mixin.py:188} INFO - [2026-05-25T10:20:29.255+0000] {dag.py:3036} INFO - Sync 1 DAGs
[2026-05-25T10:20:29.292+0000] {logging_mixin.py:188} INFO - [2026-05-25T10:20:29.291+0000] {dag.py:3823} INFO - Setting next_dagrun for tutorial to 2026-05-24 00:00:00+00:00, run_after=2026-05-25 00:00:00+00:00
[2026-05-25T10:20:29.385+0000] {processor.py:183} INFO - Processing /home/airflow/.local/lib/python3.8/site-packages/airflow/example_dags/tutorial.py took 0.210 seconds
[2026-05-25T10:22:03.443+0000] {processor.py:161} INFO - Started process (PID=991) to work on /home/airflow/.local/lib/python3.8/site-packages/airflow/example_dags/tutorial.py
[2026-05-25T10:22:03.445+0000] {processor.py:830} INFO - Processing file /home/airflow/.local/lib/python3.8/site-packages/airflow/example_dags/tutorial.py for tasks to queue
[2026-05-25T10:22:03.447+0000] {logging_mixin.py:188} INFO - [2026-05-25T10:22:03.446+0000] {dagbag.py:538} INFO - Filling up the DagBag from /home/airflow/.local/lib/python3.8/site-packages/airflow/example_dags/tutorial.py
[2026-05-25T10:22:03.459+0000] {processor.py:840} INFO - DAG(s) 'tutorial' retrieved from /home/airflow/.local/lib/python3.8/site-packages/airflow/example_dags/tutorial.py
[2026-05-25T10:22:03.505+0000] {logging_mixin.py:188} INFO - [2026-05-25T10:22:03.505+0000] {dag.py:3036} INFO - Sync 1 DAGs
[2026-05-25T10:22:03.545+0000] {logging_mixin.py:188} INFO - [2026-05-25T10:22:03.545+0000] {dag.py:3823} INFO - Setting next_dagrun for tutorial to 2026-05-24 00:00:00+00:00, run_after=2026-05-25 00:00:00+00:00
[2026-05-25T10:22:03.692+0000] {processor.py:183} INFO - Processing /home/airflow/.local/lib/python3.8/site-packages/airflow/example_dags/tutorial.py took 0.255 seconds
[2026-05-25T10:23:38.753+0000] {processor.py:161} INFO - Started process (PID=1054) to work on /home/airflow/.local/lib/python3.8/site-packages/airflow/example_dags/tutorial.py
[2026-05-25T10:23:38.754+0000] {processor.py:830} INFO - Processing file /home/airflow/.local/lib/python3.8/site-packages/airflow/example_dags/tutorial.py for tasks to queue
[2026-05-25T10:23:38.756+0000] {logging_mixin.py:188} INFO - [2026-05-25T10:23:38.755+0000] {dagbag.py:538} INFO - Filling up the DagBag from /home/airflow/.local/lib/python3.8/site-packages/airflow/example_dags/tutorial.py
[2026-05-25T10:23:38.767+0000] {processor.py:840} INFO - DAG(s) 'tutorial' retrieved from /home/airflow/.local/lib/python3.8/site-packages/airflow/example_dags/tutorial.py
[2026-05-25T10:23:38.813+0000] {logging_mixin.py:188} INFO - [2026-05-25T10:23:38.813+0000] {dag.py:3036} INFO - Sync 1 DAGs
[2026-05-25T10:23:38.848+0000] {logging_mixin.py:188} INFO - [2026-05-25T10:23:38.848+0000] {dag.py:3823} INFO - Setting next_dagrun for tutorial to 2026-05-24 00:00:00+00:00, run_after=2026-05-25 00:00:00+00:00
[2026-05-25T10:23:38.961+0000] {processor.py:183} INFO - Processing /home/airflow/.local/lib/python3.8/site-packages/airflow/example_dags/tutorial.py took 0.213 seconds
[2026-05-25T10:25:12.709+0000] {processor.py:161} INFO - Started process (PID=1116) to work on /home/airflow/.local/lib/python3.8/site-packages/airflow/example_dags/tutorial.py
[2026-05-25T10:25:12.712+0000] {processor.py:830} INFO - Processing file /home/airflow/.local/lib/python3.8/site-packages/airflow/example_dags/tutorial.py for tasks to queue
[2026-05-25T10:25:12.714+0000] {logging_mixin.py:188} INFO - [2026-05-25T10:25:12.714+0000] {dagbag.py:538} INFO - Filling up the DagBag from /home/airflow/.local/lib/python3.8/site-packages/airflow/example_dags/tutorial.py
[2026-05-25T10:25:12.729+0000] {processor.py:840} INFO - DAG(s) 'tutorial' retrieved from /home/airflow/.local/lib/python3.8/site-packages/airflow/example_dags/tutorial.py
[2026-05-25T10:25:12.768+0000] {logging_mixin.py:188} INFO - [2026-05-25T10:25:12.767+0000] {dag.py:3036} INFO - Sync 1 DAGs
[2026-05-25T10:25:12.805+0000] {logging_mixin.py:188} INFO - [2026-05-25T10:25:12.804+0000] {dag.py:3823} INFO - Setting next_dagrun for tutorial to 2026-05-24 00:00:00+00:00, run_after=2026-05-25 00:00:00+00:00
[2026-05-25T10:25:12.903+0000] {processor.py:183} INFO - Processing /home/airflow/.local/lib/python3.8/site-packages/airflow/example_dags/tutorial.py took 0.201 seconds
[2026-05-25T10:26:54.198+0000] {processor.py:161} INFO - Started process (PID=1181) to work on /home/airflow/.local/lib/python3.8/site-packages/airflow/example_dags/tutorial.py
[2026-05-25T10:26:54.199+0000] {processor.py:830} INFO - Processing file /home/airflow/.local/lib/python3.8/site-packages/airflow/example_dags/tutorial.py for tasks to queue
[2026-05-25T10:26:54.201+0000] {logging_mixin.py:188} INFO - [2026-05-25T10:26:54.200+0000] {dagbag.py:538} INFO - Filling up the DagBag from /home/airflow/.local/lib/python3.8/site-packages/airflow/example_dags/tutorial.py
[2026-05-25T10:26:54.211+0000] {processor.py:840} INFO - DAG(s) 'tutorial' retrieved from /home/airflow/.local/lib/python3.8/site-packages/airflow/example_dags/tutorial.py
[2026-05-25T10:26:54.247+0000] {logging_mixin.py:188} INFO - [2026-05-25T10:26:54.247+0000] {dag.py:3036} INFO - Sync 1 DAGs
[2026-05-25T10:26:54.287+0000] {logging_mixin.py:188} INFO - [2026-05-25T10:26:54.286+0000] {dag.py:3823} INFO - Setting next_dagrun for tutorial to 2026-05-24 00:00:00+00:00, run_after=2026-05-25 00:00:00+00:00
[2026-05-25T10:26:54.377+0000] {processor.py:183} INFO - Processing /home/airflow/.local/lib/python3.8/site-packages/airflow/example_dags/tutorial.py took 0.183 seconds
[2026-05-25T10:28:35.685+0000] {processor.py:161} INFO - Started process (PID=1246) to work on /home/airflow/.local/lib/python3.8/site-packages/airflow/example_dags/tutorial.py
[2026-05-25T10:28:35.687+0000] {processor.py:830} INFO - Processing file /home/airflow/.local/lib/python3.8/site-packages/airflow/example_dags/tutorial.py for tasks to queue
[2026-05-25T10:28:35.690+0000] {logging_mixin.py:188} INFO - [2026-05-25T10:28:35.689+0000] {dagbag.py:538} INFO - Filling up the DagBag from /home/airflow/.local/lib/python3.8/site-packages/airflow/example_dags/tutorial.py
[2026-05-25T10:28:35.704+0000] {processor.py:840} INFO - DAG(s) 'tutorial' retrieved from /home/airflow/.local/lib/python3.8/site-packages/airflow/example_dags/tutorial.py
[2026-05-25T10:28:35.754+0000] {logging_mixin.py:188} INFO - [2026-05-25T10:28:35.754+0000] {dag.py:3036} INFO - Sync 1 DAGs
[2026-05-25T10:28:35.799+0000] {logging_mixin.py:188} INFO - [2026-05-25T10:28:35.798+0000] {dag.py:3823} INFO - Setting next_dagrun for tutorial to 2026-05-24 00:00:00+00:00, run_after=2026-05-25 00:00:00+00:00
[2026-05-25T10:28:35.916+0000] {processor.py:183} INFO - Processing /home/airflow/.local/lib/python3.8/site-packages/airflow/example_dags/tutorial.py took 0.236 seconds
[2026-05-25T10:30:05.449+0000] {processor.py:161} INFO - Started process (PID=1308) to work on /home/airflow/.local/lib/python3.8/site-packages/airflow/example_dags/tutorial.py
[2026-05-25T10:30:05.451+0000] {processor.py:830} INFO - Processing file /home/airflow/.local/lib/python3.8/site-packages/airflow/example_dags/tutorial.py for tasks to queue
[2026-05-25T10:30:05.455+0000] {logging_mixin.py:188} INFO - [2026-05-25T10:30:05.454+0000] {dagbag.py:538} INFO - Filling up the DagBag from /home/airflow/.local/lib/python3.8/site-packages/airflow/example_dags/tutorial.py
[2026-05-25T10:30:05.465+0000] {processor.py:840} INFO - DAG(s) 'tutorial' retrieved from /home/airflow/.local/lib/python3.8/site-packages/airflow/example_dags/tutorial.py
[2026-05-25T10:30:05.512+0000] {logging_mixin.py:188} INFO - [2026-05-25T10:30:05.512+0000] {dag.py:3036} INFO - Sync 1 DAGs
[2026-05-25T10:30:05.552+0000] {logging_mixin.py:188} INFO - [2026-05-25T10:30:05.551+0000] {dag.py:3823} INFO - Setting next_dagrun for tutorial to 2026-05-24 00:00:00+00:00, run_after=2026-05-25 00:00:00+00:00
[2026-05-25T10:30:05.646+0000] {processor.py:183} INFO - Processing /home/airflow/.local/lib/python3.8/site-packages/airflow/example_dags/tutorial.py took 0.201 seconds
[2026-05-25T10:31:40.173+0000] {processor.py:161} INFO - Started process (PID=1369) to work on /home/airflow/.local/lib/python3.8/site-packages/airflow/example_dags/tutorial.py
[2026-05-25T10:31:40.175+0000] {processor.py:830} INFO - Processing file /home/airflow/.local/lib/python3.8/site-packages/airflow/example_dags/tutorial.py for tasks to queue
[2026-05-25T10:31:40.177+0000] {logging_mixin.py:188} INFO - [2026-05-25T10:31:40.176+0000] {dagbag.py:538} INFO - Filling up the DagBag from /home/airflow/.local/lib/python3.8/site-packages/airflow/example_dags/tutorial.py
[2026-05-25T10:31:40.188+0000] {processor.py:840} INFO - DAG(s) 'tutorial' retrieved from /home/airflow/.local/lib/python3.8/site-packages/airflow/example_dags/tutorial.py
[2026-05-25T10:31:40.228+0000] {logging_mixin.py:188} INFO - [2026-05-25T10:31:40.228+0000] {dag.py:3036} INFO - Sync 1 DAGs
[2026-05-25T10:31:40.270+0000] {logging_mixin.py:188} INFO - [2026-05-25T10:31:40.269+0000] {dag.py:3823} INFO - Setting next_dagrun for tutorial to 2026-05-24 00:00:00+00:00, run_after=2026-05-25 00:00:00+00:00
[2026-05-25T10:31:40.373+0000] {processor.py:183} INFO - Processing /home/airflow/.local/lib/python3.8/site-packages/airflow/example_dags/tutorial.py took 0.205 seconds
[2026-05-25T10:33:19.628+0000] {processor.py:161} INFO - Started process (PID=1433) to work on /home/airflow/.local/lib/python3.8/site-packages/airflow/example_dags/tutorial.py
[2026-05-25T10:33:19.630+0000] {processor.py:830} INFO - Processing file /home/airflow/.local/lib/python3.8/site-packages/airflow/example_dags/tutorial.py for tasks to queue
[2026-05-25T10:33:19.631+0000] {logging_mixin.py:188} INFO - [2026-05-25T10:33:19.631+0000] {dagbag.py:538} INFO - Filling up the DagBag from /home/airflow/.local/lib/python3.8/site-packages/airflow/example_dags/tutorial.py
[2026-05-25T10:33:19.641+0000] {processor.py:840} INFO - DAG(s) 'tutorial' retrieved from /home/airflow/.local/lib/python3.8/site-packages/airflow/example_dags/tutorial.py
[2026-05-25T10:33:19.686+0000] {logging_mixin.py:188} INFO - [2026-05-25T10:33:19.685+0000] {dag.py:3036} INFO - Sync 1 DAGs
[2026-05-25T10:33:19.721+0000] {logging_mixin.py:188} INFO - [2026-05-25T10:33:19.720+0000] {dag.py:3823} INFO - Setting next_dagrun for tutorial to 2026-05-24 00:00:00+00:00, run_after=2026-05-25 00:00:00+00:00
[2026-05-25T10:33:19.811+0000] {processor.py:183} INFO - Processing /home/airflow/.local/lib/python3.8/site-packages/airflow/example_dags/tutorial.py took 0.187 seconds
[2026-05-25T10:34:48.947+0000] {processor.py:161} INFO - Started process (PID=1493) to work on /home/airflow/.local/lib/python3.8/site-packages/airflow/example_dags/tutorial.py
[2026-05-25T10:34:48.949+0000] {processor.py:830} INFO - Processing file /home/airflow/.local/lib/python3.8/site-packages/airflow/example_dags/tutorial.py for tasks to queue
[2026-05-25T10:34:48.951+0000] {logging_mixin.py:188} INFO - [2026-05-25T10:34:48.950+0000] {dagbag.py:538} INFO - Filling up the DagBag from /home/airflow/.local/lib/python3.8/site-packages/airflow/example_dags/tutorial.py
[2026-05-25T10:34:48.967+0000] {processor.py:840} INFO - DAG(s) 'tutorial' retrieved from /home/airflow/.local/lib/python3.8/site-packages/airflow/example_dags/tutorial.py
[2026-05-25T10:34:49.003+0000] {logging_mixin.py:188} INFO - [2026-05-25T10:34:49.003+0000] {dag.py:3036} INFO - Sync 1 DAGs
[2026-05-25T10:34:49.039+0000] {logging_mixin.py:188} INFO - [2026-05-25T10:34:49.039+0000] {dag.py:3823} INFO - Setting next_dagrun for tutorial to 2026-05-24 00:00:00+00:00, run_after=2026-05-25 00:00:00+00:00
[2026-05-25T10:34:49.124+0000] {processor.py:183} INFO - Processing /home/airflow/.local/lib/python3.8/site-packages/airflow/example_dags/tutorial.py took 0.183 seconds
[2026-05-25T10:36:15.197+0000] {processor.py:161} INFO - Started process (PID=1552) to work on /home/airflow/.local/lib/python3.8/site-packages/airflow/example_dags/tutorial.py
[2026-05-25T10:36:15.199+0000] {processor.py:830} INFO - Processing file /home/airflow/.local/lib/python3.8/site-packages/airflow/example_dags/tutorial.py for tasks to queue
[2026-05-25T10:36:15.201+0000] {logging_mixin.py:188} INFO - [2026-05-25T10:36:15.201+0000] {dagbag.py:538} INFO - Filling up the DagBag from /home/airflow/.local/lib/python3.8/site-packages/airflow/example_dags/tutorial.py
[2026-05-25T10:36:15.216+0000] {processor.py:840} INFO - DAG(s) 'tutorial' retrieved from /home/airflow/.local/lib/python3.8/site-packages/airflow/example_dags/tutorial.py
[2026-05-25T10:36:15.262+0000] {logging_mixin.py:188} INFO - [2026-05-25T10:36:15.261+0000] {dag.py:3036} INFO - Sync 1 DAGs
[2026-05-25T10:36:15.315+0000] {logging_mixin.py:188} INFO - [2026-05-25T10:36:15.315+0000] {dag.py:3823} INFO - Setting next_dagrun for tutorial to 2026-05-24 00:00:00+00:00, run_after=2026-05-25 00:00:00+00:00
[2026-05-25T10:36:15.422+0000] {processor.py:183} INFO - Processing /home/airflow/.local/lib/python3.8/site-packages/airflow/example_dags/tutorial.py took 0.231 seconds
[2026-05-25T10:37:41.839+0000] {processor.py:161} INFO - Started process (PID=1613) to work on /home/airflow/.local/lib/python3.8/site-packages/airflow/example_dags/tutorial.py
[2026-05-25T10:37:41.842+0000] {processor.py:830} INFO - Processing file /home/airflow/.local/lib/python3.8/site-packages/airflow/example_dags/tutorial.py for tasks to queue
[2026-05-25T10:37:41.845+0000] {logging_mixin.py:188} INFO - [2026-05-25T10:37:41.844+0000] {dagbag.py:538} INFO - Filling up the DagBag from /home/airflow/.local/lib/python3.8/site-packages/airflow/example_dags/tutorial.py
[2026-05-25T10:37:41.868+0000] {processor.py:840} INFO - DAG(s) 'tutorial' retrieved from /home/airflow/.local/lib/python3.8/site-packages/airflow/example_dags/tutorial.py
[2026-05-25T10:37:41.932+0000] {logging_mixin.py:188} INFO - [2026-05-25T10:37:41.931+0000] {dag.py:3036} INFO - Sync 1 DAGs
[2026-05-25T10:37:42.016+0000] {logging_mixin.py:188} INFO - [2026-05-25T10:37:42.016+0000] {dag.py:3823} INFO - Setting next_dagrun for tutorial to 2026-05-24 00:00:00+00:00, run_after=2026-05-25 00:00:00+00:00
[2026-05-25T10:37:42.163+0000] {processor.py:183} INFO - Processing /home/airflow/.local/lib/python3.8/site-packages/airflow/example_dags/tutorial.py took 0.331 seconds
[2026-05-25T10:39:09.172+0000] {processor.py:161} INFO - Started process (PID=1674) to work on /home/airflow/.local/lib/python3.8/site-packages/airflow/example_dags/tutorial.py
[2026-05-25T10:39:09.173+0000] {processor.py:830} INFO - Processing file /home/airflow/.local/lib/python3.8/site-packages/airflow/example_dags/tutorial.py for tasks to queue
[2026-05-25T10:39:09.174+0000] {logging_mixin.py:188} INFO - [2026-05-25T10:39:09.174+0000] {dagbag.py:538} INFO - Filling up the DagBag from /home/airflow/.local/lib/python3.8/site-packages/airflow/example_dags/tutorial.py
[2026-05-25T10:39:09.183+0000] {processor.py:840} INFO - DAG(s) 'tutorial' retrieved from /home/airflow/.local/lib/python3.8/site-packages/airflow/example_dags/tutorial.py
[2026-05-25T10:39:09.216+0000] {logging_mixin.py:188} INFO - [2026-05-25T10:39:09.215+0000] {dag.py:3036} INFO - Sync 1 DAGs
[2026-05-25T10:39:09.248+0000] {logging_mixin.py:188} INFO - [2026-05-25T10:39:09.247+0000] {dag.py:3823} INFO - Setting next_dagrun for tutorial to 2026-05-24 00:00:00+00:00, run_after=2026-05-25 00:00:00+00:00
[2026-05-25T10:39:09.821+0000] {processor.py:183} INFO - Processing /home/airflow/.local/lib/python3.8/site-packages/airflow/example_dags/tutorial.py took 0.653 seconds
[2026-05-25T10:40:47.992+0000] {processor.py:161} INFO - Started process (PID=1736) to work on /home/airflow/.local/lib/python3.8/site-packages/airflow/example_dags/tutorial.py
[2026-05-25T10:40:47.993+0000] {processor.py:830} INFO - Processing file /home/airflow/.local/lib/python3.8/site-packages/airflow/example_dags/tutorial.py for tasks to queue
[2026-05-25T10:40:47.995+0000] {logging_mixin.py:188} INFO - [2026-05-25T10:40:47.995+0000] {dagbag.py:538} INFO - Filling up the DagBag from /home/airflow/.local/lib/python3.8/site-packages/airflow/example_dags/tutorial.py
[2026-05-25T10:40:48.008+0000] {processor.py:840} INFO - DAG(s) 'tutorial' retrieved from /home/airflow/.local/lib/python3.8/site-packages/airflow/example_dags/tutorial.py
[2026-05-25T10:40:48.045+0000] {logging_mixin.py:188} INFO - [2026-05-25T10:40:48.045+0000] {dag.py:3036} INFO - Sync 1 DAGs
[2026-05-25T10:40:48.093+0000] {logging_mixin.py:188} INFO - [2026-05-25T10:40:48.092+0000] {dag.py:3823} INFO - Setting next_dagrun for tutorial to 2026-05-24 00:00:00+00:00, run_after=2026-05-25 00:00:00+00:00
[2026-05-25T10:40:48.412+0000] {processor.py:183} INFO - Processing /home/airflow/.local/lib/python3.8/site-packages/airflow/example_dags/tutorial.py took 0.425 seconds
[2026-05-25T10:42:29.304+0000] {processor.py:161} INFO - Started process (PID=1799) to work on /home/airflow/.local/lib/python3.8/site-packages/airflow/example_dags/tutorial.py
[2026-05-25T10:42:29.306+0000] {processor.py:830} INFO - Processing file /home/airflow/.local/lib/python3.8/site-packages/airflow/example_dags/tutorial.py for tasks to queue
[2026-05-25T10:42:29.308+0000] {logging_mixin.py:188} INFO - [2026-05-25T10:42:29.307+0000] {dagbag.py:538} INFO - Filling up the DagBag from /home/airflow/.local/lib/python3.8/site-packages/airflow/example_dags/tutorial.py
[2026-05-25T10:42:29.331+0000] {processor.py:840} INFO - DAG(s) 'tutorial' retrieved from /home/airflow/.local/lib/python3.8/site-packages/airflow/example_dags/tutorial.py
[2026-05-25T10:42:29.388+0000] {logging_mixin.py:188} INFO - [2026-05-25T10:42:29.388+0000] {dag.py:3036} INFO - Sync 1 DAGs
[2026-05-25T10:42:29.441+0000] {logging_mixin.py:188} INFO - [2026-05-25T10:42:29.441+0000] {dag.py:3823} INFO - Setting next_dagrun for tutorial to 2026-05-24 00:00:00+00:00, run_after=2026-05-25 00:00:00+00:00
[2026-05-25T10:42:29.575+0000] {processor.py:183} INFO - Processing /home/airflow/.local/lib/python3.8/site-packages/airflow/example_dags/tutorial.py took 0.279 seconds
[2026-05-25T10:43:51.954+0000] {processor.py:161} INFO - Started process (PID=1857) to work on /home/airflow/.local/lib/python3.8/site-packages/airflow/example_dags/tutorial.py
[2026-05-25T10:43:51.956+0000] {processor.py:830} INFO - Processing file /home/airflow/.local/lib/python3.8/site-packages/airflow/example_dags/tutorial.py for tasks to queue
[2026-05-25T10:43:51.958+0000] {logging_mixin.py:188} INFO - [2026-05-25T10:43:51.957+0000] {dagbag.py:538} INFO - Filling up the DagBag from /home/airflow/.local/lib/python3.8/site-packages/airflow/example_dags/tutorial.py
[2026-05-25T10:43:51.970+0000] {processor.py:840} INFO - DAG(s) 'tutorial' retrieved from /home/airflow/.local/lib/python3.8/site-packages/airflow/example_dags/tutorial.py
[2026-05-25T10:43:52.022+0000] {logging_mixin.py:188} INFO - [2026-05-25T10:43:52.021+0000] {dag.py:3036} INFO - Sync 1 DAGs
[2026-05-25T10:43:52.067+0000] {logging_mixin.py:188} INFO - [2026-05-25T10:43:52.067+0000] {dag.py:3823} INFO - Setting next_dagrun for tutorial to 2026-05-24 00:00:00+00:00, run_after=2026-05-25 00:00:00+00:00
[2026-05-25T10:43:52.192+0000] {processor.py:183} INFO - Processing /home/airflow/.local/lib/python3.8/site-packages/airflow/example_dags/tutorial.py took 0.242 seconds
[2026-05-25T10:45:22.548+0000] {processor.py:161} INFO - Started process (PID=1918) to work on /home/airflow/.local/lib/python3.8/site-packages/airflow/example_dags/tutorial.py
[2026-05-25T10:45:22.549+0000] {processor.py:830} INFO - Processing file /home/airflow/.local/lib/python3.8/site-packages/airflow/example_dags/tutorial.py for tasks to queue
[2026-05-25T10:45:22.551+0000] {logging_mixin.py:188} INFO - [2026-05-25T10:45:22.550+0000] {dagbag.py:538} INFO - Filling up the DagBag from /home/airflow/.local/lib/python3.8/site-packages/airflow/example_dags/tutorial.py
[2026-05-25T10:45:22.563+0000] {processor.py:840} INFO - DAG(s) 'tutorial' retrieved from /home/airflow/.local/lib/python3.8/site-packages/airflow/example_dags/tutorial.py
[2026-05-25T10:45:22.601+0000] {logging_mixin.py:188} INFO - [2026-05-25T10:45:22.601+0000] {dag.py:3036} INFO - Sync 1 DAGs
[2026-05-25T10:45:22.642+0000] {logging_mixin.py:188} INFO - [2026-05-25T10:45:22.642+0000] {dag.py:3823} INFO - Setting next_dagrun for tutorial to 2026-05-24 00:00:00+00:00, run_after=2026-05-25 00:00:00+00:00
[2026-05-25T10:45:22.733+0000] {processor.py:183} INFO - Processing /home/airflow/.local/lib/python3.8/site-packages/airflow/example_dags/tutorial.py took 0.191 seconds
[2026-05-25T10:47:08.637+0000] {processor.py:161} INFO - Started process (PID=1984) to work on /home/airflow/.local/lib/python3.8/site-packages/airflow/example_dags/tutorial.py
[2026-05-25T10:47:08.640+0000] {processor.py:830} INFO - Processing file /home/airflow/.local/lib/python3.8/site-packages/airflow/example_dags/tutorial.py for tasks to queue
[2026-05-25T10:47:08.642+0000] {logging_mixin.py:188} INFO - [2026-05-25T10:47:08.641+0000] {dagbag.py:538} INFO - Filling up the DagBag from /home/airflow/.local/lib/python3.8/site-packages/airflow/example_dags/tutorial.py
[2026-05-25T10:47:08.657+0000] {processor.py:840} INFO - DAG(s) 'tutorial' retrieved from /home/airflow/.local/lib/python3.8/site-packages/airflow/example_dags/tutorial.py
[2026-05-25T10:47:08.715+0000] {logging_mixin.py:188} INFO - [2026-05-25T10:47:08.715+0000] {dag.py:3036} INFO - Sync 1 DAGs
[2026-05-25T10:47:08.783+0000] {logging_mixin.py:188} INFO - [2026-05-25T10:47:08.783+0000] {dag.py:3823} INFO - Setting next_dagrun for tutorial to 2026-05-24 00:00:00+00:00, run_after=2026-05-25 00:00:00+00:00
[2026-05-25T10:47:08.913+0000] {processor.py:183} INFO - Processing /home/airflow/.local/lib/python3.8/site-packages/airflow/example_dags/tutorial.py took 0.283 seconds
[2026-05-25T10:48:39.715+0000] {processor.py:161} INFO - Started process (PID=2045) to work on /home/airflow/.local/lib/python3.8/site-packages/airflow/example_dags/tutorial.py
[2026-05-25T10:48:39.717+0000] {processor.py:830} INFO - Processing file /home/airflow/.local/lib/python3.8/site-packages/airflow/example_dags/tutorial.py for tasks to queue
[2026-05-25T10:48:39.718+0000] {logging_mixin.py:188} INFO - [2026-05-25T10:48:39.718+0000] {dagbag.py:538} INFO - Filling up the DagBag from /home/airflow/.local/lib/python3.8/site-packages/airflow/example_dags/tutorial.py
[2026-05-25T10:48:39.728+0000] {processor.py:840} INFO - DAG(s) 'tutorial' retrieved from /home/airflow/.local/lib/python3.8/site-packages/airflow/example_dags/tutorial.py
[2026-05-25T10:48:39.770+0000] {logging_mixin.py:188} INFO - [2026-05-25T10:48:39.770+0000] {dag.py:3036} INFO - Sync 1 DAGs
[2026-05-25T10:48:39.810+0000] {logging_mixin.py:188} INFO - [2026-05-25T10:48:39.809+0000] {dag.py:3823} INFO - Setting next_dagrun for tutorial to 2026-05-24 00:00:00+00:00, run_after=2026-05-25 00:00:00+00:00
[2026-05-25T10:48:39.907+0000] {processor.py:183} INFO - Processing /home/airflow/.local/lib/python3.8/site-packages/airflow/example_dags/tutorial.py took 0.195 seconds
[2026-05-25T10:50:16.302+0000] {processor.py:161} INFO - Started process (PID=2107) to work on /home/airflow/.local/lib/python3.8/site-packages/airflow/example_dags/tutorial.py
[2026-05-25T10:50:16.304+0000] {processor.py:830} INFO - Processing file /home/airflow/.local/lib/python3.8/site-packages/airflow/example_dags/tutorial.py for tasks to queue
[2026-05-25T10:50:16.306+0000] {logging_mixin.py:188} INFO - [2026-05-25T10:50:16.305+0000] {dagbag.py:538} INFO - Filling up the DagBag from /home/airflow/.local/lib/python3.8/site-packages/airflow/example_dags/tutorial.py
[2026-05-25T10:50:16.315+0000] {processor.py:840} INFO - DAG(s) 'tutorial' retrieved from /home/airflow/.local/lib/python3.8/site-packages/airflow/example_dags/tutorial.py
[2026-05-25T10:50:16.352+0000] {logging_mixin.py:188} INFO - [2026-05-25T10:50:16.352+0000] {dag.py:3036} INFO - Sync 1 DAGs
[2026-05-25T10:50:16.390+0000] {logging_mixin.py:188} INFO - [2026-05-25T10:50:16.390+0000] {dag.py:3823} INFO - Setting next_dagrun for tutorial to 2026-05-24 00:00:00+00:00, run_after=2026-05-25 00:00:00+00:00
[2026-05-25T10:50:16.574+0000] {processor.py:183} INFO - Processing /home/airflow/.local/lib/python3.8/site-packages/airflow/example_dags/tutorial.py took 0.278 seconds
[2026-05-25T10:51:59.810+0000] {processor.py:161} INFO - Started process (PID=2173) to work on /home/airflow/.local/lib/python3.8/site-packages/airflow/example_dags/tutorial.py
[2026-05-25T10:51:59.812+0000] {processor.py:830} INFO - Processing file /home/airflow/.local/lib/python3.8/site-packages/airflow/example_dags/tutorial.py for tasks to queue
[2026-05-25T10:51:59.814+0000] {logging_mixin.py:188} INFO - [2026-05-25T10:51:59.813+0000] {dagbag.py:538} INFO - Filling up the DagBag from /home/airflow/.local/lib/python3.8/site-packages/airflow/example_dags/tutorial.py
[2026-05-25T10:51:59.829+0000] {processor.py:840} INFO - DAG(s) 'tutorial' retrieved from /home/airflow/.local/lib/python3.8/site-packages/airflow/example_dags/tutorial.py
[2026-05-25T10:51:59.879+0000] {logging_mixin.py:188} INFO - [2026-05-25T10:51:59.879+0000] {dag.py:3036} INFO - Sync 1 DAGs
[2026-05-25T10:52:00.181+0000] {logging_mixin.py:188} INFO - [2026-05-25T10:52:00.181+0000] {dag.py:3823} INFO - Setting next_dagrun for tutorial to 2026-05-24 00:00:00+00:00, run_after=2026-05-25 00:00:00+00:00
[2026-05-25T10:52:00.317+0000] {processor.py:183} INFO - Processing /home/airflow/.local/lib/python3.8/site-packages/airflow/example_dags/tutorial.py took 0.514 seconds
[2026-05-25T10:55:15.393+0000] {processor.py:161} INFO - Started process (PID=2247) to work on /home/airflow/.local/lib/python3.8/site-packages/airflow/example_dags/tutorial.py
[2026-05-25T10:55:15.541+0000] {processor.py:830} INFO - Processing file /home/airflow/.local/lib/python3.8/site-packages/airflow/example_dags/tutorial.py for tasks to queue
[2026-05-25T10:55:15.544+0000] {logging_mixin.py:188} INFO - [2026-05-25T10:55:15.543+0000] {dagbag.py:538} INFO - Filling up the DagBag from /home/airflow/.local/lib/python3.8/site-packages/airflow/example_dags/tutorial.py
[2026-05-25T10:55:15.563+0000] {processor.py:840} INFO - DAG(s) 'tutorial' retrieved from /home/airflow/.local/lib/python3.8/site-packages/airflow/example_dags/tutorial.py
[2026-05-25T10:55:15.642+0000] {logging_mixin.py:188} INFO - [2026-05-25T10:55:15.641+0000] {dag.py:3036} INFO - Sync 1 DAGs
[2026-05-25T10:55:15.715+0000] {logging_mixin.py:188} INFO - [2026-05-25T10:55:15.712+0000] {dag.py:3823} INFO - Setting next_dagrun for tutorial to 2026-05-24 00:00:00+00:00, run_after=2026-05-25 00:00:00+00:00
[2026-05-25T10:55:15.992+0000] {processor.py:183} INFO - Processing /home/airflow/.local/lib/python3.8/site-packages/airflow/example_dags/tutorial.py took 0.611 seconds
[2026-05-25T10:57:50.196+0000] {processor.py:161} INFO - Started process (PID=2323) to work on /home/airflow/.local/lib/python3.8/site-packages/airflow/example_dags/tutorial.py
[2026-05-25T10:57:50.200+0000] {processor.py:830} INFO - Processing file /home/airflow/.local/lib/python3.8/site-packages/airflow/example_dags/tutorial.py for tasks to queue
[2026-05-25T10:57:50.202+0000] {logging_mixin.py:188} INFO - [2026-05-25T10:57:50.201+0000] {dagbag.py:538} INFO - Filling up the DagBag from /home/airflow/.local/lib/python3.8/site-packages/airflow/example_dags/tutorial.py
[2026-05-25T10:57:50.216+0000] {processor.py:840} INFO - DAG(s) 'tutorial' retrieved from /home/airflow/.local/lib/python3.8/site-packages/airflow/example_dags/tutorial.py
[2026-05-25T10:57:50.272+0000] {logging_mixin.py:188} INFO - [2026-05-25T10:57:50.272+0000] {dag.py:3036} INFO - Sync 1 DAGs
[2026-05-25T10:57:50.339+0000] {logging_mixin.py:188} INFO - [2026-05-25T10:57:50.338+0000] {dag.py:3823} INFO - Setting next_dagrun for tutorial to 2026-05-24 00:00:00+00:00, run_after=2026-05-25 00:00:00+00:00
[2026-05-25T10:57:50.547+0000] {processor.py:183} INFO - Processing /home/airflow/.local/lib/python3.8/site-packages/airflow/example_dags/tutorial.py took 0.359 seconds
[2026-05-25T11:01:34.392+0000] {processor.py:161} INFO - Started process (PID=2395) to work on /home/airflow/.local/lib/python3.8/site-packages/airflow/example_dags/tutorial.py
[2026-05-25T11:01:34.397+0000] {processor.py:830} INFO - Processing file /home/airflow/.local/lib/python3.8/site-packages/airflow/example_dags/tutorial.py for tasks to queue
[2026-05-25T11:01:34.409+0000] {logging_mixin.py:188} INFO - [2026-05-25T11:01:34.408+0000] {dagbag.py:538} INFO - Filling up the DagBag from /home/airflow/.local/lib/python3.8/site-packages/airflow/example_dags/tutorial.py
[2026-05-25T11:01:34.469+0000] {processor.py:840} INFO - DAG(s) 'tutorial' retrieved from /home/airflow/.local/lib/python3.8/site-packages/airflow/example_dags/tutorial.py
[2026-05-25T11:01:34.581+0000] {logging_mixin.py:188} INFO - [2026-05-25T11:01:34.581+0000] {dag.py:3036} INFO - Sync 1 DAGs
[2026-05-25T11:01:34.912+0000] {logging_mixin.py:188} INFO - [2026-05-25T11:01:34.912+0000] {dag.py:3823} INFO - Setting next_dagrun for tutorial to 2026-05-24 00:00:00+00:00, run_after=2026-05-25 00:00:00+00:00
[2026-05-25T11:01:35.232+0000] {processor.py:183} INFO - Processing /home/airflow/.local/lib/python3.8/site-packages/airflow/example_dags/tutorial.py took 0.861 seconds
[2026-05-25T11:16:12.258+0000] {processor.py:161} INFO - Started process (PID=92) to work on /home/airflow/.local/lib/python3.8/site-packages/airflow/example_dags/tutorial.py
[2026-05-25T11:16:12.272+0000] {processor.py:830} INFO - Processing file /home/airflow/.local/lib/python3.8/site-packages/airflow/example_dags/tutorial.py for tasks to queue
[2026-05-25T11:16:12.281+0000] {logging_mixin.py:188} INFO - [2026-05-25T11:16:12.279+0000] {dagbag.py:538} INFO - Filling up the DagBag from /home/airflow/.local/lib/python3.8/site-packages/airflow/example_dags/tutorial.py
[2026-05-25T11:16:12.332+0000] {processor.py:840} INFO - DAG(s) 'tutorial' retrieved from /home/airflow/.local/lib/python3.8/site-packages/airflow/example_dags/tutorial.py
[2026-05-25T11:16:12.615+0000] {logging_mixin.py:188} INFO - [2026-05-25T11:16:12.615+0000] {dag.py:3036} INFO - Sync 1 DAGs
[2026-05-25T11:16:12.663+0000] {logging_mixin.py:188} INFO - [2026-05-25T11:16:12.662+0000] {dag.py:3823} INFO - Setting next_dagrun for tutorial to 2026-05-24 00:00:00+00:00, run_after=2026-05-25 00:00:00+00:00
[2026-05-25T11:16:12.816+0000] {processor.py:183} INFO - Processing /home/airflow/.local/lib/python3.8/site-packages/airflow/example_dags/tutorial.py took 0.575 seconds
[2026-05-25T11:20:13.332+0000] {processor.py:161} INFO - Started process (PID=177) to work on /home/airflow/.local/lib/python3.8/site-packages/airflow/example_dags/tutorial.py
[2026-05-25T11:20:13.334+0000] {processor.py:830} INFO - Processing file /home/airflow/.local/lib/python3.8/site-packages/airflow/example_dags/tutorial.py for tasks to queue
[2026-05-25T11:20:13.339+0000] {logging_mixin.py:188} INFO - [2026-05-25T11:20:13.338+0000] {dagbag.py:538} INFO - Filling up the DagBag from /home/airflow/.local/lib/python3.8/site-packages/airflow/example_dags/tutorial.py
[2026-05-25T11:20:13.362+0000] {processor.py:840} INFO - DAG(s) 'tutorial' retrieved from /home/airflow/.local/lib/python3.8/site-packages/airflow/example_dags/tutorial.py
[2026-05-25T11:20:13.422+0000] {logging_mixin.py:188} INFO - [2026-05-25T11:20:13.421+0000] {dag.py:3036} INFO - Sync 1 DAGs
[2026-05-25T11:20:13.497+0000] {logging_mixin.py:188} INFO - [2026-05-25T11:20:13.497+0000] {dag.py:3823} INFO - Setting next_dagrun for tutorial to 2026-05-24 00:00:00+00:00, run_after=2026-05-25 00:00:00+00:00
[2026-05-25T11:20:13.876+0000] {processor.py:183} INFO - Processing /home/airflow/.local/lib/python3.8/site-packages/airflow/example_dags/tutorial.py took 0.554 seconds
[2026-05-25T11:24:22.192+0000] {processor.py:161} INFO - Started process (PID=253) to work on /home/airflow/.local/lib/python3.8/site-packages/airflow/example_dags/tutorial.py
[2026-05-25T11:24:22.503+0000] {processor.py:830} INFO - Processing file /home/airflow/.local/lib/python3.8/site-packages/airflow/example_dags/tutorial.py for tasks to queue
[2026-05-25T11:24:22.508+0000] {logging_mixin.py:188} INFO - [2026-05-25T11:24:22.506+0000] {dagbag.py:538} INFO - Filling up the DagBag from /home/airflow/.local/lib/python3.8/site-packages/airflow/example_dags/tutorial.py
[2026-05-25T11:24:22.564+0000] {processor.py:840} INFO - DAG(s) 'tutorial' retrieved from /home/airflow/.local/lib/python3.8/site-packages/airflow/example_dags/tutorial.py
[2026-05-25T11:24:22.651+0000] {logging_mixin.py:188} INFO - [2026-05-25T11:24:22.650+0000] {dag.py:3036} INFO - Sync 1 DAGs
[2026-05-25T11:24:22.746+0000] {logging_mixin.py:188} INFO - [2026-05-25T11:24:22.745+0000] {dag.py:3823} INFO - Setting next_dagrun for tutorial to 2026-05-24 00:00:00+00:00, run_after=2026-05-25 00:00:00+00:00
[2026-05-25T11:24:22.989+0000] {processor.py:183} INFO - Processing /home/airflow/.local/lib/python3.8/site-packages/airflow/example_dags/tutorial.py took 0.806 seconds
[2026-05-25T11:35:42.420+0000] {processor.py:161} INFO - Started process (PID=119) to work on /home/airflow/.local/lib/python3.8/site-packages/airflow/example_dags/tutorial.py
[2026-05-25T11:35:42.463+0000] {processor.py:830} INFO - Processing file /home/airflow/.local/lib/python3.8/site-packages/airflow/example_dags/tutorial.py for tasks to queue
[2026-05-25T11:35:42.465+0000] {logging_mixin.py:188} INFO - [2026-05-25T11:35:42.465+0000] {dagbag.py:538} INFO - Filling up the DagBag from /home/airflow/.local/lib/python3.8/site-packages/airflow/example_dags/tutorial.py
[2026-05-25T11:35:42.486+0000] {processor.py:840} INFO - DAG(s) 'tutorial' retrieved from /home/airflow/.local/lib/python3.8/site-packages/airflow/example_dags/tutorial.py
[2026-05-25T11:35:42.854+0000] {logging_mixin.py:188} INFO - [2026-05-25T11:35:42.854+0000] {dag.py:3036} INFO - Sync 1 DAGs
[2026-05-25T11:35:42.946+0000] {logging_mixin.py:188} INFO - [2026-05-25T11:35:42.945+0000] {dag.py:3823} INFO - Setting next_dagrun for tutorial to 2026-05-24 00:00:00+00:00, run_after=2026-05-25 00:00:00+00:00
[2026-05-25T11:35:43.278+0000] {processor.py:183} INFO - Processing /home/airflow/.local/lib/python3.8/site-packages/airflow/example_dags/tutorial.py took 0.870 seconds
[2026-05-25T11:39:52.534+0000] {processor.py:161} INFO - Started process (PID=195) to work on /home/airflow/.local/lib/python3.8/site-packages/airflow/example_dags/tutorial.py
[2026-05-25T11:39:52.537+0000] {processor.py:830} INFO - Processing file /home/airflow/.local/lib/python3.8/site-packages/airflow/example_dags/tutorial.py for tasks to queue
[2026-05-25T11:39:52.541+0000] {logging_mixin.py:188} INFO - [2026-05-25T11:39:52.540+0000] {dagbag.py:538} INFO - Filling up the DagBag from /home/airflow/.local/lib/python3.8/site-packages/airflow/example_dags/tutorial.py
[2026-05-25T11:39:52.563+0000] {processor.py:840} INFO - DAG(s) 'tutorial' retrieved from /home/airflow/.local/lib/python3.8/site-packages/airflow/example_dags/tutorial.py
[2026-05-25T11:39:52.638+0000] {logging_mixin.py:188} INFO - [2026-05-25T11:39:52.637+0000] {dag.py:3036} INFO - Sync 1 DAGs
[2026-05-25T11:39:52.711+0000] {logging_mixin.py:188} INFO - [2026-05-25T11:39:52.710+0000] {dag.py:3823} INFO - Setting next_dagrun for tutorial to 2026-05-24 00:00:00+00:00, run_after=2026-05-25 00:00:00+00:00
[2026-05-25T11:39:52.918+0000] {processor.py:183} INFO - Processing /home/airflow/.local/lib/python3.8/site-packages/airflow/example_dags/tutorial.py took 0.394 seconds
[2026-05-25T11:42:18.519+0000] {processor.py:161} INFO - Started process (PID=267) to work on /home/airflow/.local/lib/python3.8/site-packages/airflow/example_dags/tutorial.py
[2026-05-25T11:42:18.522+0000] {processor.py:830} INFO - Processing file /home/airflow/.local/lib/python3.8/site-packages/airflow/example_dags/tutorial.py for tasks to queue
[2026-05-25T11:42:18.526+0000] {logging_mixin.py:188} INFO - [2026-05-25T11:42:18.525+0000] {dagbag.py:538} INFO - Filling up the DagBag from /home/airflow/.local/lib/python3.8/site-packages/airflow/example_dags/tutorial.py
[2026-05-25T11:42:18.574+0000] {processor.py:840} INFO - DAG(s) 'tutorial' retrieved from /home/airflow/.local/lib/python3.8/site-packages/airflow/example_dags/tutorial.py
[2026-05-25T11:42:18.724+0000] {logging_mixin.py:188} INFO - [2026-05-25T11:42:18.724+0000] {dag.py:3036} INFO - Sync 1 DAGs
[2026-05-25T11:42:18.849+0000] {logging_mixin.py:188} INFO - [2026-05-25T11:42:18.848+0000] {dag.py:3823} INFO - Setting next_dagrun for tutorial to 2026-05-24 00:00:00+00:00, run_after=2026-05-25 00:00:00+00:00
[2026-05-25T11:42:19.025+0000] {processor.py:183} INFO - Processing /home/airflow/.local/lib/python3.8/site-packages/airflow/example_dags/tutorial.py took 0.524 seconds
[2026-05-25T11:45:16.644+0000] {processor.py:161} INFO - Started process (PID=342) to work on /home/airflow/.local/lib/python3.8/site-packages/airflow/example_dags/tutorial.py
[2026-05-25T11:45:16.653+0000] {processor.py:830} INFO - Processing file /home/airflow/.local/lib/python3.8/site-packages/airflow/example_dags/tutorial.py for tasks to queue
[2026-05-25T11:45:16.657+0000] {logging_mixin.py:188} INFO - [2026-05-25T11:45:16.656+0000] {dagbag.py:538} INFO - Filling up the DagBag from /home/airflow/.local/lib/python3.8/site-packages/airflow/example_dags/tutorial.py
[2026-05-25T11:45:16.705+0000] {processor.py:840} INFO - DAG(s) 'tutorial' retrieved from /home/airflow/.local/lib/python3.8/site-packages/airflow/example_dags/tutorial.py
[2026-05-25T11:45:16.869+0000] {logging_mixin.py:188} INFO - [2026-05-25T11:45:16.865+0000] {dag.py:3036} INFO - Sync 1 DAGs
[2026-05-25T11:45:16.989+0000] {logging_mixin.py:188} INFO - [2026-05-25T11:45:16.988+0000] {dag.py:3823} INFO - Setting next_dagrun for tutorial to 2026-05-24 00:00:00+00:00, run_after=2026-05-25 00:00:00+00:00
[2026-05-25T11:45:17.289+0000] {processor.py:183} INFO - Processing /home/airflow/.local/lib/python3.8/site-packages/airflow/example_dags/tutorial.py took 0.664 seconds
