[2026-05-25T09:30:07.264+0000] {taskinstance.py:1956} INFO - Dependencies all met for dep_context=non-requeueable deps ti=<TaskInstance: payroll_etl_scala_pipeline.run_scala_etl scheduled__2026-05-24T00:00:00+00:00 [queued]>
[2026-05-25T09:30:07.289+0000] {taskinstance.py:1956} INFO - Dependencies all met for dep_context=requeueable deps ti=<TaskInstance: payroll_etl_scala_pipeline.run_scala_etl scheduled__2026-05-24T00:00:00+00:00 [queued]>
[2026-05-25T09:30:07.290+0000] {taskinstance.py:2170} INFO - Starting attempt 2 of 2
[2026-05-25T09:30:07.627+0000] {taskinstance.py:2191} INFO - Executing <Task(DockerOperator): run_scala_etl> on 2026-05-24 00:00:00+00:00
[2026-05-25T09:30:07.640+0000] {standard_task_runner.py:60} INFO - Started process 182 to run task
[2026-05-25T09:30:07.647+0000] {standard_task_runner.py:87} INFO - Running: ['airflow', 'tasks', 'run', 'payroll_etl_scala_pipeline', 'run_scala_etl', 'scheduled__2026-05-24T00:00:00+00:00', '--job-id', '4', '--raw', '--subdir', 'DAGS_FOLDER/payroll_etl_dag.py', '--cfg-path', '/tmp/tmpjfivoz4q']
[2026-05-25T09:30:07.652+0000] {standard_task_runner.py:88} INFO - Job 4: Subtask run_scala_etl
[2026-05-25T09:30:08.241+0000] {task_command.py:423} INFO - Running <TaskInstance: payroll_etl_scala_pipeline.run_scala_etl scheduled__2026-05-24T00:00:00+00:00 [running]> on host 2a166f901844
[2026-05-25T09:30:08.435+0000] {taskinstance.py:2480} INFO - Exporting env vars: AIRFLOW_CTX_DAG_OWNER='data_engineering_team' AIRFLOW_CTX_DAG_ID='payroll_etl_scala_pipeline' AIRFLOW_CTX_TASK_ID='run_scala_etl' AIRFLOW_CTX_EXECUTION_DATE='2026-05-24T00:00:00+00:00' AIRFLOW_CTX_TRY_NUMBER='2' AIRFLOW_CTX_DAG_RUN_ID='scheduled__2026-05-24T00:00:00+00:00'
[2026-05-25T09:30:08.529+0000] {docker.py:359} INFO - Starting docker container from image payroll-etl
[2026-05-25T09:30:09.661+0000] {docker.py:429} INFO - ETL Pipeline failed with exception:
[2026-05-25T09:30:09.663+0000] {docker.py:429} INFO - java.lang.NoClassDefFoundError: org/apache/spark/sql/SparkSession$
[2026-05-25T09:30:09.666+0000] {docker.py:429} INFO - at com.payroll.main.PayrollETL$.main(PayrollETL.scala:74)
[2026-05-25T09:30:09.667+0000] {docker.py:429} INFO - at com.payroll.main.PayrollETL.main(PayrollETL.scala)
[2026-05-25T09:30:09.668+0000] {docker.py:429} INFO - 
[2026-05-25T09:30:09.670+0000] {docker.py:429} INFO - Caused by: java.lang.ClassNotFoundException: org.apache.spark.sql.SparkSession$
[2026-05-25T09:30:09.676+0000] {docker.py:429} INFO - at java.base/jdk.internal.loader.BuiltinClassLoader.loadClass(Unknown Source)
	at java.base/jdk.internal.loader.ClassLoaders$AppClassLoader.loadClass(Unknown Source)
	at java.base/java.lang.ClassLoader.loadClass(Unknown Source)
	... 2 more
Caused by:
java.lang.ClassNotFoundException: org.apache.spark.sql.SparkSession$
	at java.base/jdk.internal.loader.BuiltinClassLoader.loadClass(Unknown Source)
	at java.base/jdk.internal.loader.ClassLoaders$AppClassLoader.loadClass(Unknown Source)
	at java.base/java.lang.ClassLoader.loadClass(Unknown Source)
[2026-05-25T09:30:09.678+0000] {docker.py:429} INFO - at com.payroll.main.PayrollETL$.main(PayrollETL.scala:74)
[2026-05-25T09:30:09.680+0000] {docker.py:429} INFO - at com.payroll.main.PayrollETL.main(PayrollETL.scala)
[2026-05-25T09:30:09.682+0000] {docker.py:429} INFO - Exception in thread "main"
[2026-05-25T09:30:09.683+0000] {docker.py:429} INFO - java.lang.NoClassDefFoundError: org/apache/spark/sql/SparkSession$
[2026-05-25T09:30:09.685+0000] {docker.py:429} INFO - at com.payroll.main.PayrollETL$.main(PayrollETL.scala:74)
[2026-05-25T09:30:09.686+0000] {docker.py:429} INFO - at com.payroll.main.PayrollETL.main(PayrollETL.scala)
[2026-05-25T09:30:09.687+0000] {docker.py:429} INFO - Caused by: java.lang.ClassNotFoundException: org.apache.spark.sql.SparkSession$
	at java.base/jdk.internal.loader.BuiltinClassLoader.loadClass(Unknown Source)
[2026-05-25T09:30:09.688+0000] {docker.py:429} INFO - at java.base/jdk.internal.loader.ClassLoaders$AppClassLoader.loadClass(Unknown Source)
	at java.base/java.lang.ClassLoader.loadClass(Unknown Source)
	... 2 more
[2026-05-25T09:30:10.250+0000] {taskinstance.py:2698} ERROR - Task failed with exception
Traceback (most recent call last):
  File "/home/airflow/.local/lib/python3.8/site-packages/airflow/models/taskinstance.py", line 433, in _execute_task
    result = execute_callable(context=context, **execute_callable_kwargs)
  File "/home/airflow/.local/lib/python3.8/site-packages/airflow/providers/docker/operators/docker.py", line 502, in execute
    return self._run_image()
  File "/home/airflow/.local/lib/python3.8/site-packages/airflow/providers/docker/operators/docker.py", line 376, in _run_image
    return self._run_image_with_mounts(self.mounts, add_tmp_variable=False)
  File "/home/airflow/.local/lib/python3.8/site-packages/airflow/providers/docker/operators/docker.py", line 437, in _run_image_with_mounts
    raise DockerContainerFailedException(f"Docker container failed: {result!r}", logs=log_lines)
airflow.providers.docker.exceptions.DockerContainerFailedException: Docker container failed: {'StatusCode': 1}
[2026-05-25T09:30:10.267+0000] {taskinstance.py:1138} INFO - Marking task as FAILED. dag_id=payroll_etl_scala_pipeline, task_id=run_scala_etl, execution_date=20260524T000000, start_date=20260525T093007, end_date=20260525T093010
[2026-05-25T09:30:10.434+0000] {standard_task_runner.py:107} ERROR - Failed to execute job 4 for task run_scala_etl (Docker container failed: {'StatusCode': 1}; 182)
[2026-05-25T09:30:10.483+0000] {local_task_job_runner.py:234} INFO - Task exited with return code 1
[2026-05-25T09:30:10.603+0000] {taskinstance.py:3280} INFO - 0 downstream tasks scheduled from follow-on schedule check
[2026-05-25T12:23:40.814+0000] {taskinstance.py:1956} INFO - Dependencies all met for dep_context=non-requeueable deps ti=<TaskInstance: payroll_etl_scala_pipeline.run_scala_etl scheduled__2026-05-24T00:00:00+00:00 [queued]>
[2026-05-25T12:23:40.908+0000] {taskinstance.py:1956} INFO - Dependencies all met for dep_context=requeueable deps ti=<TaskInstance: payroll_etl_scala_pipeline.run_scala_etl scheduled__2026-05-24T00:00:00+00:00 [queued]>
[2026-05-25T12:23:40.910+0000] {taskinstance.py:2170} INFO - Starting attempt 2 of 2
[2026-05-25T12:23:41.106+0000] {taskinstance.py:2191} INFO - Executing <Task(DockerOperator): run_scala_etl> on 2026-05-24 00:00:00+00:00
[2026-05-25T12:23:41.119+0000] {standard_task_runner.py:60} INFO - Started process 210 to run task
[2026-05-25T12:23:41.130+0000] {standard_task_runner.py:87} INFO - Running: ['airflow', 'tasks', 'run', 'payroll_etl_scala_pipeline', 'run_scala_etl', 'scheduled__2026-05-24T00:00:00+00:00', '--job-id', '29', '--raw', '--subdir', 'DAGS_FOLDER/payroll_etl_dag.py', '--cfg-path', '/tmp/tmp_3du34eo']
[2026-05-25T12:23:41.138+0000] {standard_task_runner.py:88} INFO - Job 29: Subtask run_scala_etl
[2026-05-25T12:23:41.484+0000] {task_command.py:423} INFO - Running <TaskInstance: payroll_etl_scala_pipeline.run_scala_etl scheduled__2026-05-24T00:00:00+00:00 [running]> on host b6d873eaa11f
[2026-05-25T12:23:42.512+0000] {taskinstance.py:2480} INFO - Exporting env vars: AIRFLOW_CTX_DAG_OWNER='data_engineering_team' AIRFLOW_CTX_DAG_ID='payroll_etl_scala_pipeline' AIRFLOW_CTX_TASK_ID='run_scala_etl' AIRFLOW_CTX_EXECUTION_DATE='2026-05-24T00:00:00+00:00' AIRFLOW_CTX_TRY_NUMBER='2' AIRFLOW_CTX_DAG_RUN_ID='scheduled__2026-05-24T00:00:00+00:00'
[2026-05-25T12:23:42.821+0000] {docker.py:359} INFO - Starting docker container from image payroll-etl
[2026-05-25T12:23:46.644+0000] {docker.py:429} INFO - ERROR StatusLogger Log4j2 could not find a logging implementation. Please add log4j-core to the classpath. Using SimpleLogger to log to the console...
[2026-05-25T12:23:47.093+0000] {docker.py:429} INFO - ETL Pipeline failed with exception:
[2026-05-25T12:23:47.095+0000] {docker.py:429} INFO - java.lang.ClassCastException: class org.apache.logging.log4j.simple.SimpleLogger cannot be cast to class org.apache.logging.log4j.core.Logger (org.apache.logging.log4j.simple.SimpleLogger and org.apache.logging.log4j.core.Logger are in unnamed module of loader 'app')
[2026-05-25T12:23:47.100+0000] {docker.py:429} INFO - 
[2026-05-25T12:23:47.102+0000] {docker.py:429} INFO - at org.apache.spark.internal.Logging.initializeLogging(Logging.scala:130)
	at org.apache.spark.internal.Logging.initializeLogIfNecessary(Logging.scala:115)
	at org.apache.spark.internal.Logging.initializeLogIfNecessary$(Logging.scala:109)
	at org.apache.spark.SparkContext.initializeLogIfNecessary(SparkContext.scala:84)
	at org.apache.spark.internal.Logging.initializeLogIfNecessary(Logging.scala:106)
	at org.apache.spark.internal.Logging.initializeLogIfNecessary$(Logging.scala:105)
[2026-05-25T12:23:47.104+0000] {docker.py:429} INFO - at org.apache.spark.SparkContext.initializeLogIfNecessary(SparkContext.scala:84)
[2026-05-25T12:23:47.105+0000] {docker.py:429} INFO - 
[2026-05-25T12:23:47.106+0000] {docker.py:429} INFO - at org.apache.spark.internal.Logging.log(Logging.scala:53)
	at org.apache.spark.internal.Logging.log$(Logging.scala:51)
	at org.apache.spark.SparkContext.log(SparkContext.scala:84)
	at org.apache.spark.internal.Logging.logInfo(Logging.scala:61)
	at org.apache.spark.internal.Logging.logInfo$(Logging.scala:60)
	at org.apache.spark.SparkContext.logInfo(SparkContext.scala:84)
	at org.apache.spark.SparkContext.<init>(SparkContext.scala:195)
	at org.apache.spark.SparkContext$.getOrCreate(SparkContext.scala:2714)
	at org.apache.spark.sql.SparkSession$Builder.$anonfun$getOrCreate$2(SparkSession.scala:953)
	at scala.Option.getOrElse(Option.scala:189)
	at org.apache.spark.sql.SparkSession$Builder.getOrCreate(SparkSession.scala:947)
	at com.payroll.main.PayrollETL$.main(PayrollETL.scala:76)
	at com.payroll.main.PayrollETL.main(PayrollETL.scala)
Exception in thread "main" java.lang.ClassCastException: class org.apache.logging.log4j.simple.SimpleLogger cannot be cast to class org.apache.logging.log4j.core.Logger (org.apache.logging.log4j.simple.SimpleLogger and org.apache.logging.log4j.core.Logger are in unnamed module of loader 'app')
	at org.apache.spark.internal.Logging.initializeLogging(Logging.scala:130)
	at org.apache.spark.internal.Logging.initializeLogIfNecessary(Logging.scala:115)
	at org.apache.spark.internal.Logging.initializeLogIfNecessary$(Logging.scala:109)
	at org.apache.spark.SparkContext.initializeLogIfNecessary(SparkContext.scala:84)
	at org.apache.spark.internal.Logging.initializeLogIfNecessary(Logging.scala:106)
	at org.apache.spark.internal.Logging.initializeLogIfNecessary$(Logging.scala:105)
	at org.apache.spark.SparkContext.initializeLogIfNecessary(SparkContext.scala:84)
	at org.apache.spark.internal.Logging.log(Logging.scala:53)
	at org.apache.spark.internal.Logging.log$(Logging.scala:51)
	at org.apache.spark.SparkContext.log(SparkContext.scala:84)
	at org.apache.spark.internal.Logging.logInfo(Logging.scala:61)
	at org.apache.spark.internal.Logging.logInfo$(Logging.scala:60)
	at org.apache.spark.SparkContext.logInfo(SparkContext.scala:84)
[2026-05-25T12:23:47.108+0000] {docker.py:429} INFO - at org.apache.spark.SparkContext.<init>(SparkContext.scala:195)
	at org.apache.spark.SparkContext$.getOrCreate(SparkContext.scala:2714)
	at org.apache.spark.sql.SparkSession$Builder.$anonfun$getOrCreate$2(SparkSession.scala:953)
	at scala.Option.getOrElse(Option.scala:189)
	at org.apache.spark.sql.SparkSession$Builder.getOrCreate(SparkSession.scala:947)
	at com.payroll.main.PayrollETL$.main(PayrollETL.scala:76)
	at com.payroll.main.PayrollETL.main(PayrollETL.scala)
[2026-05-25T12:23:48.459+0000] {taskinstance.py:2698} ERROR - Task failed with exception
Traceback (most recent call last):
  File "/home/airflow/.local/lib/python3.8/site-packages/airflow/models/taskinstance.py", line 433, in _execute_task
    result = execute_callable(context=context, **execute_callable_kwargs)
  File "/home/airflow/.local/lib/python3.8/site-packages/airflow/providers/docker/operators/docker.py", line 502, in execute
    return self._run_image()
  File "/home/airflow/.local/lib/python3.8/site-packages/airflow/providers/docker/operators/docker.py", line 376, in _run_image
    return self._run_image_with_mounts(self.mounts, add_tmp_variable=False)
  File "/home/airflow/.local/lib/python3.8/site-packages/airflow/providers/docker/operators/docker.py", line 437, in _run_image_with_mounts
    raise DockerContainerFailedException(f"Docker container failed: {result!r}", logs=log_lines)
airflow.providers.docker.exceptions.DockerContainerFailedException: Docker container failed: {'StatusCode': 1}
[2026-05-25T12:23:48.487+0000] {taskinstance.py:1138} INFO - Marking task as FAILED. dag_id=payroll_etl_scala_pipeline, task_id=run_scala_etl, execution_date=20260524T000000, start_date=20260525T122340, end_date=20260525T122348
[2026-05-25T12:23:48.827+0000] {standard_task_runner.py:107} ERROR - Failed to execute job 29 for task run_scala_etl (Docker container failed: {'StatusCode': 1}; 210)
[2026-05-25T12:23:48.858+0000] {local_task_job_runner.py:234} INFO - Task exited with return code 1
[2026-05-25T12:23:48.930+0000] {taskinstance.py:3280} INFO - 0 downstream tasks scheduled from follow-on schedule check
